<?xml version="1.0" encoding="UTF-8"?>
<testsuites name="TS_Departments_CustomFieldSettings" time="71.394" tests="7" failures="1" errors="0">
   <testsuite name="TS_Departments_CustomFieldSettings" tests="7" failures="1" errors="0" time="71.394" skipped="0" timestamp="2025-07-18T18:39:56.298Z" hostname="AI-PC-001 - AI-PC-001.lan" id="Test Suites/Departments/TS_Departments_CustomFieldSettings">
      <properties>
         <property name="deviceName" value=""/>
         <property name="devicePlatform"/>
         <property name="logFolder" value="C:\\Katalon_Testing\\Testing\\Reports\\20250719_000952\\Departments\\TS_Departments_CustomFieldSettings\\20250719_000953"/>
         <property name="logFiles" value="C:\\Katalon_Testing\\Testing\\Reports\\20250719_000952\\Departments\\TS_Departments_CustomFieldSettings\\20250719_000953\\console0.log, C:\\Katalon_Testing\\Testing\\Reports\\20250719_000952\\Departments\\TS_Departments_CustomFieldSettings\\20250719_000953\\execution0.log"/>
         <property name="attachments" value="C:\\Katalon_Testing\\Testing\\Reports\\20250719_000952\\Departments\\TS_Departments_CustomFieldSettings\\20250719_000953\\1752864065832.png, C:\\Katalon_Testing\\Testing\\Reports\\20250719_000952\\Departments\\TS_Departments_CustomFieldSettings\\20250719_000953\\1752864066389.png, C:\\Katalon_Testing\\Testing\\Reports\\20250719_000952\\Departments\\TS_Departments_CustomFieldSettings\\20250719_000953\\1752864066904.png, C:\\Katalon_Testing\\Testing\\Reports\\20250719_000952\\Departments\\TS_Departments_CustomFieldSettings\\20250719_000953\\1752864067464.png"/>
         <property name="hostName" value="AI-PC-001 - AI-PC-001.lan"/>
         <property name="os" value="Windows 11 64bit"/>
         <property name="katalonVersion" value="10.2.3.0"/>
         <property name="browser" value="Chrome 138.0.7204.101"/>
         <property name="userFullName" value="Ayushi Kalia"/>
         <property name="hostAddress" value="192.168.31.113"/>
         <property name="sessionId" value="1e2d56a0bb1658eefb88cae2ef74dce3"/>
         <property name="projectName" value="Testing"/>
         <property name="seleniumVersion" value="4.28.1"/>
         <property name="proxyInformation" value="ProxyInformation { proxyOption=NO_PROXY, proxyServerType=HTTP, username=, password=********, proxyServerAddress=, proxyServerPort=0, executionList=&quot;&quot;, isApplyToDesiredCapabilities=true }"/>
         <property name="platform" value="Windows 11"/>
      </properties>
      <testcase name="Test Cases/Departments/TC01_SH_LoginAndNavigate" time="46.09" classname="Test Cases/Departments/TC01_SH_LoginAndNavigate" status="PASSED">
         <system-out><![CDATA[19-07-2025T00:09:56 - [TEST_CASE][PASSED] - Test Cases/Departments/TC01_SH_LoginAndNavigate: Test Cases/Departments/TC01_SH_LoginAndNavigate

19-07-2025T00:09:57 - [TEST_STEP][PASSED] - callTestCase(findTestCase("Shared/Login"), [:], STOP_ON_FAILURE): Call Test Case 'Test Cases/Shared/Login' successfully

19-07-2025T00:09:57 - [TEST_CASE][PASSED] - Test Cases/Shared/Login: Test Cases/Shared/Login

19-07-2025T00:09:57 - [TEST_STEP][PASSED] - openBrowser(""): Browser is opened with url: ''

19-07-2025T00:09:57 - [MESSAGE][INFO] - Starting 'Chrome' driver

19-07-2025T00:09:57 - [MESSAGE][INFO] - Action delay is set to 0 milliseconds

19-07-2025T00:09:59 - [MESSAGE][PASSED] - Browser is opened with url: ''

19-07-2025T00:09:59 - [TEST_STEP][PASSED] - navigateToUrl(G_SiteURL): Navigate to 'https://sit.ibexpayroll.com:8443/edge8/identityserver/Account/Login' successfully

19-07-2025T00:10:05 - [MESSAGE][PASSED] - Navigate to 'https://sit.ibexpayroll.com:8443/edge8/identityserver/Account/Login' successfully

19-07-2025T00:10:05 - [TEST_STEP][PASSED] - maximizeWindow(): Current window maximized

19-07-2025T00:10:05 - [MESSAGE][PASSED] - Current window maximized

19-07-2025T00:10:05 - [TEST_STEP][PASSED] - setText(findTestObject("Object Repository/Shared/Page_IBEX Payroll - Login/Page_IBEX Payroll - Login/input_Username_Input.Username"), "uat.dstewart"): Text 'uat.dstewart' is set on object 'Object Repository/Shared/Page_IBEX Payroll - Login/Page_IBEX Payroll - Login/input_Username_Input.Username'

19-07-2025T00:10:05 - [MESSAGE][PASSED] - Text 'uat.dstewart' is set on object 'Object Repository/Shared/Page_IBEX Payroll - Login/Page_IBEX Payroll - Login/input_Username_Input.Username'

19-07-2025T00:10:05 - [TEST_STEP][PASSED] - setEncryptedText(findTestObject("Shared/Page_IBEX Payroll - Login/Page_IBEX Payroll - Login/input_Show Password_Input.Password"), "p4y+y39Ir5Oy1MY8jPt0uQ=="): Text ****** has been set on object 'Object Repository/Shared/Page_IBEX Payroll - Login/Page_IBEX Payroll - Login/input_Show Password_Input.Password'

19-07-2025T00:10:06 - [MESSAGE][PASSED] - Text ****** has been set on object 'Object Repository/Shared/Page_IBEX Payroll - Login/Page_IBEX Payroll - Login/input_Show Password_Input.Password'

19-07-2025T00:10:06 - [TEST_STEP][PASSED] - click(findTestObject("Object Repository/Shared/Page_IBEX Payroll - Login/Page_IBEX Payroll - Login/input_Remember me_Input.Button")): Object: 'Object Repository/Shared/Page_IBEX Payroll - Login/Page_IBEX Payroll - Login/input_Remember me_Input.Button' is clicked on

19-07-2025T00:10:12 - [MESSAGE][PASSED] - Object: 'Object Repository/Shared/Page_IBEX Payroll - Login/Page_IBEX Payroll - Login/input_Remember me_Input.Button' is clicked on

19-07-2025T00:10:12 - [MESSAGE][PASSED] - Call Test Case 'Test Cases/Shared/Login' successfully

19-07-2025T00:10:12 - [TEST_STEP][PASSED] - callTestCase(findTestCase("Shared/Navigate(Switch Org)"), [:], STOP_ON_FAILURE): Call Test Case 'Test Cases/Shared/Navigate(Switch Org)' successfully

19-07-2025T00:10:12 - [TEST_CASE][PASSED] - Test Cases/Shared/Navigate(Switch Org): Test Cases/Shared/Navigate(Switch Org)

19-07-2025T00:10:12 - [TEST_STEP][PASSED] - click(findTestObject("Object Repository/Shared/Switch_Org/Page_IBEX Payroll - Home/a_swap_horiz Switch SetupSimpleDialog(orgCo_55ee7d")): Object: 'Object Repository/Shared/Switch_Org/Page_IBEX Payroll - Home/a_swap_horiz Switch SetupSimpleDialog(orgCo_55ee7d' is clicked on

19-07-2025T00:10:12 - [MESSAGE][PASSED] - Object: 'Object Repository/Shared/Switch_Org/Page_IBEX Payroll - Home/a_swap_horiz Switch SetupSimpleDialog(orgCo_55ee7d' is clicked on

19-07-2025T00:10:12 - [TEST_STEP][PASSED] - delay(30): Delayed 30 second(s)

19-07-2025T00:10:42 - [MESSAGE][PASSED] - Delayed 30 second(s)

19-07-2025T00:10:42 - [MESSAGE][PASSED] - Call Test Case 'Test Cases/Shared/Navigate(Switch Org)' successfully]]></system-out>
         <system-err><![CDATA[]]></system-err>
      </testcase>
      <testcase name="Test Cases/Departments/TC02_VerifyManageDepartmentFields" time="7.423" classname="Test Cases/Departments/TC02_VerifyManageDepartmentFields" status="PASSED">
         <system-out><![CDATA[19-07-2025T00:10:42 - [TEST_CASE][PASSED] - Test Cases/Departments/TC02_VerifyManageDepartmentFields: Test Cases/Departments/TC02_VerifyManageDepartmentFields

19-07-2025T00:10:42 - [TEST_STEP][PASSED] - click(findTestObject("Object Repository/Departments/TC02_VerifyManageDepartmentFields/Page_IBEX Payroll - Home/div_Darryl Stewart                         _d15389")): Object: 'Object Repository/Departments/TC02_VerifyManageDepartmentFields/Page_IBEX Payroll - Home/div_Darryl Stewart                         _d15389' is clicked on

19-07-2025T00:10:43 - [MESSAGE][PASSED] - Object: 'Object Repository/Departments/TC02_VerifyManageDepartmentFields/Page_IBEX Payroll - Home/div_Darryl Stewart                         _d15389' is clicked on

19-07-2025T00:10:43 - [TEST_STEP][PASSED] - click(findTestObject("Object Repository/Departments/TC02_VerifyManageDepartmentFields/Page_IBEX Payroll - Home/a_business Organization Details")): Object: 'Object Repository/Departments/TC02_VerifyManageDepartmentFields/Page_IBEX Payroll - Home/a_business Organization Details' is clicked on

19-07-2025T00:10:44 - [MESSAGE][PASSED] - Object: 'Object Repository/Departments/TC02_VerifyManageDepartmentFields/Page_IBEX Payroll - Home/a_business Organization Details' is clicked on

19-07-2025T00:10:44 - [TEST_STEP][PASSED] - click(findTestObject("Object Repository/Departments/TC02_VerifyManageDepartmentFields/Page_IBEX Payroll - Organization Detail/a_Payroll Departments")): Object: 'Object Repository/Departments/TC02_VerifyManageDepartmentFields/Page_IBEX Payroll - Organization Detail/a_Payroll Departments' is clicked on

19-07-2025T00:10:46 - [MESSAGE][PASSED] - Object: 'Object Repository/Departments/TC02_VerifyManageDepartmentFields/Page_IBEX Payroll - Organization Detail/a_Payroll Departments' is clicked on

19-07-2025T00:10:46 - [TEST_STEP][PASSED] - click(findTestObject("Object Repository/Departments/TC02_VerifyManageDepartmentFields/Page_IBEX Payroll - Organization Payroll De_204c37/a_Manage Department Fields")): Object: 'Object Repository/Departments/TC02_VerifyManageDepartmentFields/Page_IBEX Payroll - Organization Payroll De_204c37/a_Manage Department Fields' is clicked on

19-07-2025T00:10:50 - [MESSAGE][PASSED] - Object: 'Object Repository/Departments/TC02_VerifyManageDepartmentFields/Page_IBEX Payroll - Organization Payroll De_204c37/a_Manage Department Fields' is clicked on]]></system-out>
         <system-err><![CDATA[]]></system-err>
      </testcase>
      <testcase name="Test Cases/Departments/TC03_VerifyCustomFieldOptions" time="8.872" classname="Test Cases/Departments/TC03_VerifyCustomFieldOptions" status="PASSED">
         <system-out><![CDATA[19-07-2025T00:10:50 - [TEST_CASE][PASSED] - Test Cases/Departments/TC03_VerifyCustomFieldOptions: Test Cases/Departments/TC03_VerifyCustomFieldOptions

19-07-2025T00:10:50 - [TEST_STEP][PASSED] - findWebElement(findTestObject("Object Repository/Departments/TC03_VerifyCustomFieldOotions/Page_IBEX Payroll - Manage Department Field/label_Custom Department Field 1")): Found web element by test object Object Repository/Departments/TC03_VerifyCustomFieldOotions/Page_IBEX Payroll - Manage Department Field/label_Custom Department Field 1

19-07-2025T00:10:53 - [MESSAGE][PASSED] - Found web element by test object Object Repository/Departments/TC03_VerifyCustomFieldOotions/Page_IBEX Payroll - Manage Department Field/label_Custom Department Field 1

19-07-2025T00:10:53 - [TEST_STEP][PASSED] - findWebElement(findTestObject("Object Repository/Departments/TC03_VerifyCustomFieldOotions/Page_IBEX Payroll - Manage Department Field/label_Custom Department Field 2")): Found web element by test object Object Repository/Departments/TC03_VerifyCustomFieldOotions/Page_IBEX Payroll - Manage Department Field/label_Custom Department Field 2

19-07-2025T00:10:59 - [MESSAGE][PASSED] - Found web element by test object Object Repository/Departments/TC03_VerifyCustomFieldOotions/Page_IBEX Payroll - Manage Department Field/label_Custom Department Field 2]]></system-out>
         <system-err><![CDATA[]]></system-err>
      </testcase>
      <testcase name="Test Cases/Departments/TC04_CheckboxBehavior" time="1.442" classname="Test Cases/Departments/TC04_CheckboxBehavior" status="PASSED">
         <system-out><![CDATA[19-07-2025T00:10:59 - [TEST_CASE][PASSED] - Test Cases/Departments/TC04_CheckboxBehavior: Test Cases/Departments/TC04_CheckboxBehavior

19-07-2025T00:10:59 - [TEST_STEP][PASSED] - click(findTestObject("Object Repository/Departments/TC04_CheckboxBehavior/Page_IBEX Payroll - Manage Department Field/input_Custom Department Field Settings_fiel_da0194")): Object: 'Object Repository/Departments/TC04_CheckboxBehavior/Page_IBEX Payroll - Manage Department Field/input_Custom Department Field Settings_fiel_da0194' is clicked on

19-07-2025T00:10:59 - [MESSAGE][PASSED] - Object: 'Object Repository/Departments/TC04_CheckboxBehavior/Page_IBEX Payroll - Manage Department Field/input_Custom Department Field Settings_fiel_da0194' is clicked on

19-07-2025T00:10:59 - [TEST_STEP][PASSED] - verifyElementChecked(findTestObject("Object Repository/Departments/TC04_CheckboxBehavior/Page_IBEX Payroll - Manage Department Field/input_Custom Department Field Settings_fiel_da0194"), 0): Object 'Object Repository/Departments/TC04_CheckboxBehavior/Page_IBEX Payroll - Manage Department Field/input_Custom Department Field Settings_fiel_da0194' is checked

19-07-2025T00:10:59 - [MESSAGE][WARNING] - Timeout '0' is invalid. Using default page load timeout: '30'

19-07-2025T00:10:59 - [MESSAGE][PASSED] - Object 'Object Repository/Departments/TC04_CheckboxBehavior/Page_IBEX Payroll - Manage Department Field/input_Custom Department Field Settings_fiel_da0194' is checked

19-07-2025T00:10:59 - [TEST_STEP][PASSED] - click(findTestObject("Object Repository/Departments/TC04_CheckboxBehavior/Page_IBEX Payroll - Manage Department Field/input_Custom Department Field 1_field02Enabled")): Object: 'Object Repository/Departments/TC04_CheckboxBehavior/Page_IBEX Payroll - Manage Department Field/input_Custom Department Field 1_field02Enabled' is clicked on

19-07-2025T00:11:00 - [MESSAGE][PASSED] - Object: 'Object Repository/Departments/TC04_CheckboxBehavior/Page_IBEX Payroll - Manage Department Field/input_Custom Department Field 1_field02Enabled' is clicked on

19-07-2025T00:11:00 - [TEST_STEP][PASSED] - verifyElementChecked(findTestObject("Object Repository/Departments/TC04_CheckboxBehavior/Page_IBEX Payroll - Manage Department Field/input_Custom Department Field 1_field02Enabled"), 0): Object 'Object Repository/Departments/TC04_CheckboxBehavior/Page_IBEX Payroll - Manage Department Field/input_Custom Department Field 1_field02Enabled' is checked

19-07-2025T00:11:00 - [MESSAGE][WARNING] - Timeout '0' is invalid. Using default page load timeout: '30'

19-07-2025T00:11:00 - [MESSAGE][PASSED] - Object 'Object Repository/Departments/TC04_CheckboxBehavior/Page_IBEX Payroll - Manage Department Field/input_Custom Department Field 1_field02Enabled' is checked

19-07-2025T00:11:00 - [TEST_STEP][PASSED] - verifyElementClickable(findTestObject("Object Repository/Departments/TC04_CheckboxBehavior/Page_IBEX Payroll - Manage Department Field/input_Custom Department Field 1_field01Value")): Object 'Object Repository/Departments/TC04_CheckboxBehavior/Page_IBEX Payroll - Manage Department Field/input_Custom Department Field 1_field01Value' is clickable

19-07-2025T00:11:00 - [MESSAGE][PASSED] - Object 'Object Repository/Departments/TC04_CheckboxBehavior/Page_IBEX Payroll - Manage Department Field/input_Custom Department Field 1_field01Value' is clickable]]></system-out>
         <system-err><![CDATA[]]></system-err>
      </testcase>
      <testcase name="Test Cases/Departments/TC05_Validation_Fields_Empty" time="2.189" classname="Test Cases/Departments/TC05_Validation_Fields_Empty" status="PASSED">
         <system-out><![CDATA[19-07-2025T00:11:00 - [TEST_CASE][PASSED] - Test Cases/Departments/TC05_Validation_Fields_Empty: Test Cases/Departments/TC05_Validation_Fields_Empty

19-07-2025T00:11:00 - [TEST_STEP][PASSED] - setText(findTestObject("Object Repository/Departments/TC06_Validation_Fields_ExceedsLimit/Page_IBEX Payroll - Manage Department Field/input_Custom Department Field 1_field01Value"), ""): Text '' is set on object 'Object Repository/Departments/TC06_Validation_Fields_ExceedsLimit/Page_IBEX Payroll - Manage Department Field/input_Custom Department Field 1_field01Value'

19-07-2025T00:11:01 - [MESSAGE][PASSED] - Text '' is set on object 'Object Repository/Departments/TC06_Validation_Fields_ExceedsLimit/Page_IBEX Payroll - Manage Department Field/input_Custom Department Field 1_field01Value'

19-07-2025T00:11:01 - [TEST_STEP][PASSED] - setText(findTestObject("Object Repository/Departments/TC06_Validation_Fields_ExceedsLimit/Page_IBEX Payroll - Manage Department Field/input_Custom Department Field 2_field02Value"), ""): Text '' is set on object 'Object Repository/Departments/TC06_Validation_Fields_ExceedsLimit/Page_IBEX Payroll - Manage Department Field/input_Custom Department Field 2_field02Value'

19-07-2025T00:11:01 - [MESSAGE][PASSED] - Text '' is set on object 'Object Repository/Departments/TC06_Validation_Fields_ExceedsLimit/Page_IBEX Payroll - Manage Department Field/input_Custom Department Field 2_field02Value'

19-07-2025T00:11:01 - [TEST_STEP][PASSED] - click(findTestObject("Object Repository/Departments/TC06_Validation_Fields_ExceedsLimit/Page_IBEX Payroll - Manage Department Field/button_Save")): Object: 'Object Repository/Departments/TC06_Validation_Fields_ExceedsLimit/Page_IBEX Payroll - Manage Department Field/button_Save' is clicked on

19-07-2025T00:11:02 - [MESSAGE][PASSED] - Object: 'Object Repository/Departments/TC06_Validation_Fields_ExceedsLimit/Page_IBEX Payroll - Manage Department Field/button_Save' is clicked on

19-07-2025T00:11:02 - [TEST_STEP][PASSED] - verifyTextPresent(G_validation_Field1_Empty, false): Text 'Custom Department Field #1 is required when enabled.' is present on page 

19-07-2025T00:11:02 - [MESSAGE][PASSED] - Text 'Custom Department Field #1 is required when enabled.' is present on page 

19-07-2025T00:11:02 - [TEST_STEP][PASSED] - verifyTextPresent(G_validation_Field2_Empty, false): Text 'Custom Department Field #2 is required when enabled.' is present on page 

19-07-2025T00:11:02 - [MESSAGE][PASSED] - Text 'Custom Department Field #2 is required when enabled.' is present on page]]></system-out>
         <system-err><![CDATA[]]></system-err>
      </testcase>
      <testcase name="Test Cases/Departments/TC06_Validation_Fields_ExceedsLimit" time="2.6" classname="Test Cases/Departments/TC06_Validation_Fields_ExceedsLimit" status="PASSED">
         <system-out><![CDATA[19-07-2025T00:11:02 - [TEST_CASE][PASSED] - Test Cases/Departments/TC06_Validation_Fields_ExceedsLimit: Test Cases/Departments/TC06_Validation_Fields_ExceedsLimit

19-07-2025T00:11:02 - [TEST_STEP][PASSED] - setText(findTestObject("Object Repository/Departments/TC05_Validation_Fields_Empty/Page_IBEX Payroll - Manage Department Field/input_Custom Department Field 1_field01Value"), G_LongTextInput): Text 'ABCDEFGHIJKLMNOPQRSTUVWXYZabcdefghijklmnopqrstuvwxyz1234567890ABCDEFGHIJKLMNOPQRSTUVWXYZabcdefghijklmnopqrstuvwxyz
' is set on object 'Object Repository/Departments/TC05_Validation_Fields_Empty/Page_IBEX Payroll - Manage Department Field/input_Custom Department Field 1_field01Value'

19-07-2025T00:11:03 - [MESSAGE][PASSED] - Text 'ABCDEFGHIJKLMNOPQRSTUVWXYZabcdefghijklmnopqrstuvwxyz1234567890ABCDEFGHIJKLMNOPQRSTUVWXYZabcdefghijklmnopqrstuvwxyz
' is set on object 'Object Repository/Departments/TC05_Validation_Fields_Empty/Page_IBEX Payroll - Manage Department Field/input_Custom Department Field 1_field01Value'

19-07-2025T00:11:03 - [TEST_STEP][PASSED] - setText(findTestObject("Object Repository/Departments/TC05_Validation_Fields_Empty/Page_IBEX Payroll - Manage Department Field/input_Custom Department Field 2_field02Value"), G_LongTextInput): Text 'ABCDEFGHIJKLMNOPQRSTUVWXYZabcdefghijklmnopqrstuvwxyz1234567890ABCDEFGHIJKLMNOPQRSTUVWXYZabcdefghijklmnopqrstuvwxyz
' is set on object 'Object Repository/Departments/TC05_Validation_Fields_Empty/Page_IBEX Payroll - Manage Department Field/input_Custom Department Field 2_field02Value'

19-07-2025T00:11:04 - [MESSAGE][PASSED] - Text 'ABCDEFGHIJKLMNOPQRSTUVWXYZabcdefghijklmnopqrstuvwxyz1234567890ABCDEFGHIJKLMNOPQRSTUVWXYZabcdefghijklmnopqrstuvwxyz
' is set on object 'Object Repository/Departments/TC05_Validation_Fields_Empty/Page_IBEX Payroll - Manage Department Field/input_Custom Department Field 2_field02Value'

19-07-2025T00:11:04 - [TEST_STEP][PASSED] - click(findTestObject("Object Repository/Departments/TC05_Validation_Fields_Empty/Page_IBEX Payroll - Manage Department Field/button_Save")): Object: 'Object Repository/Departments/TC05_Validation_Fields_Empty/Page_IBEX Payroll - Manage Department Field/button_Save' is clicked on

19-07-2025T00:11:04 - [MESSAGE][PASSED] - Object: 'Object Repository/Departments/TC05_Validation_Fields_Empty/Page_IBEX Payroll - Manage Department Field/button_Save' is clicked on

19-07-2025T00:11:04 - [TEST_STEP][PASSED] - verifyTextPresent(G_Validation_Field1_ExceedsLimit, false): Text 'Custom Department Field #1 must be 100 characters or fewer.' is present on page 

19-07-2025T00:11:05 - [MESSAGE][PASSED] - Text 'Custom Department Field #1 must be 100 characters or fewer.' is present on page 

19-07-2025T00:11:05 - [TEST_STEP][PASSED] - verifyTextPresent(G_Validation_Field2_ExceedsLimit, false): Text 'Custom Department Field #2 must be 100 characters or fewer.' is present on page 

19-07-2025T00:11:05 - [MESSAGE][PASSED] - Text 'Custom Department Field #2 must be 100 characters or fewer.' is present on page]]></system-out>
         <system-err><![CDATA[]]></system-err>
      </testcase>
      <testcase name="Test Cases/Departments/TC07_Validation_Fields_SpecialChars" time="0.523" classname="Test Cases/Departments/TC07_Validation_Fields_SpecialChars" status="FAILED">
         <failure type="FAILED" message="Test Cases/Departments/TC07_Validation_Fields_SpecialChars FAILED.&#xa;Reason:&#xa;com.kms.katalon.core.exception.StepFailedException: Unable to set text&#xa;	at com.kms.katalon.core.webui.keyword.internal.WebUIKeywordMain.stepFailed(WebUIKeywordMain.groovy:118)&#xa;	at com.kms.katalon.core.webui.keyword.internal.WebUIKeywordMain.runKeyword(WebUIKeywordMain.groovy:43)&#xa;	at com.kms.katalon.core.webui.keyword.builtin.SetTextKeyword.setText(SetTextKeyword.groovy:86)&#xa;	at com.kms.katalon.core.webui.keyword.builtin.SetTextKeyword.execute(SetTextKeyword.groovy:39)&#xa;	at com.kms.katalon.core.keyword.internal.KeywordExecutor.executeKeywordForPlatform(KeywordExecutor.groovy:64)&#xa;	at com.kms.katalon.core.webui.keyword.WebUiBuiltInKeywords.setText(WebUiBuiltInKeywords.groovy:1056)&#xa;	at TC07_Validation_Fields_SpecialChars.run(TC07_Validation_Fields_SpecialChars:22)&#xa;	at com.kms.katalon.core.main.ScriptEngine.run(ScriptEngine.java:194)&#xa;	at com.kms.katalon.core.main.ScriptEngine.runScriptAsRawText(ScriptEngine.java:119)&#xa;	at com.kms.katalon.core.main.TestCaseExecutor.runScript(TestCaseExecutor.java:485)&#xa;	at com.kms.katalon.core.main.TestCaseExecutor.doExecute(TestCaseExecutor.java:476)&#xa;	at com.kms.katalon.core.main.TestCaseExecutor.processExecutionPhase(TestCaseExecutor.java:455)&#xa;	at com.kms.katalon.core.main.TestCaseExecutor.accessMainPhase(TestCaseExecutor.java:447)&#xa;	at com.kms.katalon.core.main.TestCaseExecutor.execute(TestCaseExecutor.java:321)&#xa;	at com.kms.katalon.core.main.TestCaseExecutor.execute(TestCaseExecutor.java:405)&#xa;	at com.kms.katalon.core.main.TestCaseExecutor.execute(TestCaseExecutor.java:405)&#xa;	at com.kms.katalon.core.main.TestCaseExecutor.execute(TestCaseExecutor.java:405)&#xa;	at com.kms.katalon.core.common.CommonExecutor.accessTestCaseMainPhase(CommonExecutor.java:71)&#xa;	at com.kms.katalon.core.main.TestSuiteExecutor.accessTestSuiteMainPhase(TestSuiteExecutor.java:160)&#xa;	at com.kms.katalon.core.main.TestSuiteExecutor.execute(TestSuiteExecutor.java:107)&#xa;	at com.kms.katalon.core.main.TestCaseMain.startTestSuite(TestCaseMain.java:195)&#xa;	at TempTestSuite1752863993597.run(TempTestSuite1752863993597.groovy:35)&#xa;	at java.base/jdk.internal.reflect.NativeMethodAccessorImpl.invoke0(Native Method)&#xa;	at java.base/jdk.internal.reflect.NativeMethodAccessorImpl.invoke(NativeMethodAccessorImpl.java:77)&#xa;	at java.base/jdk.internal.reflect.DelegatingMethodAccessorImpl.invoke(DelegatingMethodAccessorImpl.java:43)&#xa;Caused by: java.lang.IllegalArgumentException: Object is null&#xa;	at com.kms.katalon.core.helper.KeywordHelper.checkTestObjectParameter(KeywordHelper.java:33)&#xa;	at com.kms.katalon.core.webui.keyword.builtin.SetTextKeyword$_setText_closure1.doCall(SetTextKeyword.groovy:47)&#xa;	at com.kms.katalon.core.webui.keyword.builtin.SetTextKeyword$_setText_closure1.call(SetTextKeyword.groovy)&#xa;	at com.kms.katalon.core.webui.keyword.internal.WebUIKeywordMain.runKeyword(WebUIKeywordMain.groovy:35)&#xa;	... 23 more&#xa;"/>
         <system-out><![CDATA[19-07-2025T00:11:07 - [TEST_CASE][FAILED] - Test Cases/Departments/TC07_Validation_Fields_SpecialChars: Test Cases/Departments/TC07_Validation_Fields_SpecialChars FAILED.
Reason:
com.kms.katalon.core.exception.StepFailedException: Unable to set text
	at com.kms.katalon.core.webui.keyword.internal.WebUIKeywordMain.stepFailed(WebUIKeywordMain.groovy:118)
	at com.kms.katalon.core.webui.keyword.internal.WebUIKeywordMain.runKeyword(WebUIKeywordMain.groovy:43)
	at com.kms.katalon.core.webui.keyword.builtin.SetTextKeyword.setText(SetTextKeyword.groovy:86)
	at com.kms.katalon.core.webui.keyword.builtin.SetTextKeyword.execute(SetTextKeyword.groovy:39)
	at com.kms.katalon.core.keyword.internal.KeywordExecutor.executeKeywordForPlatform(KeywordExecutor.groovy:64)
	at com.kms.katalon.core.webui.keyword.WebUiBuiltInKeywords.setText(WebUiBuiltInKeywords.groovy:1056)
	at TC07_Validation_Fields_SpecialChars.run(TC07_Validation_Fields_SpecialChars:22)
	at com.kms.katalon.core.main.ScriptEngine.run(ScriptEngine.java:194)
	at com.kms.katalon.core.main.ScriptEngine.runScriptAsRawText(ScriptEngine.java:119)
	at com.kms.katalon.core.main.TestCaseExecutor.runScript(TestCaseExecutor.java:485)
	at com.kms.katalon.core.main.TestCaseExecutor.doExecute(TestCaseExecutor.java:476)
	at com.kms.katalon.core.main.TestCaseExecutor.processExecutionPhase(TestCaseExecutor.java:455)
	at com.kms.katalon.core.main.TestCaseExecutor.accessMainPhase(TestCaseExecutor.java:447)
	at com.kms.katalon.core.main.TestCaseExecutor.execute(TestCaseExecutor.java:321)
	at com.kms.katalon.core.main.TestCaseExecutor.execute(TestCaseExecutor.java:405)
	at com.kms.katalon.core.main.TestCaseExecutor.execute(TestCaseExecutor.java:405)
	at com.kms.katalon.core.main.TestCaseExecutor.execute(TestCaseExecutor.java:405)
	at com.kms.katalon.core.common.CommonExecutor.accessTestCaseMainPhase(CommonExecutor.java:71)
	at com.kms.katalon.core.main.TestSuiteExecutor.accessTestSuiteMainPhase(TestSuiteExecutor.java:160)
	at com.kms.katalon.core.main.TestSuiteExecutor.execute(TestSuiteExecutor.java:107)
	at com.kms.katalon.core.main.TestCaseMain.startTestSuite(TestCaseMain.java:195)
	at TempTestSuite1752863993597.run(TempTestSuite1752863993597.groovy:35)
	at java.base/jdk.internal.reflect.NativeMethodAccessorImpl.invoke0(Native Method)
	at java.base/jdk.internal.reflect.NativeMethodAccessorImpl.invoke(NativeMethodAccessorImpl.java:77)
	at java.base/jdk.internal.reflect.DelegatingMethodAccessorImpl.invoke(DelegatingMethodAccessorImpl.java:43)
Caused by: java.lang.IllegalArgumentException: Object is null
	at com.kms.katalon.core.helper.KeywordHelper.checkTestObjectParameter(KeywordHelper.java:33)
	at com.kms.katalon.core.webui.keyword.builtin.SetTextKeyword$_setText_closure1.doCall(SetTextKeyword.groovy:47)
	at com.kms.katalon.core.webui.keyword.builtin.SetTextKeyword$_setText_closure1.call(SetTextKeyword.groovy)
	at com.kms.katalon.core.webui.keyword.internal.WebUIKeywordMain.runKeyword(WebUIKeywordMain.groovy:35)
	... 23 more


19-07-2025T00:11:07 - [TEST_STEP][PASSED] - clearText(findTestObject("Departments/TC07_validation_Fields_SpecialChars/Page_IBEX Payroll - Manage Department Field/input_Custom Department Field 1_field01Value")): Text of object 'Object Repository/Departments/TC07_validation_Fields_SpecialChars/Page_IBEX Payroll - Manage Department Field/input_Custom Department Field 1_field01Value' is cleared

19-07-2025T00:11:07 - [MESSAGE][PASSED] - Text of object 'Object Repository/Departments/TC07_validation_Fields_SpecialChars/Page_IBEX Payroll - Manage Department Field/input_Custom Department Field 1_field01Value' is cleared

19-07-2025T00:11:07 - [TEST_STEP][FAILED] - setText(findTestObject("Object Repository/Departments/TC08_validation_Fields_SpecialChars/Page_IBEX Payroll - Manage Department Field/input_Custom Department Field 1_field01Value"), "%<>{}"): Unable to set text (Root cause: com.kms.katalon.core.exception.StepFailedException: Unable to set text
	at com.kms.katalon.core.webui.keyword.internal.WebUIKeywordMain.stepFailed(WebUIKeywordMain.groovy:118)
	at com.kms.katalon.core.webui.keyword.internal.WebUIKeywordMain.runKeyword(WebUIKeywordMain.groovy:43)
	at com.kms.katalon.core.webui.keyword.builtin.SetTextKeyword.setText(SetTextKeyword.groovy:86)
	at com.kms.katalon.core.webui.keyword.builtin.SetTextKeyword.execute(SetTextKeyword.groovy:39)
	at com.kms.katalon.core.keyword.internal.KeywordExecutor.executeKeywordForPlatform(KeywordExecutor.groovy:64)
	at com.kms.katalon.core.webui.keyword.WebUiBuiltInKeywords.setText(WebUiBuiltInKeywords.groovy:1056)
	at TC07_Validation_Fields_SpecialChars.run(TC07_Validation_Fields_SpecialChars:22)
	at com.kms.katalon.core.main.ScriptEngine.run(ScriptEngine.java:194)
	at com.kms.katalon.core.main.ScriptEngine.runScriptAsRawText(ScriptEngine.java:119)
	at com.kms.katalon.core.main.TestCaseExecutor.runScript(TestCaseExecutor.java:485)
	at com.kms.katalon.core.main.TestCaseExecutor.doExecute(TestCaseExecutor.java:476)
	at com.kms.katalon.core.main.TestCaseExecutor.processExecutionPhase(TestCaseExecutor.java:455)
	at com.kms.katalon.core.main.TestCaseExecutor.accessMainPhase(TestCaseExecutor.java:447)
	at com.kms.katalon.core.main.TestCaseExecutor.execute(TestCaseExecutor.java:321)
	at com.kms.katalon.core.main.TestCaseExecutor.execute(TestCaseExecutor.java:405)
	at com.kms.katalon.core.main.TestCaseExecutor.execute(TestCaseExecutor.java:405)
	at com.kms.katalon.core.main.TestCaseExecutor.execute(TestCaseExecutor.java:405)
	at com.kms.katalon.core.common.CommonExecutor.accessTestCaseMainPhase(CommonExecutor.java:71)
	at com.kms.katalon.core.main.TestSuiteExecutor.accessTestSuiteMainPhase(TestSuiteExecutor.java:160)
	at com.kms.katalon.core.main.TestSuiteExecutor.execute(TestSuiteExecutor.java:107)
	at com.kms.katalon.core.main.TestCaseMain.startTestSuite(TestCaseMain.java:195)
	at TempTestSuite1752863993597.run(TempTestSuite1752863993597.groovy:35)
	at java.base/jdk.internal.reflect.NativeMethodAccessorImpl.invoke0(Native Method)
	at java.base/jdk.internal.reflect.NativeMethodAccessorImpl.invoke(NativeMethodAccessorImpl.java:77)
	at java.base/jdk.internal.reflect.DelegatingMethodAccessorImpl.invoke(DelegatingMethodAccessorImpl.java:43)
Caused by: java.lang.IllegalArgumentException: Object is null
	at com.kms.katalon.core.helper.KeywordHelper.checkTestObjectParameter(KeywordHelper.java:33)
	at com.kms.katalon.core.webui.keyword.builtin.SetTextKeyword$_setText_closure1.doCall(SetTextKeyword.groovy:47)
	at com.kms.katalon.core.webui.keyword.builtin.SetTextKeyword$_setText_closure1.call(SetTextKeyword.groovy)
	at com.kms.katalon.core.webui.keyword.internal.WebUIKeywordMain.runKeyword(WebUIKeywordMain.groovy:35)
	at com.kms.katalon.core.webui.keyword.builtin.SetTextKeyword.setText(SetTextKeyword.groovy:86)
	at com.kms.katalon.core.webui.keyword.builtin.SetTextKeyword.execute(SetTextKeyword.groovy:39)
	at com.kms.katalon.core.keyword.internal.KeywordExecutor.executeKeywordForPlatform(KeywordExecutor.groovy:64)
	at com.kms.katalon.core.webui.keyword.WebUiBuiltInKeywords.setText(WebUiBuiltInKeywords.groovy:1056)
	at Script1752848630329.run(Script1752848630329.groovy:22)
	... 18 more
)

19-07-2025T00:11:07 - [MESSAGE][WARNING] - Test object with id 'Object Repository/Departments/TC08_validation_Fields_SpecialChars/Page_IBEX Payroll - Manage Department Field/input_Custom Department Field 1_field01Value' does not exist

19-07-2025T00:11:07 - [MESSAGE][WARNING] - Test object with id 'Object Repository/' does not exist

19-07-2025T00:11:07 - [MESSAGE][FAILED] - Unable to set text (Root cause: com.kms.katalon.core.exception.StepFailedException: Unable to set text
	at com.kms.katalon.core.webui.keyword.internal.WebUIKeywordMain.stepFailed(WebUIKeywordMain.groovy:118)
	at com.kms.katalon.core.webui.keyword.internal.WebUIKeywordMain.runKeyword(WebUIKeywordMain.groovy:43)
	at com.kms.katalon.core.webui.keyword.builtin.SetTextKeyword.setText(SetTextKeyword.groovy:86)
	at com.kms.katalon.core.webui.keyword.builtin.SetTextKeyword.execute(SetTextKeyword.groovy:39)
	at com.kms.katalon.core.keyword.internal.KeywordExecutor.executeKeywordForPlatform(KeywordExecutor.groovy:64)
	at com.kms.katalon.core.webui.keyword.WebUiBuiltInKeywords.setText(WebUiBuiltInKeywords.groovy:1056)
	at TC07_Validation_Fields_SpecialChars.run(TC07_Validation_Fields_SpecialChars:22)
	at com.kms.katalon.core.main.ScriptEngine.run(ScriptEngine.java:194)
	at com.kms.katalon.core.main.ScriptEngine.runScriptAsRawText(ScriptEngine.java:119)
	at com.kms.katalon.core.main.TestCaseExecutor.runScript(TestCaseExecutor.java:485)
	at com.kms.katalon.core.main.TestCaseExecutor.doExecute(TestCaseExecutor.java:476)
	at com.kms.katalon.core.main.TestCaseExecutor.processExecutionPhase(TestCaseExecutor.java:455)
	at com.kms.katalon.core.main.TestCaseExecutor.accessMainPhase(TestCaseExecutor.java:447)
	at com.kms.katalon.core.main.TestCaseExecutor.execute(TestCaseExecutor.java:321)
	at com.kms.katalon.core.main.TestCaseExecutor.execute(TestCaseExecutor.java:405)
	at com.kms.katalon.core.main.TestCaseExecutor.execute(TestCaseExecutor.java:405)
	at com.kms.katalon.core.main.TestCaseExecutor.execute(TestCaseExecutor.java:405)
	at com.kms.katalon.core.common.CommonExecutor.accessTestCaseMainPhase(CommonExecutor.java:71)
	at com.kms.katalon.core.main.TestSuiteExecutor.accessTestSuiteMainPhase(TestSuiteExecutor.java:160)
	at com.kms.katalon.core.main.TestSuiteExecutor.execute(TestSuiteExecutor.java:107)
	at com.kms.katalon.core.main.TestCaseMain.startTestSuite(TestCaseMain.java:195)
	at TempTestSuite1752863993597.run(TempTestSuite1752863993597.groovy:35)
	at java.base/jdk.internal.reflect.NativeMethodAccessorImpl.invoke0(Native Method)
	at java.base/jdk.internal.reflect.NativeMethodAccessorImpl.invoke(NativeMethodAccessorImpl.java:77)
	at java.base/jdk.internal.reflect.DelegatingMethodAccessorImpl.invoke(DelegatingMethodAccessorImpl.java:43)
Caused by: java.lang.IllegalArgumentException: Object is null
	at com.kms.katalon.core.helper.KeywordHelper.checkTestObjectParameter(KeywordHelper.java:33)
	at com.kms.katalon.core.webui.keyword.builtin.SetTextKeyword$_setText_closure1.doCall(SetTextKeyword.groovy:47)
	at com.kms.katalon.core.webui.keyword.builtin.SetTextKeyword$_setText_closure1.call(SetTextKeyword.groovy)
	at com.kms.katalon.core.webui.keyword.internal.WebUIKeywordMain.runKeyword(WebUIKeywordMain.groovy:35)
	at com.kms.katalon.core.webui.keyword.builtin.SetTextKeyword.setText(SetTextKeyword.groovy:86)
	at com.kms.katalon.core.webui.keyword.builtin.SetTextKeyword.execute(SetTextKeyword.groovy:39)
	at com.kms.katalon.core.keyword.internal.KeywordExecutor.executeKeywordForPlatform(KeywordExecutor.groovy:64)
	at com.kms.katalon.core.webui.keyword.WebUiBuiltInKeywords.setText(WebUiBuiltInKeywords.groovy:1056)
	at Script1752848630329.run(Script1752848630329.groovy:22)
	... 18 more
)
[[ATTACHMENT|C:\\Katalon_Testing\\Testing\\Reports\\20250719_000952\\Departments\\TS_Departments_CustomFieldSettings\\20250719_000953\\1752864067464.png]]]]></system-out>
         <system-err><![CDATA[19-07-2025T00:11:07 - [TEST_CASE][FAILED] - Test Cases/Departments/TC07_Validation_Fields_SpecialChars: Test Cases/Departments/TC07_Validation_Fields_SpecialChars FAILED.
Reason:
com.kms.katalon.core.exception.StepFailedException: Unable to set text
	at com.kms.katalon.core.webui.keyword.internal.WebUIKeywordMain.stepFailed(WebUIKeywordMain.groovy:118)
	at com.kms.katalon.core.webui.keyword.internal.WebUIKeywordMain.runKeyword(WebUIKeywordMain.groovy:43)
	at com.kms.katalon.core.webui.keyword.builtin.SetTextKeyword.setText(SetTextKeyword.groovy:86)
	at com.kms.katalon.core.webui.keyword.builtin.SetTextKeyword.execute(SetTextKeyword.groovy:39)
	at com.kms.katalon.core.keyword.internal.KeywordExecutor.executeKeywordForPlatform(KeywordExecutor.groovy:64)
	at com.kms.katalon.core.webui.keyword.WebUiBuiltInKeywords.setText(WebUiBuiltInKeywords.groovy:1056)
	at TC07_Validation_Fields_SpecialChars.run(TC07_Validation_Fields_SpecialChars:22)
	at com.kms.katalon.core.main.ScriptEngine.run(ScriptEngine.java:194)
	at com.kms.katalon.core.main.ScriptEngine.runScriptAsRawText(ScriptEngine.java:119)
	at com.kms.katalon.core.main.TestCaseExecutor.runScript(TestCaseExecutor.java:485)
	at com.kms.katalon.core.main.TestCaseExecutor.doExecute(TestCaseExecutor.java:476)
	at com.kms.katalon.core.main.TestCaseExecutor.processExecutionPhase(TestCaseExecutor.java:455)
	at com.kms.katalon.core.main.TestCaseExecutor.accessMainPhase(TestCaseExecutor.java:447)
	at com.kms.katalon.core.main.TestCaseExecutor.execute(TestCaseExecutor.java:321)
	at com.kms.katalon.core.main.TestCaseExecutor.execute(TestCaseExecutor.java:405)
	at com.kms.katalon.core.main.TestCaseExecutor.execute(TestCaseExecutor.java:405)
	at com.kms.katalon.core.main.TestCaseExecutor.execute(TestCaseExecutor.java:405)
	at com.kms.katalon.core.common.CommonExecutor.accessTestCaseMainPhase(CommonExecutor.java:71)
	at com.kms.katalon.core.main.TestSuiteExecutor.accessTestSuiteMainPhase(TestSuiteExecutor.java:160)
	at com.kms.katalon.core.main.TestSuiteExecutor.execute(TestSuiteExecutor.java:107)
	at com.kms.katalon.core.main.TestCaseMain.startTestSuite(TestCaseMain.java:195)
	at TempTestSuite1752863993597.run(TempTestSuite1752863993597.groovy:35)
	at java.base/jdk.internal.reflect.NativeMethodAccessorImpl.invoke0(Native Method)
	at java.base/jdk.internal.reflect.NativeMethodAccessorImpl.invoke(NativeMethodAccessorImpl.java:77)
	at java.base/jdk.internal.reflect.DelegatingMethodAccessorImpl.invoke(DelegatingMethodAccessorImpl.java:43)
Caused by: java.lang.IllegalArgumentException: Object is null
	at com.kms.katalon.core.helper.KeywordHelper.checkTestObjectParameter(KeywordHelper.java:33)
	at com.kms.katalon.core.webui.keyword.builtin.SetTextKeyword$_setText_closure1.doCall(SetTextKeyword.groovy:47)
	at com.kms.katalon.core.webui.keyword.builtin.SetTextKeyword$_setText_closure1.call(SetTextKeyword.groovy)
	at com.kms.katalon.core.webui.keyword.internal.WebUIKeywordMain.runKeyword(WebUIKeywordMain.groovy:35)
	... 23 more]]></system-err>
      </testcase>
      <system-out><![CDATA[19-07-2025T00:09:56 - [TEST_SUITE][FAILED] - TS_Departments_CustomFieldSettings: null]]></system-out>
      <system-err><![CDATA[19-07-2025T00:09:56 - [TEST_SUITE][FAILED] - TS_Departments_CustomFieldSettings: null]]></system-err>
   </testsuite>
</testsuites>
