Warning: NLS unused message: QTEST in: com.kms.katalon.constants.globalMessages
Warning: NLS missing message: QTEST_NAME in: com.kms.katalon.constants.globalMessages
2025-07-19 00:18:19.277 INFO  c.k.katalon.core.main.TestSuiteExecutor  - START Test Suites/Departments/TS_Departments_CustomFieldSettings
2025-07-19 00:18:19.366 INFO  c.k.katalon.core.main.TestSuiteExecutor  - userFullName = Ayushi Kalia
2025-07-19 00:18:19.368 INFO  c.k.katalon.core.main.TestSuiteExecutor  - projectName = Testing
2025-07-19 00:18:19.368 INFO  c.k.katalon.core.main.TestSuiteExecutor  - hostName = AI-PC-001 - AI-PC-001.lan
2025-07-19 00:18:19.369 INFO  c.k.katalon.core.main.TestSuiteExecutor  - os = Windows 11 64bit
2025-07-19 00:18:19.370 INFO  c.k.katalon.core.main.TestSuiteExecutor  - hostAddress = 192.168.31.113
2025-07-19 00:18:19.371 INFO  c.k.katalon.core.main.TestSuiteExecutor  - katalonVersion = 10.2.3.0
2025-07-19 00:18:19.876 INFO  c.k.katalon.core.main.TestCaseExecutor   - --------------------
2025-07-19 00:18:19.876 INFO  c.k.katalon.core.main.TestCaseExecutor   - START Test Cases/Departments/TC01_SH_LoginAndNavigate
2025-07-19 00:18:20.222 DEBUG testcase.TC01_SH_LoginAndNavigate        - 1: callTestCase(findTestCase("Shared/Login"), [:], STOP_ON_FAILURE)
2025-07-19 00:18:20.380 INFO  c.k.katalon.core.main.TestCaseExecutor   - --------------------
2025-07-19 00:18:20.380 INFO  c.k.katalon.core.main.TestCaseExecutor   - CALL Test Cases/Shared/Login
2025-07-19 00:18:20.451 DEBUG testcase.Login                           - 1: openBrowser("")
2025-07-19 00:18:20.608 INFO  c.k.k.core.webui.driver.DriverFactory    - Starting 'Chrome' driver
2025-07-19 00:18:20.661 INFO  c.k.k.core.webui.driver.DriverFactory    - Action delay is set to 0 milliseconds
Jul 19, 2025 12:18:21 AM org.openqa.selenium.devtools.CdpVersionFinder findNearestMatch
WARNING: Unable to find an exact match for CDP version 138, returning the closest version; found: 135; Please update to a Selenium version that supports CDP version 138
2025-07-19 00:18:22.337 INFO  c.k.k.core.webui.driver.DriverFactory    - sessionId = 309efe5cbf424624c44d6788e3e742ea
2025-07-19 00:18:22.339 INFO  c.k.k.core.webui.driver.DriverFactory    - browser = Chrome 138.0.7204.101
2025-07-19 00:18:22.340 INFO  c.k.k.core.webui.driver.DriverFactory    - platform = Windows 11
2025-07-19 00:18:22.340 INFO  c.k.k.core.webui.driver.DriverFactory    - seleniumVersion = 4.28.1
2025-07-19 00:18:22.349 INFO  c.k.k.core.webui.driver.DriverFactory    - proxyInformation = ProxyInformation { proxyOption=NO_PROXY, proxyServerType=HTTP, username=, password=********, proxyServerAddress=, proxyServerPort=0, executionList="", isApplyToDesiredCapabilities=true }
2025-07-19 00:18:22.400 DEBUG testcase.Login                           - 2: navigateToUrl(G_SiteURL)
2025-07-19 00:18:27.556 DEBUG testcase.Login                           - 3: maximizeWindow()
2025-07-19 00:18:27.584 DEBUG testcase.Login                           - 4: setText(findTestObject("Object Repository/Shared/Page_IBEX Payroll - Login/Page_IBEX Payroll - Login/input_Username_Input.Username"), "uat.dstewart")
2025-07-19 00:18:28.241 DEBUG testcase.Login                           - 5: setEncryptedText(findTestObject("Shared/Page_IBEX Payroll - Login/Page_IBEX Payroll - Login/input_Show Password_Input.Password"), "p4y+y39Ir5Oy1MY8jPt0uQ==")
2025-07-19 00:18:28.594 DEBUG testcase.Login                           - 6: click(findTestObject("Object Repository/Shared/Page_IBEX Payroll - Login/Page_IBEX Payroll - Login/input_Remember me_Input.Button"))
2025-07-19 00:18:35.133 INFO  c.k.katalon.core.main.TestCaseExecutor   - END CALL Test Cases/Shared/Login
2025-07-19 00:18:35.134 INFO  c.k.katalon.core.main.TestCaseExecutor   - --------------------
2025-07-19 00:18:35.143 DEBUG testcase.TC01_SH_LoginAndNavigate        - 2: callTestCase(findTestCase("Shared/Navigate(Switch Org)"), [:], STOP_ON_FAILURE)
2025-07-19 00:18:35.209 INFO  c.k.katalon.core.main.TestCaseExecutor   - --------------------
2025-07-19 00:18:35.209 INFO  c.k.katalon.core.main.TestCaseExecutor   - CALL Test Cases/Shared/Navigate(Switch Org)
2025-07-19 00:18:35.268 DEBUG testcase.Login                           - 1: click(findTestObject("Object Repository/Shared/Switch_Org/Page_IBEX Payroll - Home/a_swap_horiz Switch SetupSimpleDialog(orgCo_55ee7d"))
2025-07-19 00:18:35.576 DEBUG testcase.Login                           - 2: delay(30)
2025-07-19 00:19:05.592 INFO  c.k.katalon.core.main.TestCaseExecutor   - END CALL Test Cases/Shared/Navigate(Switch Org)
2025-07-19 00:19:05.592 INFO  c.k.katalon.core.main.TestCaseExecutor   - --------------------
2025-07-19 00:19:05.594 INFO  c.k.katalon.core.main.TestCaseExecutor   - END Test Cases/Departments/TC01_SH_LoginAndNavigate
2025-07-19 00:19:05.598 INFO  c.k.katalon.core.main.TestCaseExecutor   - --------------------
2025-07-19 00:19:05.599 INFO  c.k.katalon.core.main.TestCaseExecutor   - START Test Cases/Departments/TC02_VerifyManageDepartmentFields
2025-07-19 00:19:05.641 DEBUG t.TC02_VerifyManageDepartmentFields      - 1: click(findTestObject("Object Repository/Departments/TC02_VerifyManageDepartmentFields/Page_IBEX Payroll - Home/div_Darryl Stewart                         _d15389"))
2025-07-19 00:19:05.932 DEBUG t.TC02_VerifyManageDepartmentFields      - 2: click(findTestObject("Object Repository/Departments/TC02_VerifyManageDepartmentFields/Page_IBEX Payroll - Home/a_business Organization Details"))
2025-07-19 00:19:07.130 DEBUG t.TC02_VerifyManageDepartmentFields      - 3: click(findTestObject("Object Repository/Departments/TC02_VerifyManageDepartmentFields/Page_IBEX Payroll - Organization Detail/a_Payroll Departments"))
2025-07-19 00:19:08.995 DEBUG t.TC02_VerifyManageDepartmentFields      - 4: click(findTestObject("Object Repository/Departments/TC02_VerifyManageDepartmentFields/Page_IBEX Payroll - Organization Payroll De_204c37/a_Manage Department Fields"))
2025-07-19 00:19:13.163 INFO  c.k.katalon.core.main.TestCaseExecutor   - END Test Cases/Departments/TC02_VerifyManageDepartmentFields
2025-07-19 00:19:13.166 INFO  c.k.katalon.core.main.TestCaseExecutor   - --------------------
2025-07-19 00:19:13.167 INFO  c.k.katalon.core.main.TestCaseExecutor   - START Test Cases/Departments/TC03_VerifyCustomFieldOptions
2025-07-19 00:19:13.220 DEBUG testcase.TC03_VerifyCustomFieldOptions   - 1: findWebElement(findTestObject("Object Repository/Departments/TC03_VerifyCustomFieldOotions/Page_IBEX Payroll - Manage Department Field/label_Custom Department Field 1"))
2025-07-19 00:19:16.470 DEBUG testcase.TC03_VerifyCustomFieldOptions   - 2: findWebElement(findTestObject("Object Repository/Departments/TC03_VerifyCustomFieldOotions/Page_IBEX Payroll - Manage Department Field/label_Custom Department Field 2"))
2025-07-19 00:19:23.257 INFO  c.k.katalon.core.main.TestCaseExecutor   - END Test Cases/Departments/TC03_VerifyCustomFieldOptions
2025-07-19 00:19:23.261 INFO  c.k.katalon.core.main.TestCaseExecutor   - --------------------
2025-07-19 00:19:23.261 INFO  c.k.katalon.core.main.TestCaseExecutor   - START Test Cases/Departments/TC04_CheckboxBehavior
2025-07-19 00:19:23.315 DEBUG testcase.TC04_CheckboxBehavior           - 1: click(findTestObject("Object Repository/Departments/TC04_CheckboxBehavior/Page_IBEX Payroll - Manage Department Field/input_Custom Department Field Settings_fiel_da0194"))
2025-07-19 00:19:23.617 DEBUG testcase.TC04_CheckboxBehavior           - 2: verifyElementChecked(findTestObject("Object Repository/Departments/TC04_CheckboxBehavior/Page_IBEX Payroll - Manage Department Field/input_Custom Department Field Settings_fiel_da0194"), 0)
2025-07-19 00:19:23.637 WARN  c.kms.katalon.core.helper.KeywordHelper  - Timeout '0' is invalid. Using default page load timeout: '30'
2025-07-19 00:19:23.887 DEBUG testcase.TC04_CheckboxBehavior           - 3: click(findTestObject("Object Repository/Departments/TC04_CheckboxBehavior/Page_IBEX Payroll - Manage Department Field/input_Custom Department Field 1_field02Enabled"))
2025-07-19 00:19:24.190 DEBUG testcase.TC04_CheckboxBehavior           - 4: verifyElementChecked(findTestObject("Object Repository/Departments/TC04_CheckboxBehavior/Page_IBEX Payroll - Manage Department Field/input_Custom Department Field 1_field02Enabled"), 0)
2025-07-19 00:19:24.196 WARN  c.kms.katalon.core.helper.KeywordHelper  - Timeout '0' is invalid. Using default page load timeout: '30'
2025-07-19 00:19:24.447 DEBUG testcase.TC04_CheckboxBehavior           - 5: verifyElementClickable(findTestObject("Object Repository/Departments/TC04_CheckboxBehavior/Page_IBEX Payroll - Manage Department Field/input_Custom Department Field 1_field01Value"))
2025-07-19 00:19:24.715 INFO  c.k.katalon.core.main.TestCaseExecutor   - END Test Cases/Departments/TC04_CheckboxBehavior
2025-07-19 00:19:24.719 INFO  c.k.katalon.core.main.TestCaseExecutor   - --------------------
2025-07-19 00:19:24.719 INFO  c.k.katalon.core.main.TestCaseExecutor   - START Test Cases/Departments/TC05_Validation_Fields_Empty
2025-07-19 00:19:24.787 DEBUG testcase.TC05_Validation_Fields_Empty    - 1: setText(findTestObject("Object Repository/Departments/TC06_Validation_Fields_ExceedsLimit/Page_IBEX Payroll - Manage Department Field/input_Custom Department Field 1_field01Value"), "")
2025-07-19 00:19:25.334 DEBUG testcase.TC05_Validation_Fields_Empty    - 2: setText(findTestObject("Object Repository/Departments/TC06_Validation_Fields_ExceedsLimit/Page_IBEX Payroll - Manage Department Field/input_Custom Department Field 2_field02Value"), "")
2025-07-19 00:19:25.891 DEBUG testcase.TC05_Validation_Fields_Empty    - 3: click(findTestObject("Object Repository/Departments/TC06_Validation_Fields_ExceedsLimit/Page_IBEX Payroll - Manage Department Field/button_Save"))
2025-07-19 00:19:26.213 DEBUG testcase.TC05_Validation_Fields_Empty    - 4: verifyTextPresent(G_validation_Field1_Empty, false)
2025-07-19 00:19:26.702 DEBUG testcase.TC05_Validation_Fields_Empty    - 5: verifyTextPresent(G_validation_Field2_Empty, false)
2025-07-19 00:19:26.960 INFO  c.k.katalon.core.main.TestCaseExecutor   - END Test Cases/Departments/TC05_Validation_Fields_Empty
2025-07-19 00:19:26.962 INFO  c.k.katalon.core.main.TestCaseExecutor   - --------------------
2025-07-19 00:19:26.962 INFO  c.k.katalon.core.main.TestCaseExecutor   - START Test Cases/Departments/TC06_Validation_Fields_ExceedsLimit
2025-07-19 00:19:27.017 DEBUG t.TC06_Validation_Fields_ExceedsLimit    - 1: setText(findTestObject("Object Repository/Departments/TC05_Validation_Fields_Empty/Page_IBEX Payroll - Manage Department Field/input_Custom Department Field 1_field01Value"), G_LongTextInput)
2025-07-19 00:19:27.632 DEBUG t.TC06_Validation_Fields_ExceedsLimit    - 2: setText(findTestObject("Object Repository/Departments/TC05_Validation_Fields_Empty/Page_IBEX Payroll - Manage Department Field/input_Custom Department Field 2_field02Value"), G_LongTextInput)
2025-07-19 00:19:28.465 DEBUG t.TC06_Validation_Fields_ExceedsLimit    - 3: click(findTestObject("Object Repository/Departments/TC05_Validation_Fields_Empty/Page_IBEX Payroll - Manage Department Field/button_Save"))
2025-07-19 00:19:28.968 DEBUG t.TC06_Validation_Fields_ExceedsLimit    - 4: verifyTextPresent(G_Validation_Field1_ExceedsLimit, false)
2025-07-19 00:19:29.219 DEBUG t.TC06_Validation_Fields_ExceedsLimit    - 5: verifyTextPresent(G_Validation_Field2_ExceedsLimit, false)
2025-07-19 00:19:29.472 INFO  c.k.katalon.core.main.TestCaseExecutor   - END Test Cases/Departments/TC06_Validation_Fields_ExceedsLimit
2025-07-19 00:19:29.476 INFO  c.k.katalon.core.main.TestCaseExecutor   - --------------------
2025-07-19 00:19:29.476 INFO  c.k.katalon.core.main.TestCaseExecutor   - START Test Cases/Departments/TC07_Validation_Fields_SpecialChars
2025-07-19 00:19:29.521 DEBUG t.TC07_Validation_Fields_SpecialChars    - 1: setText(findTestObject("Object Repository/Departments/TC07_validation_Fields_SpecialChars/Page_IBEX Payroll - Manage Department Field/input_Custom Department Field 1_field01Value"), "")
2025-07-19 00:19:30.053 DEBUG t.TC07_Validation_Fields_SpecialChars    - 2: setText(findTestObject("Object Repository/Departments/TC07_validation_Fields_SpecialChars/Page_IBEX Payroll - Manage Department Field/input_Custom Department Field 2_field02Value"), "")
2025-07-19 00:19:30.595 DEBUG t.TC07_Validation_Fields_SpecialChars    - 3: setText(findTestObject("Object Repository/Departments/TC07_validation_Fields_SpecialChars/Page_IBEX Payroll - Manage Department Field/input_Custom Department Field 1_field01Value"), "%<>{}")
2025-07-19 00:19:31.146 DEBUG t.TC07_Validation_Fields_SpecialChars    - 4: setText(findTestObject("Object Repository/Departments/TC07_validation_Fields_SpecialChars/Page_IBEX Payroll - Manage Department Field/input_Custom Department Field 2_field02Value"), "#[]~")
2025-07-19 00:19:31.686 DEBUG t.TC07_Validation_Fields_SpecialChars    - 5: click(findTestObject("Object Repository/Departments/TC07_validation_Fields_SpecialChars/Page_IBEX Payroll - Manage Department Field/button_Save"))
2025-07-19 00:19:31.967 DEBUG t.TC07_Validation_Fields_SpecialChars    - 6: verifyTextPresent(G_Validation_Field1_SpecialChars, false)
2025-07-19 00:19:32.438 DEBUG t.TC07_Validation_Fields_SpecialChars    - 7: verifyTextPresent(G_Validation_Field2_SpecialChars, false)
2025-07-19 00:19:32.687 INFO  c.k.katalon.core.main.TestCaseExecutor   - END Test Cases/Departments/TC07_Validation_Fields_SpecialChars
2025-07-19 00:19:33.011 INFO  c.k.katalon.core.main.TestSuiteExecutor  - --------------------
2025-07-19 00:19:33.011 INFO  c.k.katalon.core.main.TestSuiteExecutor  - END Test Suites/Departments/TS_Departments_CustomFieldSettings
2025-07-19 00:19:33.011 INFO  c.k.katalon.core.main.TestSuiteExecutor  - ====================
