<?xml version="1.0" encoding="UTF-8"?>
<testsuites name="TS_Departments_CustomFieldSettings" time="79.848" tests="10" failures="1" errors="0">
   <testsuite name="TS_Departments_CustomFieldSettings" tests="10" failures="1" errors="0" time="79.848" skipped="0" timestamp="2025-07-21T14:33:54.921Z" hostname="AI-PC-001 - AI-PC-001.lan" id="Test Suites/Departments/TS_Departments_CustomFieldSettings">
      <properties>
         <property name="deviceName" value=""/>
         <property name="devicePlatform"/>
         <property name="logFolder" value="C:\\Katalon_Testing\\Testing\\Reports\\20250721_200352\\Departments\\TS_Departments_CustomFieldSettings\\20250721_200352"/>
         <property name="logFiles" value="C:\\Katalon_Testing\\Testing\\Reports\\20250721_200352\\Departments\\TS_Departments_CustomFieldSettings\\20250721_200352\\console0.log, C:\\Katalon_Testing\\Testing\\Reports\\20250721_200352\\Departments\\TS_Departments_CustomFieldSettings\\20250721_200352\\execution0.log"/>
         <property name="attachments" value=""/>
         <property name="hostName" value="AI-PC-001 - AI-PC-001.lan"/>
         <property name="os" value="Windows 11 64bit"/>
         <property name="katalonVersion" value="10.2.3.0"/>
         <property name="browser" value="Chrome 138.0.7204.101"/>
         <property name="userFullName" value="Ayushi Kalia"/>
         <property name="hostAddress" value="192.168.31.113"/>
         <property name="sessionId" value="269f272fd861c253f9977d66e7be4b38"/>
         <property name="projectName" value="Testing"/>
         <property name="seleniumVersion" value="4.28.1"/>
         <property name="proxyInformation" value="ProxyInformation { proxyOption=NO_PROXY, proxyServerType=HTTP, username=, password=********, proxyServerAddress=, proxyServerPort=0, executionList=&quot;&quot;, isApplyToDesiredCapabilities=true }"/>
         <property name="platform" value="Windows 11"/>
      </properties>
      <testcase name="Test Cases/Departments/TC01_SH_LoginAndNavigate" time="32.634" classname="Test Cases/Departments/TC01_SH_LoginAndNavigate" status="PASSED">
         <system-out><![CDATA[21-07-2025T20:03:55 - [TEST_CASE][PASSED] - Test Cases/Departments/TC01_SH_LoginAndNavigate: Test Cases/Departments/TC01_SH_LoginAndNavigate

21-07-2025T20:03:55 - [TEST_STEP][PASSED] - callTestCase(findTestCase("Shared/SH_Login"), [:], STOP_ON_FAILURE): Call Test Case 'Test Cases/Shared/SH_Login' successfully

21-07-2025T20:03:55 - [TEST_CASE][PASSED] - Test Cases/Shared/SH_Login: Test Cases/Shared/SH_Login

21-07-2025T20:03:55 - [TEST_STEP][PASSED] - openBrowser(""): Browser is opened with url: ''

21-07-2025T20:03:56 - [MESSAGE][INFO] - Starting 'Chrome' driver

21-07-2025T20:03:56 - [MESSAGE][INFO] - Action delay is set to 0 milliseconds

21-07-2025T20:03:57 - [MESSAGE][PASSED] - Browser is opened with url: ''

21-07-2025T20:03:57 - [TEST_STEP][PASSED] - maximizeWindow(): Current window maximized

21-07-2025T20:03:57 - [MESSAGE][PASSED] - Current window maximized

21-07-2025T20:03:57 - [TEST_STEP][PASSED] - navigateToUrl(G_SiteURL): Navigate to 'https://sit.ibexpayroll.com:8443/edge8/identityserver/Account/Login' successfully

21-07-2025T20:04:04 - [MESSAGE][PASSED] - Navigate to 'https://sit.ibexpayroll.com:8443/edge8/identityserver/Account/Login' successfully

21-07-2025T20:04:04 - [TEST_STEP][PASSED] - maximizeWindow(): Current window maximized

21-07-2025T20:04:04 - [MESSAGE][PASSED] - Current window maximized

21-07-2025T20:04:04 - [TEST_STEP][PASSED] - setText(findTestObject("Object Repository/Shared/SH_Login/Page_IBEX Payroll - Login/input_Username_Input.Username"), "uat.dstewart"): Text 'uat.dstewart' is set on object 'Object Repository/Shared/SH_Login/Page_IBEX Payroll - Login/input_Username_Input.Username'

21-07-2025T20:04:05 - [MESSAGE][PASSED] - Text 'uat.dstewart' is set on object 'Object Repository/Shared/SH_Login/Page_IBEX Payroll - Login/input_Username_Input.Username'

21-07-2025T20:04:05 - [TEST_STEP][PASSED] - setEncryptedText(findTestObject("Shared/SH_Login/Page_IBEX Payroll - Login/input_Show Password_Input.Password"), "p4y+y39Ir5Oy1MY8jPt0uQ=="): Text ****** has been set on object 'Object Repository/Shared/SH_Login/Page_IBEX Payroll - Login/input_Show Password_Input.Password'

21-07-2025T20:04:05 - [MESSAGE][PASSED] - Text ****** has been set on object 'Object Repository/Shared/SH_Login/Page_IBEX Payroll - Login/input_Show Password_Input.Password'

21-07-2025T20:04:05 - [TEST_STEP][PASSED] - click(findTestObject("Object Repository/Shared/SH_Login/Page_IBEX Payroll - Login/input_Remember me_Input.Button")): Object: 'Object Repository/Shared/SH_Login/Page_IBEX Payroll - Login/input_Remember me_Input.Button' is clicked on

21-07-2025T20:04:05 - [MESSAGE][PASSED] - Object: 'Object Repository/Shared/SH_Login/Page_IBEX Payroll - Login/input_Remember me_Input.Button' is clicked on

21-07-2025T20:04:05 - [MESSAGE][PASSED] - Call Test Case 'Test Cases/Shared/SH_Login' successfully

21-07-2025T20:04:05 - [TEST_STEP][PASSED] - callTestCase(findTestCase("Shared/SH_Navigate(Switch Org)"), [:], STOP_ON_FAILURE): Call Test Case 'Test Cases/Shared/SH_Navigate(Switch Org)' successfully

21-07-2025T20:04:05 - [TEST_CASE][PASSED] - Test Cases/Shared/SH_Navigate(Switch Org): Test Cases/Shared/SH_Navigate(Switch Org)

21-07-2025T20:04:05 - [TEST_STEP][PASSED] - click(findTestObject("Object Repository/Shared/SH_Navigate(Switch Org)/Page_IBEX Payroll - Home/a_swap_horiz Switch SetupSimpleDialog(orgCo_55ee7d")): Object: 'Object Repository/Shared/SH_Navigate(Switch Org)/Page_IBEX Payroll - Home/a_swap_horiz Switch SetupSimpleDialog(orgCo_55ee7d' is clicked on

21-07-2025T20:04:13 - [MESSAGE][PASSED] - Object: 'Object Repository/Shared/SH_Navigate(Switch Org)/Page_IBEX Payroll - Home/a_swap_horiz Switch SetupSimpleDialog(orgCo_55ee7d' is clicked on

21-07-2025T20:04:13 - [TEST_STEP][PASSED] - delay(15): Delayed 15 second(s)

21-07-2025T20:04:28 - [MESSAGE][PASSED] - Delayed 15 second(s)

21-07-2025T20:04:28 - [MESSAGE][PASSED] - Call Test Case 'Test Cases/Shared/SH_Navigate(Switch Org)' successfully]]></system-out>
         <system-err><![CDATA[]]></system-err>
      </testcase>
      <testcase name="Test Cases/Departments/TC02_VerifyManageDepartmentFields" time="7.422" classname="Test Cases/Departments/TC02_VerifyManageDepartmentFields" status="PASSED">
         <system-out><![CDATA[21-07-2025T20:04:28 - [TEST_CASE][PASSED] - Test Cases/Departments/TC02_VerifyManageDepartmentFields: Test Cases/Departments/TC02_VerifyManageDepartmentFields

21-07-2025T20:04:28 - [TEST_STEP][PASSED] - click(findTestObject("Object Repository/Departments/TC02_VerifyManageDepartmentFields/Page_IBEX Payroll - Home/div_Darryl Stewart                         _d15389")): Object: 'Object Repository/Departments/TC02_VerifyManageDepartmentFields/Page_IBEX Payroll - Home/div_Darryl Stewart                         _d15389' is clicked on

21-07-2025T20:04:28 - [MESSAGE][PASSED] - Object: 'Object Repository/Departments/TC02_VerifyManageDepartmentFields/Page_IBEX Payroll - Home/div_Darryl Stewart                         _d15389' is clicked on

21-07-2025T20:04:28 - [TEST_STEP][PASSED] - click(findTestObject("Object Repository/Departments/TC02_VerifyManageDepartmentFields/Page_IBEX Payroll - Home/a_business Organization Details")): Object: 'Object Repository/Departments/TC02_VerifyManageDepartmentFields/Page_IBEX Payroll - Home/a_business Organization Details' is clicked on

21-07-2025T20:04:29 - [MESSAGE][PASSED] - Object: 'Object Repository/Departments/TC02_VerifyManageDepartmentFields/Page_IBEX Payroll - Home/a_business Organization Details' is clicked on

21-07-2025T20:04:29 - [TEST_STEP][PASSED] - click(findTestObject("Object Repository/Departments/TC02_VerifyManageDepartmentFields/Page_IBEX Payroll - Organization Detail/a_Payroll Departments")): Object: 'Object Repository/Departments/TC02_VerifyManageDepartmentFields/Page_IBEX Payroll - Organization Detail/a_Payroll Departments' is clicked on

21-07-2025T20:04:31 - [MESSAGE][PASSED] - Object: 'Object Repository/Departments/TC02_VerifyManageDepartmentFields/Page_IBEX Payroll - Organization Detail/a_Payroll Departments' is clicked on

21-07-2025T20:04:31 - [TEST_STEP][PASSED] - click(findTestObject("Object Repository/Departments/TC02_VerifyManageDepartmentFields/Page_IBEX Payroll - Organization Payroll De_204c37/a_Manage Department Fields")): Object: 'Object Repository/Departments/TC02_VerifyManageDepartmentFields/Page_IBEX Payroll - Organization Payroll De_204c37/a_Manage Department Fields' is clicked on

21-07-2025T20:04:35 - [MESSAGE][PASSED] - Object: 'Object Repository/Departments/TC02_VerifyManageDepartmentFields/Page_IBEX Payroll - Organization Payroll De_204c37/a_Manage Department Fields' is clicked on]]></system-out>
         <system-err><![CDATA[]]></system-err>
      </testcase>
      <testcase name="Test Cases/Departments/TC03_VerifyCustomFieldOptions" time="6.795" classname="Test Cases/Departments/TC03_VerifyCustomFieldOptions" status="PASSED">
         <system-out><![CDATA[21-07-2025T20:04:35 - [TEST_CASE][PASSED] - Test Cases/Departments/TC03_VerifyCustomFieldOptions: Test Cases/Departments/TC03_VerifyCustomFieldOptions

21-07-2025T20:04:35 - [TEST_STEP][PASSED] - findWebElement(findTestObject("Object Repository/Departments/TC03_VerifyCustomFieldOotions/Page_IBEX Payroll - Manage Department Field/label_Custom Department Field 1")): Found web element by test object Object Repository/Departments/TC03_VerifyCustomFieldOotions/Page_IBEX Payroll - Manage Department Field/label_Custom Department Field 1

21-07-2025T20:04:38 - [MESSAGE][PASSED] - Found web element by test object Object Repository/Departments/TC03_VerifyCustomFieldOotions/Page_IBEX Payroll - Manage Department Field/label_Custom Department Field 1

21-07-2025T20:04:38 - [TEST_STEP][PASSED] - findWebElement(findTestObject("Object Repository/Departments/TC03_VerifyCustomFieldOotions/Page_IBEX Payroll - Manage Department Field/label_Custom Department Field 2")): Found web element by test object Object Repository/Departments/TC03_VerifyCustomFieldOotions/Page_IBEX Payroll - Manage Department Field/label_Custom Department Field 2

21-07-2025T20:04:42 - [MESSAGE][PASSED] - Found web element by test object Object Repository/Departments/TC03_VerifyCustomFieldOotions/Page_IBEX Payroll - Manage Department Field/label_Custom Department Field 2]]></system-out>
         <system-err><![CDATA[]]></system-err>
      </testcase>
      <testcase name="Test Cases/Departments/TC08_Validation_Fields_ValidInput" time="1.541" classname="Test Cases/Departments/TC08_Validation_Fields_ValidInput" status="PASSED">
         <system-out><![CDATA[21-07-2025T20:04:42 - [TEST_CASE][PASSED] - Test Cases/Departments/TC08_Validation_Fields_ValidInput: Test Cases/Departments/TC08_Validation_Fields_ValidInput

21-07-2025T20:04:42 - [TEST_STEP][PASSED] - setText(findTestObject("Object Repository/Departments/TC08_Validation_Field1_ValidInput/Page_IBEX Payroll - Manage Department Field/input_Custom Department Field 1_field01Value"), G_Custom_Label01): Text 'Field Header 1' is set on object 'Object Repository/Departments/TC08_Validation_Field1_ValidInput/Page_IBEX Payroll - Manage Department Field/input_Custom Department Field 1_field01Value'

21-07-2025T20:04:42 - [MESSAGE][PASSED] - Text 'Field Header 1' is set on object 'Object Repository/Departments/TC08_Validation_Field1_ValidInput/Page_IBEX Payroll - Manage Department Field/input_Custom Department Field 1_field01Value'

21-07-2025T20:04:42 - [TEST_STEP][PASSED] - setText(findTestObject("Object Repository/Departments/TC08_Validation_Field1_ValidInput/Page_IBEX Payroll - Manage Department Field/input_Custom Department Field 2_field02Value"), G_Custom_label02): Text 'Field Header 2' is set on object 'Object Repository/Departments/TC08_Validation_Field1_ValidInput/Page_IBEX Payroll - Manage Department Field/input_Custom Department Field 2_field02Value'

21-07-2025T20:04:43 - [MESSAGE][PASSED] - Text 'Field Header 2' is set on object 'Object Repository/Departments/TC08_Validation_Field1_ValidInput/Page_IBEX Payroll - Manage Department Field/input_Custom Department Field 2_field02Value'

21-07-2025T20:04:43 - [TEST_STEP][PASSED] - click(findTestObject("Object Repository/Departments/TC08_Validation_Field1_ValidInput/Page_IBEX Payroll - Manage Department Field/button_Save")): Object: 'Object Repository/Departments/TC08_Validation_Field1_ValidInput/Page_IBEX Payroll - Manage Department Field/button_Save' is clicked on

21-07-2025T20:04:43 - [MESSAGE][PASSED] - Object: 'Object Repository/Departments/TC08_Validation_Field1_ValidInput/Page_IBEX Payroll - Manage Department Field/button_Save' is clicked on]]></system-out>
         <system-err><![CDATA[]]></system-err>
      </testcase>
      <testcase name="Test Cases/Departments/TC10_VerifyColumnsAfterField1Enabled" time="4.791" classname="Test Cases/Departments/TC10_VerifyColumnsAfterField1Enabled" status="PASSED">
         <system-out><![CDATA[21-07-2025T20:04:43 - [TEST_CASE][PASSED] - Test Cases/Departments/TC10_VerifyColumnsAfterField1Enabled: Test Cases/Departments/TC10_VerifyColumnsAfterField1Enabled

21-07-2025T20:04:43 - [TEST_STEP][PASSED] - setText(findTestObject("Object Repository/Departments/TC10_VerifyColumnsAfterField1Enabled/Page_IBEX Payroll - Manage Department Field/input_Custom Department Field 1_field01Value"), G_Custom_Label01): Text 'Field Header 1' is set on object 'Object Repository/Departments/TC10_VerifyColumnsAfterField1Enabled/Page_IBEX Payroll - Manage Department Field/input_Custom Department Field 1_field01Value'

21-07-2025T20:04:44 - [MESSAGE][PASSED] - Text 'Field Header 1' is set on object 'Object Repository/Departments/TC10_VerifyColumnsAfterField1Enabled/Page_IBEX Payroll - Manage Department Field/input_Custom Department Field 1_field01Value'

21-07-2025T20:04:44 - [TEST_STEP][PASSED] - click(findTestObject("Object Repository/Departments/TC10_VerifyColumnsAfterField1Enabled/Page_IBEX Payroll - Manage Department Field/input_Custom Department Field 1_field02Enabled")): Object: 'Object Repository/Departments/TC10_VerifyColumnsAfterField1Enabled/Page_IBEX Payroll - Manage Department Field/input_Custom Department Field 1_field02Enabled' is clicked on

21-07-2025T20:04:45 - [MESSAGE][PASSED] - Object: 'Object Repository/Departments/TC10_VerifyColumnsAfterField1Enabled/Page_IBEX Payroll - Manage Department Field/input_Custom Department Field 1_field02Enabled' is clicked on

21-07-2025T20:04:45 - [TEST_STEP][PASSED] - click(findTestObject("Object Repository/Departments/TC10_VerifyColumnsAfterField1Enabled/Page_IBEX Payroll - Manage Department Field/button_Save")): Object: 'Object Repository/Departments/TC10_VerifyColumnsAfterField1Enabled/Page_IBEX Payroll - Manage Department Field/button_Save' is clicked on

21-07-2025T20:04:45 - [MESSAGE][PASSED] - Object: 'Object Repository/Departments/TC10_VerifyColumnsAfterField1Enabled/Page_IBEX Payroll - Manage Department Field/button_Save' is clicked on

21-07-2025T20:04:45 - [TEST_STEP][PASSED] - click(findTestObject("Object Repository/Departments/TC10_VerifyColumnsAfterField1Enabled/Page_IBEX Payroll - Manage Department Field/a_Back to PAYROLL DEPARTMENTS")): Object: 'Object Repository/Departments/TC10_VerifyColumnsAfterField1Enabled/Page_IBEX Payroll - Manage Department Field/a_Back to PAYROLL DEPARTMENTS' is clicked on

21-07-2025T20:04:47 - [MESSAGE][PASSED] - Object: 'Object Repository/Departments/TC10_VerifyColumnsAfterField1Enabled/Page_IBEX Payroll - Manage Department Field/a_Back to PAYROLL DEPARTMENTS' is clicked on

21-07-2025T20:04:47 - [TEST_STEP][PASSED] - verifyElementText(findTestObject("Object Repository/Departments/TC10_VerifyColumnsAfterField1Enabled/Page_IBEX Payroll - Organization Payroll De_204c37/custom header 1"), G_Custom_Label01): Actual text and expected text of test object 'Object Repository/Departments/TC10_VerifyColumnsAfterField1Enabled/Page_IBEX Payroll - Organization Payroll De_204c37/custom header 1' are matched.

21-07-2025T20:04:48 - [MESSAGE][PASSED] - Actual text and expected text of test object 'Object Repository/Departments/TC10_VerifyColumnsAfterField1Enabled/Page_IBEX Payroll - Organization Payroll De_204c37/custom header 1' are matched.]]></system-out>
         <system-err><![CDATA[]]></system-err>
      </testcase>
      <testcase name="Test Cases/Departments/TC10a_VerifyColumnsAfterBothFieldsEnabled" time="7.298" classname="Test Cases/Departments/TC10a_VerifyColumnsAfterBothFieldsEnabled" status="PASSED">
         <system-out><![CDATA[21-07-2025T20:04:48 - [TEST_CASE][PASSED] - Test Cases/Departments/TC10a_VerifyColumnsAfterBothFieldsEnabled: Test Cases/Departments/TC10a_VerifyColumnsAfterBothFieldsEnabled

21-07-2025T20:04:48 - [TEST_STEP][PASSED] - click(findTestObject("Object Repository/Departments/TC10a_VerifyColumnsAfterBothFieldsEnabled/Page_IBEX Payroll - Organization Payroll De_204c37/a_Manage Department Fields (1)")): Object: 'Object Repository/Departments/TC10a_VerifyColumnsAfterBothFieldsEnabled/Page_IBEX Payroll - Organization Payroll De_204c37/a_Manage Department Fields (1)' is clicked on

21-07-2025T20:04:49 - [MESSAGE][PASSED] - Object: 'Object Repository/Departments/TC10a_VerifyColumnsAfterBothFieldsEnabled/Page_IBEX Payroll - Organization Payroll De_204c37/a_Manage Department Fields (1)' is clicked on

21-07-2025T20:04:49 - [TEST_STEP][PASSED] - click(findTestObject("Object Repository/Departments/TC10a_VerifyColumnsAfterBothFieldsEnabled/Page_IBEX Payroll - Manage Department Field/input_Custom Department Field 1_field02Enabled")): Object: 'Object Repository/Departments/TC10a_VerifyColumnsAfterBothFieldsEnabled/Page_IBEX Payroll - Manage Department Field/input_Custom Department Field 1_field02Enabled' is clicked on

21-07-2025T20:04:52 - [MESSAGE][PASSED] - Object: 'Object Repository/Departments/TC10a_VerifyColumnsAfterBothFieldsEnabled/Page_IBEX Payroll - Manage Department Field/input_Custom Department Field 1_field02Enabled' is clicked on

21-07-2025T20:04:52 - [TEST_STEP][PASSED] - click(findTestObject("Object Repository/Departments/TC10a_VerifyColumnsAfterBothFieldsEnabled/Page_IBEX Payroll - Manage Department Field/button_Save")): Object: 'Object Repository/Departments/TC10a_VerifyColumnsAfterBothFieldsEnabled/Page_IBEX Payroll - Manage Department Field/button_Save' is clicked on

21-07-2025T20:04:52 - [MESSAGE][PASSED] - Object: 'Object Repository/Departments/TC10a_VerifyColumnsAfterBothFieldsEnabled/Page_IBEX Payroll - Manage Department Field/button_Save' is clicked on

21-07-2025T20:04:52 - [TEST_STEP][PASSED] - click(findTestObject("Object Repository/Departments/TC10a_VerifyColumnsAfterBothFieldsEnabled/Page_IBEX Payroll - Manage Department Field/a_Back to PAYROLL DEPARTMENTS_1")): Object: 'Object Repository/Departments/TC10a_VerifyColumnsAfterBothFieldsEnabled/Page_IBEX Payroll - Manage Department Field/a_Back to PAYROLL DEPARTMENTS_1' is clicked on

21-07-2025T20:04:54 - [MESSAGE][PASSED] - Object: 'Object Repository/Departments/TC10a_VerifyColumnsAfterBothFieldsEnabled/Page_IBEX Payroll - Manage Department Field/a_Back to PAYROLL DEPARTMENTS_1' is clicked on

21-07-2025T20:04:54 - [TEST_STEP][PASSED] - callTestCase(findTestCase("Shared/SH_VerifyCustomField_Header_In_Table"), [:], STOP_ON_FAILURE): Call Test Case 'Test Cases/Shared/SH_VerifyCustomField_Header_In_Table' successfully

21-07-2025T20:04:54 - [TEST_CASE][PASSED] - Test Cases/Shared/SH_VerifyCustomField_Header_In_Table: Test Cases/Shared/SH_VerifyCustomField_Header_In_Table

21-07-2025T20:04:54 - [TEST_STEP][PASSED] - verifyElementText(findTestObject("Object Repository/Shared/SH_VerifyCustomField_Header_In_Table/Page_IBEX Payroll - Organization Payroll De_204c37/th_Valid Input Value 1"), G_Custom_Label01): Actual text and expected text of test object 'Object Repository/Shared/SH_VerifyCustomField_Header_In_Table/Page_IBEX Payroll - Organization Payroll De_204c37/th_Valid Input Value 1' are matched.

21-07-2025T20:04:55 - [MESSAGE][PASSED] - Actual text and expected text of test object 'Object Repository/Shared/SH_VerifyCustomField_Header_In_Table/Page_IBEX Payroll - Organization Payroll De_204c37/th_Valid Input Value 1' are matched.

21-07-2025T20:04:55 - [TEST_STEP][PASSED] - verifyElementText(findTestObject("Object Repository/Shared/SH_VerifyCustomField_Header_In_Table/Page_IBEX Payroll - Organization Payroll De_204c37/th_Valid Text value 2"), G_Custom_label02): Actual text and expected text of test object 'Object Repository/Shared/SH_VerifyCustomField_Header_In_Table/Page_IBEX Payroll - Organization Payroll De_204c37/th_Valid Text value 2' are matched.

21-07-2025T20:04:55 - [MESSAGE][PASSED] - Actual text and expected text of test object 'Object Repository/Shared/SH_VerifyCustomField_Header_In_Table/Page_IBEX Payroll - Organization Payroll De_204c37/th_Valid Text value 2' are matched.

21-07-2025T20:04:55 - [MESSAGE][PASSED] - Call Test Case 'Test Cases/Shared/SH_VerifyCustomField_Header_In_Table' successfully]]></system-out>
         <system-err><![CDATA[]]></system-err>
      </testcase>
      <testcase name="Test Cases/Departments/TC11_VerifyFieldsInEditScreen" time="6.333" classname="Test Cases/Departments/TC11_VerifyFieldsInEditScreen" status="PASSED">
         <system-out><![CDATA[21-07-2025T20:04:55 - [TEST_CASE][PASSED] - Test Cases/Departments/TC11_VerifyFieldsInEditScreen: Test Cases/Departments/TC11_VerifyFieldsInEditScreen

21-07-2025T20:04:55 - [TEST_STEP][PASSED] - click(findTestObject("Object Repository/Departments/TC11_VerifyFieldsInEditScreen/Page_IBEX Payroll - Organization Payroll De_204c37/a_Edit")): Object: 'Object Repository/Departments/TC11_VerifyFieldsInEditScreen/Page_IBEX Payroll - Organization Payroll De_204c37/a_Edit' is clicked on

21-07-2025T20:04:58 - [MESSAGE][PASSED] - Object: 'Object Repository/Departments/TC11_VerifyFieldsInEditScreen/Page_IBEX Payroll - Organization Payroll De_204c37/a_Edit' is clicked on

21-07-2025T20:04:58 - [TEST_STEP][PASSED] - verifyElementText(findTestObject("Object Repository/Departments/TC11_VerifyFieldsInEditScreen/Page_IBEX Payroll - Department Details/label_Valid Input Value 1"), "Field Header 1:"): Actual text and expected text of test object 'Object Repository/Departments/TC11_VerifyFieldsInEditScreen/Page_IBEX Payroll - Department Details/label_Valid Input Value 1' are matched.

21-07-2025T20:04:58 - [MESSAGE][PASSED] - Actual text and expected text of test object 'Object Repository/Departments/TC11_VerifyFieldsInEditScreen/Page_IBEX Payroll - Department Details/label_Valid Input Value 1' are matched.

21-07-2025T20:04:58 - [TEST_STEP][PASSED] - verifyElementText(findTestObject("Object Repository/Departments/TC11_VerifyFieldsInEditScreen/Page_IBEX Payroll - Department Details/label_valid Input value 2"), "Field Header 2:"): Actual text and expected text of test object 'Object Repository/Departments/TC11_VerifyFieldsInEditScreen/Page_IBEX Payroll - Department Details/label_valid Input value 2' are matched.

21-07-2025T20:04:59 - [MESSAGE][PASSED] - Actual text and expected text of test object 'Object Repository/Departments/TC11_VerifyFieldsInEditScreen/Page_IBEX Payroll - Department Details/label_valid Input value 2' are matched.

21-07-2025T20:04:59 - [TEST_STEP][PASSED] - verifyElementClickable(findTestObject("Object Repository/Departments/TC11_VerifyFieldsInEditScreen/Page_IBEX Payroll - Department Details/input_Valid Input Value 1_department.Custom_fcb433")): Object 'Object Repository/Departments/TC11_VerifyFieldsInEditScreen/Page_IBEX Payroll - Department Details/input_Valid Input Value 1_department.Custom_fcb433' is clickable

21-07-2025T20:04:59 - [MESSAGE][PASSED] - Object 'Object Repository/Departments/TC11_VerifyFieldsInEditScreen/Page_IBEX Payroll - Department Details/input_Valid Input Value 1_department.Custom_fcb433' is clickable

21-07-2025T20:04:59 - [TEST_STEP][PASSED] - verifyElementClickable(findTestObject("Object Repository/Departments/TC11_VerifyFieldsInEditScreen/Page_IBEX Payroll - Department Details/input_valid Input value 2_department.Custom_848525")): Object 'Object Repository/Departments/TC11_VerifyFieldsInEditScreen/Page_IBEX Payroll - Department Details/input_valid Input value 2_department.Custom_848525' is clickable

21-07-2025T20:04:59 - [MESSAGE][PASSED] - Object 'Object Repository/Departments/TC11_VerifyFieldsInEditScreen/Page_IBEX Payroll - Department Details/input_valid Input value 2_department.Custom_848525' is clickable

21-07-2025T20:04:59 - [TEST_STEP][PASSED] - click(findTestObject("Object Repository/Departments/TC11_VerifyFieldsInEditScreen/Page_IBEX Payroll - Department Details/a_Return to Organization Payroll Departments")): Object: 'Object Repository/Departments/TC11_VerifyFieldsInEditScreen/Page_IBEX Payroll - Department Details/a_Return to Organization Payroll Departments' is clicked on

21-07-2025T20:05:02 - [MESSAGE][PASSED] - Object: 'Object Repository/Departments/TC11_VerifyFieldsInEditScreen/Page_IBEX Payroll - Department Details/a_Return to Organization Payroll Departments' is clicked on]]></system-out>
         <system-err><![CDATA[]]></system-err>
      </testcase>
      <testcase name="Test Cases/Departments/TC11a_AddDepartment" time="3.464" classname="Test Cases/Departments/TC11a_AddDepartment" status="PASSED">
         <system-out><![CDATA[21-07-2025T20:05:02 - [TEST_CASE][PASSED] - Test Cases/Departments/TC11a_AddDepartment: Test Cases/Departments/TC11a_AddDepartment

21-07-2025T20:05:02 - [TEST_STEP][PASSED] - click(findTestObject("Object Repository/Departments/TC11a_AddDepartment/Page_IBEX Payroll - Organization Payroll De_204c37/a_Add a Department")): Object: 'Object Repository/Departments/TC11a_AddDepartment/Page_IBEX Payroll - Organization Payroll De_204c37/a_Add a Department' is clicked on

21-07-2025T20:05:03 - [MESSAGE][PASSED] - Object: 'Object Repository/Departments/TC11a_AddDepartment/Page_IBEX Payroll - Organization Payroll De_204c37/a_Add a Department' is clicked on

21-07-2025T20:05:04 - [TEST_STEP][PASSED] - setText(findTestObject("Object Repository/Departments/TC11a_AddDepartment/Page_IBEX Payroll - Department Details/input_Code_department.Code"), G_Department_Code): Text 'New 01' is set on object 'Object Repository/Departments/TC11a_AddDepartment/Page_IBEX Payroll - Department Details/input_Code_department.Code'

21-07-2025T20:05:05 - [MESSAGE][PASSED] - Text 'New 01' is set on object 'Object Repository/Departments/TC11a_AddDepartment/Page_IBEX Payroll - Department Details/input_Code_department.Code'

21-07-2025T20:05:05 - [TEST_STEP][PASSED] - setText(findTestObject("Object Repository/Departments/TC11a_AddDepartment/Page_IBEX Payroll - Department Details/input_Department Name_department.Name"), G_Department_Name): Text 'Testing Department 01' is set on object 'Object Repository/Departments/TC11a_AddDepartment/Page_IBEX Payroll - Department Details/input_Department Name_department.Name'

21-07-2025T20:05:05 - [MESSAGE][PASSED] - Text 'Testing Department 01' is set on object 'Object Repository/Departments/TC11a_AddDepartment/Page_IBEX Payroll - Department Details/input_Department Name_department.Name']]></system-out>
         <system-err><![CDATA[]]></system-err>
      </testcase>
      <testcase name="Test Cases/Departments/TC12_AddCustomFieldValues" time="4.805" classname="Test Cases/Departments/TC12_AddCustomFieldValues" status="PASSED">
         <system-out><![CDATA[21-07-2025T20:05:05 - [TEST_CASE][PASSED] - Test Cases/Departments/TC12_AddCustomFieldValues: Test Cases/Departments/TC12_AddCustomFieldValues

21-07-2025T20:05:05 - [TEST_STEP][PASSED] - setText(findTestObject("Object Repository/Departments/TC12_AddCustomFieldValues/Page_IBEX Payroll - Department Details/input_Valid Input Value 1_department.Custom_fcb433"), G_Custom_Value_01): Text 'value _' is set on object 'Object Repository/Departments/TC12_AddCustomFieldValues/Page_IBEX Payroll - Department Details/input_Valid Input Value 1_department.Custom_fcb433'

21-07-2025T20:05:06 - [MESSAGE][PASSED] - Text 'value _' is set on object 'Object Repository/Departments/TC12_AddCustomFieldValues/Page_IBEX Payroll - Department Details/input_Valid Input Value 1_department.Custom_fcb433'

21-07-2025T20:05:06 - [TEST_STEP][PASSED] - setText(findTestObject("Object Repository/Departments/TC12_AddCustomFieldValues/Page_IBEX Payroll - Department Details/input_valid Input value 2_department.Custom_848525"), ""): Text '' is set on object 'Object Repository/Departments/TC12_AddCustomFieldValues/Page_IBEX Payroll - Department Details/input_valid Input value 2_department.Custom_848525'

21-07-2025T20:05:06 - [MESSAGE][PASSED] - Text '' is set on object 'Object Repository/Departments/TC12_AddCustomFieldValues/Page_IBEX Payroll - Department Details/input_valid Input value 2_department.Custom_848525'

21-07-2025T20:05:06 - [TEST_STEP][PASSED] - click(findTestObject("Object Repository/Departments/TC12_AddCustomFieldValues/Page_IBEX Payroll - Department Details/div_Payroll DepartmentDetailsPayroll Instru_5b1d7f")): Object: 'Object Repository/Departments/TC12_AddCustomFieldValues/Page_IBEX Payroll - Department Details/div_Payroll DepartmentDetailsPayroll Instru_5b1d7f' is clicked on

21-07-2025T20:05:07 - [MESSAGE][PASSED] - Object: 'Object Repository/Departments/TC12_AddCustomFieldValues/Page_IBEX Payroll - Department Details/div_Payroll DepartmentDetailsPayroll Instru_5b1d7f' is clicked on

21-07-2025T20:05:07 - [TEST_STEP][PASSED] - click(findTestObject("Object Repository/Departments/TC12_AddCustomFieldValues/Page_IBEX Payroll - Department Details/input_British Columbia_submit-button")): Object: 'Object Repository/Departments/TC12_AddCustomFieldValues/Page_IBEX Payroll - Department Details/input_British Columbia_submit-button' is clicked on

21-07-2025T20:05:09 - [MESSAGE][PASSED] - Object: 'Object Repository/Departments/TC12_AddCustomFieldValues/Page_IBEX Payroll - Department Details/input_British Columbia_submit-button' is clicked on

21-07-2025T20:05:09 - [TEST_STEP][PASSED] - click(findTestObject("Object Repository/Departments/TC12_AddCustomFieldValues/Page_IBEX Payroll - Department Details/a_Return to Organization Payroll Departments")): Object: 'Object Repository/Departments/TC12_AddCustomFieldValues/Page_IBEX Payroll - Department Details/a_Return to Organization Payroll Departments' is clicked on

21-07-2025T20:05:10 - [MESSAGE][PASSED] - Object: 'Object Repository/Departments/TC12_AddCustomFieldValues/Page_IBEX Payroll - Department Details/a_Return to Organization Payroll Departments' is clicked on]]></system-out>
         <system-err><![CDATA[]]></system-err>
      </testcase>
      <testcase name="Test Cases/Departments/TC13_VerifyTableFieldValues" time="1.035" classname="Test Cases/Departments/TC13_VerifyTableFieldValues" status="FAILED">
         <failure type="FAILED" message="Test Cases/Departments/TC13_VerifyTableFieldValues FAILED.&#xa;Reason:&#xa;com.kms.katalon.core.exception.StepFailedException: Verify element text of test object 'Object Repository/Shared/SH_VerifyFieldSortingAndFiltering/Page_IBEX Payroll - Organization Payroll De_204c37/td_value _' FAILED.&#xa;	at com.kms.katalon.core.webui.keyword.internal.WebUIKeywordMain.stepFailed(WebUIKeywordMain.groovy:118)&#xa;	at com.kms.katalon.core.webui.keyword.internal.WebUIKeywordMain.runKeyword(WebUIKeywordMain.groovy:43)&#xa;	at com.kms.katalon.core.webui.keyword.builtin.VerifyElementTextKeyword.verifyElementText(VerifyElementTextKeyword.groovy:72)&#xa;	at com.kms.katalon.core.webui.keyword.builtin.VerifyElementTextKeyword.execute(VerifyElementTextKeyword.groovy:40)&#xa;	at com.kms.katalon.core.keyword.internal.KeywordExecutor.executeKeywordForPlatform(KeywordExecutor.groovy:64)&#xa;	at com.kms.katalon.core.webui.keyword.WebUiBuiltInKeywords.verifyElementText(WebUiBuiltInKeywords.groovy:4994)&#xa;	at TC13_VerifyTableFieldValues.run(TC13_VerifyTableFieldValues:20)&#xa;	at com.kms.katalon.core.main.ScriptEngine.run(ScriptEngine.java:194)&#xa;	at com.kms.katalon.core.main.ScriptEngine.runScriptAsRawText(ScriptEngine.java:119)&#xa;	at com.kms.katalon.core.main.TestCaseExecutor.runScript(TestCaseExecutor.java:485)&#xa;	at com.kms.katalon.core.main.TestCaseExecutor.doExecute(TestCaseExecutor.java:476)&#xa;	at com.kms.katalon.core.main.TestCaseExecutor.processExecutionPhase(TestCaseExecutor.java:455)&#xa;	at com.kms.katalon.core.main.TestCaseExecutor.accessMainPhase(TestCaseExecutor.java:447)&#xa;	at com.kms.katalon.core.main.TestCaseExecutor.execute(TestCaseExecutor.java:321)&#xa;	at com.kms.katalon.core.main.TestCaseExecutor.execute(TestCaseExecutor.java:405)&#xa;	at com.kms.katalon.core.main.TestCaseExecutor.execute(TestCaseExecutor.java:405)&#xa;	at com.kms.katalon.core.main.TestCaseExecutor.execute(TestCaseExecutor.java:405)&#xa;	at com.kms.katalon.core.common.CommonExecutor.accessTestCaseMainPhase(CommonExecutor.java:71)&#xa;	at com.kms.katalon.core.main.TestSuiteExecutor.accessTestSuiteMainPhase(TestSuiteExecutor.java:160)&#xa;	at com.kms.katalon.core.main.TestSuiteExecutor.execute(TestSuiteExecutor.java:107)&#xa;	at com.kms.katalon.core.main.TestCaseMain.startTestSuite(TestCaseMain.java:195)&#xa;	at TempTestSuite1753108432410.run(TempTestSuite1753108432410.groovy:35)&#xa;	at java.base/jdk.internal.reflect.NativeMethodAccessorImpl.invoke0(Native Method)&#xa;	at java.base/jdk.internal.reflect.NativeMethodAccessorImpl.invoke(NativeMethodAccessorImpl.java:77)&#xa;	at java.base/jdk.internal.reflect.DelegatingMethodAccessorImpl.invoke(DelegatingMethodAccessorImpl.java:43)&#xa;Caused by: org.openqa.selenium.UnhandledAlertException: unexpected alert open: {Alert text : You have unsaved changes.  Click Ok to discard your changes and continue.  Otherwise, click cancel.}&#xa;  (Session info: chrome=138.0.7204.101): You have unsaved changes.  Click Ok to discard your changes and continue.  Otherwise, click cancel.&#xa;Build info: version: '4.28.1', revision: '73f5ad48a2'&#xa;System info: os.name: 'Windows 11', os.arch: 'amd64', os.version: '10.0', java.version: '17.0.14'&#xa;Driver info: com.kms.katalon.selenium.driver.CChromeDriver&#xa;Command: [269f272fd861c253f9977d66e7be4b38, findElements {using=xpath, value=//table[@id='departmentsGrid']/tbody/tr/td[6]}]&#xa;Capabilities {acceptInsecureCerts: false, browserName: chrome, browserVersion: 138.0.7204.101, chrome: {chromedriverVersion: 137.0.7151.55 (254bc711794d..., userDataDir: C:\Users\AI-PC-~1\AppData\L...}, fedcm:accounts: true, goog:chromeOptions: {debuggerAddress: localhost:63918}, networkConnectionEnabled: false, pageLoadStrategy: normal, platformName: windows, proxy: Proxy(), se:cdp: ws://localhost:63918/devtoo..., se:cdpVersion: 138.0.7204.101, setWindowRect: true, strictFileInteractability: false, timeouts: {implicit: 0, pageLoad: 300000, script: 30000}, unhandledPromptBehavior: ignore, webSocketUrl: ws://localhost:23213/sessio..., webauthn:extension:credBlob: true, webauthn:extension:largeBlob: true, webauthn:extension:minPinLength: true, webauthn:extension:prf: true, webauthn:virtualAuthenticators: true}&#xa;Session ID: 269f272fd861c253f9977d66e7be4b38&#xa;	at org.openqa.selenium.remote.codec.w3c.W3CHttpResponseCodec.decode(W3CHttpResponseCodec.java:136)&#xa;	at org.openqa.selenium.remote.codec.w3c.W3CHttpResponseCodec.decode(W3CHttpResponseCodec.java:50)&#xa;	at org.openqa.selenium.remote.HttpCommandExecutor.execute(HttpCommandExecutor.java:215)&#xa;	at org.openqa.selenium.remote.service.DriverCommandExecutor.invokeExecute(DriverCommandExecutor.java:216)&#xa;	at org.openqa.selenium.remote.service.DriverCommandExecutor.execute(DriverCommandExecutor.java:174)&#xa;	at org.openqa.selenium.remote.RemoteWebDriver.execute(RemoteWebDriver.java:545)&#xa;	at org.openqa.selenium.remote.ElementLocation$ElementFinder$2.findElements(ElementLocation.java:182)&#xa;	at org.openqa.selenium.remote.ElementLocation.findElements(ElementLocation.java:103)&#xa;	at org.openqa.selenium.remote.RemoteWebDriver.findElements(RemoteWebDriver.java:381)&#xa;	at org.openqa.selenium.remote.RemoteWebDriver.findElements(RemoteWebDriver.java:375)&#xa;	at jdk.internal.reflect.GeneratedMethodAccessor14.invoke(Unknown Source)&#xa;	at java.base/jdk.internal.reflect.DelegatingMethodAccessorImpl.invoke(DelegatingMethodAccessorImpl.java:43)&#xa;	at org.openqa.selenium.support.decorators.WebDriverDecorator.call(WebDriverDecorator.java:315)&#xa;	at org.openqa.selenium.support.decorators.DefaultDecorated.call(DefaultDecorated.java:48)&#xa;	at org.openqa.selenium.support.decorators.WebDriverDecorator.lambda$createProxyFactory$3(WebDriverDecorator.java:405)&#xa;	at org.openqa.selenium.remote.RemoteWebDriver$ByteBuddy$mfjxB8la.findElements(Unknown Source)&#xa;	at com.kms.katalon.core.webui.common.WebUiCommonHelper.findElementByNormalMethods(WebUiCommonHelper.java:1064)&#xa;	at com.kms.katalon.core.webui.common.WebUiCommonHelper.findElementsBySelectedMethod(WebUiCommonHelper.java:955)&#xa;	at com.kms.katalon.core.webui.common.WebUiCommonHelper.findElementsBySelectedMethod(WebUiCommonHelper.java:937)&#xa;	at com.kms.katalon.core.webui.common.WebUiCommonHelper.findElementsBySelectedMethod(WebUiCommonHelper.java:932)&#xa;	at com.kms.katalon.core.webui.common.WebUiCommonHelper.findElementsByDefault(WebUiCommonHelper.java:928)&#xa;	at com.kms.katalon.core.webui.common.WebUiCommonHelper.findElementsWithSelfHealing(WebUiCommonHelper.java:774)&#xa;	at com.kms.katalon.core.webui.common.WebUiCommonHelper.findWebElements(WebUiCommonHelper.java:758)&#xa;	at com.kms.katalon.core.webui.common.WebUiCommonHelper.findWebElement(WebUiCommonHelper.java:1448)&#xa;	at com.kms.katalon.core.webui.keyword.internal.WebUIAbstractKeyword.findWebElement(WebUIAbstractKeyword.groovy:27)&#xa;	at com.kms.katalon.core.webui.keyword.builtin.VerifyElementTextKeyword$_verifyElementText_closure1.doCall(VerifyElementTextKeyword.groovy:52)&#xa;	at com.kms.katalon.core.webui.keyword.builtin.VerifyElementTextKeyword$_verifyElementText_closure1.call(VerifyElementTextKeyword.groovy)&#xa;	at com.kms.katalon.core.webui.keyword.internal.WebUIKeywordMain.runKeyword(WebUIKeywordMain.groovy:35)&#xa;	... 23 more&#xa;"/>
         <system-out><![CDATA[21-07-2025T20:05:13 - [TEST_CASE][FAILED] - Test Cases/Departments/TC13_VerifyTableFieldValues: Test Cases/Departments/TC13_VerifyTableFieldValues FAILED.
Reason:
com.kms.katalon.core.exception.StepFailedException: Verify element text of test object 'Object Repository/Shared/SH_VerifyFieldSortingAndFiltering/Page_IBEX Payroll - Organization Payroll De_204c37/td_value _' FAILED.
	at com.kms.katalon.core.webui.keyword.internal.WebUIKeywordMain.stepFailed(WebUIKeywordMain.groovy:118)
	at com.kms.katalon.core.webui.keyword.internal.WebUIKeywordMain.runKeyword(WebUIKeywordMain.groovy:43)
	at com.kms.katalon.core.webui.keyword.builtin.VerifyElementTextKeyword.verifyElementText(VerifyElementTextKeyword.groovy:72)
	at com.kms.katalon.core.webui.keyword.builtin.VerifyElementTextKeyword.execute(VerifyElementTextKeyword.groovy:40)
	at com.kms.katalon.core.keyword.internal.KeywordExecutor.executeKeywordForPlatform(KeywordExecutor.groovy:64)
	at com.kms.katalon.core.webui.keyword.WebUiBuiltInKeywords.verifyElementText(WebUiBuiltInKeywords.groovy:4994)
	at TC13_VerifyTableFieldValues.run(TC13_VerifyTableFieldValues:20)
	at com.kms.katalon.core.main.ScriptEngine.run(ScriptEngine.java:194)
	at com.kms.katalon.core.main.ScriptEngine.runScriptAsRawText(ScriptEngine.java:119)
	at com.kms.katalon.core.main.TestCaseExecutor.runScript(TestCaseExecutor.java:485)
	at com.kms.katalon.core.main.TestCaseExecutor.doExecute(TestCaseExecutor.java:476)
	at com.kms.katalon.core.main.TestCaseExecutor.processExecutionPhase(TestCaseExecutor.java:455)
	at com.kms.katalon.core.main.TestCaseExecutor.accessMainPhase(TestCaseExecutor.java:447)
	at com.kms.katalon.core.main.TestCaseExecutor.execute(TestCaseExecutor.java:321)
	at com.kms.katalon.core.main.TestCaseExecutor.execute(TestCaseExecutor.java:405)
	at com.kms.katalon.core.main.TestCaseExecutor.execute(TestCaseExecutor.java:405)
	at com.kms.katalon.core.main.TestCaseExecutor.execute(TestCaseExecutor.java:405)
	at com.kms.katalon.core.common.CommonExecutor.accessTestCaseMainPhase(CommonExecutor.java:71)
	at com.kms.katalon.core.main.TestSuiteExecutor.accessTestSuiteMainPhase(TestSuiteExecutor.java:160)
	at com.kms.katalon.core.main.TestSuiteExecutor.execute(TestSuiteExecutor.java:107)
	at com.kms.katalon.core.main.TestCaseMain.startTestSuite(TestCaseMain.java:195)
	at TempTestSuite1753108432410.run(TempTestSuite1753108432410.groovy:35)
	at java.base/jdk.internal.reflect.NativeMethodAccessorImpl.invoke0(Native Method)
	at java.base/jdk.internal.reflect.NativeMethodAccessorImpl.invoke(NativeMethodAccessorImpl.java:77)
	at java.base/jdk.internal.reflect.DelegatingMethodAccessorImpl.invoke(DelegatingMethodAccessorImpl.java:43)
Caused by: org.openqa.selenium.UnhandledAlertException: unexpected alert open: {Alert text : You have unsaved changes.  Click Ok to discard your changes and continue.  Otherwise, click cancel.}
  (Session info: chrome=138.0.7204.101): You have unsaved changes.  Click Ok to discard your changes and continue.  Otherwise, click cancel.
Build info: version: '4.28.1', revision: '73f5ad48a2'
System info: os.name: 'Windows 11', os.arch: 'amd64', os.version: '10.0', java.version: '17.0.14'
Driver info: com.kms.katalon.selenium.driver.CChromeDriver
Command: [269f272fd861c253f9977d66e7be4b38, findElements {using=xpath, value=//table[@id='departmentsGrid']/tbody/tr/td[6]}]
Capabilities {acceptInsecureCerts: false, browserName: chrome, browserVersion: 138.0.7204.101, chrome: {chromedriverVersion: 137.0.7151.55 (254bc711794d..., userDataDir: C:\Users\AI-PC-~1\AppData\L...}, fedcm:accounts: true, goog:chromeOptions: {debuggerAddress: localhost:63918}, networkConnectionEnabled: false, pageLoadStrategy: normal, platformName: windows, proxy: Proxy(), se:cdp: ws://localhost:63918/devtoo..., se:cdpVersion: 138.0.7204.101, setWindowRect: true, strictFileInteractability: false, timeouts: {implicit: 0, pageLoad: 300000, script: 30000}, unhandledPromptBehavior: ignore, webSocketUrl: ws://localhost:23213/sessio..., webauthn:extension:credBlob: true, webauthn:extension:largeBlob: true, webauthn:extension:minPinLength: true, webauthn:extension:prf: true, webauthn:virtualAuthenticators: true}
Session ID: 269f272fd861c253f9977d66e7be4b38
	at org.openqa.selenium.remote.codec.w3c.W3CHttpResponseCodec.decode(W3CHttpResponseCodec.java:136)
	at org.openqa.selenium.remote.codec.w3c.W3CHttpResponseCodec.decode(W3CHttpResponseCodec.java:50)
	at org.openqa.selenium.remote.HttpCommandExecutor.execute(HttpCommandExecutor.java:215)
	at org.openqa.selenium.remote.service.DriverCommandExecutor.invokeExecute(DriverCommandExecutor.java:216)
	at org.openqa.selenium.remote.service.DriverCommandExecutor.execute(DriverCommandExecutor.java:174)
	at org.openqa.selenium.remote.RemoteWebDriver.execute(RemoteWebDriver.java:545)
	at org.openqa.selenium.remote.ElementLocation$ElementFinder$2.findElements(ElementLocation.java:182)
	at org.openqa.selenium.remote.ElementLocation.findElements(ElementLocation.java:103)
	at org.openqa.selenium.remote.RemoteWebDriver.findElements(RemoteWebDriver.java:381)
	at org.openqa.selenium.remote.RemoteWebDriver.findElements(RemoteWebDriver.java:375)
	at jdk.internal.reflect.GeneratedMethodAccessor14.invoke(Unknown Source)
	at java.base/jdk.internal.reflect.DelegatingMethodAccessorImpl.invoke(DelegatingMethodAccessorImpl.java:43)
	at org.openqa.selenium.support.decorators.WebDriverDecorator.call(WebDriverDecorator.java:315)
	at org.openqa.selenium.support.decorators.DefaultDecorated.call(DefaultDecorated.java:48)
	at org.openqa.selenium.support.decorators.WebDriverDecorator.lambda$createProxyFactory$3(WebDriverDecorator.java:405)
	at org.openqa.selenium.remote.RemoteWebDriver$ByteBuddy$mfjxB8la.findElements(Unknown Source)
	at com.kms.katalon.core.webui.common.WebUiCommonHelper.findElementByNormalMethods(WebUiCommonHelper.java:1064)
	at com.kms.katalon.core.webui.common.WebUiCommonHelper.findElementsBySelectedMethod(WebUiCommonHelper.java:955)
	at com.kms.katalon.core.webui.common.WebUiCommonHelper.findElementsBySelectedMethod(WebUiCommonHelper.java:937)
	at com.kms.katalon.core.webui.common.WebUiCommonHelper.findElementsBySelectedMethod(WebUiCommonHelper.java:932)
	at com.kms.katalon.core.webui.common.WebUiCommonHelper.findElementsByDefault(WebUiCommonHelper.java:928)
	at com.kms.katalon.core.webui.common.WebUiCommonHelper.findElementsWithSelfHealing(WebUiCommonHelper.java:774)
	at com.kms.katalon.core.webui.common.WebUiCommonHelper.findWebElements(WebUiCommonHelper.java:758)
	at com.kms.katalon.core.webui.common.WebUiCommonHelper.findWebElement(WebUiCommonHelper.java:1448)
	at com.kms.katalon.core.webui.keyword.internal.WebUIAbstractKeyword.findWebElement(WebUIAbstractKeyword.groovy:27)
	at com.kms.katalon.core.webui.keyword.builtin.VerifyElementTextKeyword$_verifyElementText_closure1.doCall(VerifyElementTextKeyword.groovy:52)
	at com.kms.katalon.core.webui.keyword.builtin.VerifyElementTextKeyword$_verifyElementText_closure1.call(VerifyElementTextKeyword.groovy)
	at com.kms.katalon.core.webui.keyword.internal.WebUIKeywordMain.runKeyword(WebUIKeywordMain.groovy:35)
	... 23 more


21-07-2025T20:05:13 - [TEST_STEP][FAILED] - verifyElementText(findTestObject("Object Repository/Shared/SH_VerifyFieldSortingAndFiltering/Page_IBEX Payroll - Organization Payroll De_204c37/td_value _"), G_Custom_Value_01): Verify element text of test object 'Object Repository/Shared/SH_VerifyFieldSortingAndFiltering/Page_IBEX Payroll - Organization Payroll De_204c37/td_value _' FAILED. (Root cause: com.kms.katalon.core.exception.StepFailedException: Verify element text of test object 'Object Repository/Shared/SH_VerifyFieldSortingAndFiltering/Page_IBEX Payroll - Organization Payroll De_204c37/td_value _' FAILED.
	at com.kms.katalon.core.webui.keyword.internal.WebUIKeywordMain.stepFailed(WebUIKeywordMain.groovy:118)
	at com.kms.katalon.core.webui.keyword.internal.WebUIKeywordMain.runKeyword(WebUIKeywordMain.groovy:43)
	at com.kms.katalon.core.webui.keyword.builtin.VerifyElementTextKeyword.verifyElementText(VerifyElementTextKeyword.groovy:72)
	at com.kms.katalon.core.webui.keyword.builtin.VerifyElementTextKeyword.execute(VerifyElementTextKeyword.groovy:40)
	at com.kms.katalon.core.keyword.internal.KeywordExecutor.executeKeywordForPlatform(KeywordExecutor.groovy:64)
	at com.kms.katalon.core.webui.keyword.WebUiBuiltInKeywords.verifyElementText(WebUiBuiltInKeywords.groovy:4994)
	at TC13_VerifyTableFieldValues.run(TC13_VerifyTableFieldValues:20)
	at com.kms.katalon.core.main.ScriptEngine.run(ScriptEngine.java:194)
	at com.kms.katalon.core.main.ScriptEngine.runScriptAsRawText(ScriptEngine.java:119)
	at com.kms.katalon.core.main.TestCaseExecutor.runScript(TestCaseExecutor.java:485)
	at com.kms.katalon.core.main.TestCaseExecutor.doExecute(TestCaseExecutor.java:476)
	at com.kms.katalon.core.main.TestCaseExecutor.processExecutionPhase(TestCaseExecutor.java:455)
	at com.kms.katalon.core.main.TestCaseExecutor.accessMainPhase(TestCaseExecutor.java:447)
	at com.kms.katalon.core.main.TestCaseExecutor.execute(TestCaseExecutor.java:321)
	at com.kms.katalon.core.main.TestCaseExecutor.execute(TestCaseExecutor.java:405)
	at com.kms.katalon.core.main.TestCaseExecutor.execute(TestCaseExecutor.java:405)
	at com.kms.katalon.core.main.TestCaseExecutor.execute(TestCaseExecutor.java:405)
	at com.kms.katalon.core.common.CommonExecutor.accessTestCaseMainPhase(CommonExecutor.java:71)
	at com.kms.katalon.core.main.TestSuiteExecutor.accessTestSuiteMainPhase(TestSuiteExecutor.java:160)
	at com.kms.katalon.core.main.TestSuiteExecutor.execute(TestSuiteExecutor.java:107)
	at com.kms.katalon.core.main.TestCaseMain.startTestSuite(TestCaseMain.java:195)
	at TempTestSuite1753108432410.run(TempTestSuite1753108432410.groovy:35)
	at java.base/jdk.internal.reflect.NativeMethodAccessorImpl.invoke0(Native Method)
	at java.base/jdk.internal.reflect.NativeMethodAccessorImpl.invoke(NativeMethodAccessorImpl.java:77)
	at java.base/jdk.internal.reflect.DelegatingMethodAccessorImpl.invoke(DelegatingMethodAccessorImpl.java:43)
Caused by: org.openqa.selenium.UnhandledAlertException: unexpected alert open: {Alert text : You have unsaved changes.  Click Ok to discard your changes and continue.  Otherwise, click cancel.}
  (Session info: chrome=138.0.7204.101): You have unsaved changes.  Click Ok to discard your changes and continue.  Otherwise, click cancel.
Build info: version: '4.28.1', revision: '73f5ad48a2'
System info: os.name: 'Windows 11', os.arch: 'amd64', os.version: '10.0', java.version: '17.0.14'
Driver info: com.kms.katalon.selenium.driver.CChromeDriver
Command: [269f272fd861c253f9977d66e7be4b38, findElements {using=xpath, value=//table[@id='departmentsGrid']/tbody/tr/td[6]}]
Capabilities {acceptInsecureCerts: false, browserName: chrome, browserVersion: 138.0.7204.101, chrome: {chromedriverVersion: 137.0.7151.55 (254bc711794d..., userDataDir: C:\Users\AI-PC-~1\AppData\L...}, fedcm:accounts: true, goog:chromeOptions: {debuggerAddress: localhost:63918}, networkConnectionEnabled: false, pageLoadStrategy: normal, platformName: windows, proxy: Proxy(), se:cdp: ws://localhost:63918/devtoo..., se:cdpVersion: 138.0.7204.101, setWindowRect: true, strictFileInteractability: false, timeouts: {implicit: 0, pageLoad: 300000, script: 30000}, unhandledPromptBehavior: ignore, webSocketUrl: ws://localhost:23213/sessio..., webauthn:extension:credBlob: true, webauthn:extension:largeBlob: true, webauthn:extension:minPinLength: true, webauthn:extension:prf: true, webauthn:virtualAuthenticators: true}
Session ID: 269f272fd861c253f9977d66e7be4b38
	at org.openqa.selenium.remote.codec.w3c.W3CHttpResponseCodec.decode(W3CHttpResponseCodec.java:136)
	at org.openqa.selenium.remote.codec.w3c.W3CHttpResponseCodec.decode(W3CHttpResponseCodec.java:50)
	at org.openqa.selenium.remote.HttpCommandExecutor.execute(HttpCommandExecutor.java:215)
	at org.openqa.selenium.remote.service.DriverCommandExecutor.invokeExecute(DriverCommandExecutor.java:216)
	at org.openqa.selenium.remote.service.DriverCommandExecutor.execute(DriverCommandExecutor.java:174)
	at org.openqa.selenium.remote.RemoteWebDriver.execute(RemoteWebDriver.java:545)
	at org.openqa.selenium.remote.ElementLocation$ElementFinder$2.findElements(ElementLocation.java:182)
	at org.openqa.selenium.remote.ElementLocation.findElements(ElementLocation.java:103)
	at org.openqa.selenium.remote.RemoteWebDriver.findElements(RemoteWebDriver.java:381)
	at org.openqa.selenium.remote.RemoteWebDriver.findElements(RemoteWebDriver.java:375)
	at jdk.internal.reflect.GeneratedMethodAccessor14.invoke(Unknown Source)
	at java.base/jdk.internal.reflect.DelegatingMethodAccessorImpl.invoke(DelegatingMethodAccessorImpl.java:43)
	at org.openqa.selenium.support.decorators.WebDriverDecorator.call(WebDriverDecorator.java:315)
	at org.openqa.selenium.support.decorators.DefaultDecorated.call(DefaultDecorated.java:48)
	at org.openqa.selenium.support.decorators.WebDriverDecorator.lambda$createProxyFactory$3(WebDriverDecorator.java:405)
	at org.openqa.selenium.remote.RemoteWebDriver$ByteBuddy$mfjxB8la.findElements(Unknown Source)
	at com.kms.katalon.core.webui.common.WebUiCommonHelper.findElementByNormalMethods(WebUiCommonHelper.java:1064)
	at com.kms.katalon.core.webui.common.WebUiCommonHelper.findElementsBySelectedMethod(WebUiCommonHelper.java:955)
	at com.kms.katalon.core.webui.common.WebUiCommonHelper.findElementsBySelectedMethod(WebUiCommonHelper.java:937)
	at com.kms.katalon.core.webui.common.WebUiCommonHelper.findElementsBySelectedMethod(WebUiCommonHelper.java:932)
	at com.kms.katalon.core.webui.common.WebUiCommonHelper.findElementsByDefault(WebUiCommonHelper.java:928)
	at com.kms.katalon.core.webui.common.WebUiCommonHelper.findElementsWithSelfHealing(WebUiCommonHelper.java:774)
	at com.kms.katalon.core.webui.common.WebUiCommonHelper.findWebElements(WebUiCommonHelper.java:758)
	at com.kms.katalon.core.webui.common.WebUiCommonHelper.findWebElement(WebUiCommonHelper.java:1448)
	at com.kms.katalon.core.webui.keyword.internal.WebUIAbstractKeyword.findWebElement(WebUIAbstractKeyword.groovy:27)
	at com.kms.katalon.core.webui.keyword.builtin.VerifyElementTextKeyword$_verifyElementText_closure1.doCall(VerifyElementTextKeyword.groovy:52)
	at com.kms.katalon.core.webui.keyword.builtin.VerifyElementTextKeyword$_verifyElementText_closure1.call(VerifyElementTextKeyword.groovy)
	at com.kms.katalon.core.webui.keyword.internal.WebUIKeywordMain.runKeyword(WebUIKeywordMain.groovy:35)
	at com.kms.katalon.core.webui.keyword.builtin.VerifyElementTextKeyword.verifyElementText(VerifyElementTextKeyword.groovy:72)
	at com.kms.katalon.core.webui.keyword.builtin.VerifyElementTextKeyword.execute(VerifyElementTextKeyword.groovy:40)
	at com.kms.katalon.core.keyword.internal.KeywordExecutor.executeKeywordForPlatform(KeywordExecutor.groovy:64)
	at com.kms.katalon.core.webui.keyword.WebUiBuiltInKeywords.verifyElementText(WebUiBuiltInKeywords.groovy:4994)
	at Script1753099438761.run(Script1753099438761.groovy:20)
	... 18 more
)

21-07-2025T20:05:13 - [MESSAGE][WARNING] - [SELF-HEALING] Failed to find element with id 'Object Repository/Shared/SH_VerifyFieldSortingAndFiltering/Page_IBEX Payroll - Organization Payroll De_204c37/td_value _'. Try using Self-healing.

21-07-2025T20:05:13 - [MESSAGE][WARNING] - [SELF-HEALING] unexpected alert open: {Alert text : You have unsaved changes.  Click Ok to discard your changes and continue.  Otherwise, click cancel.}
  (Session info: chrome=138.0.7204.101): You have unsaved changes.  Click Ok to discard your changes and continue.  Otherwise, click cancel.
Build info: version: '4.28.1', revision: '73f5ad48a2'
System info: os.name: 'Windows 11', os.arch: 'amd64', os.version: '10.0', java.version: '17.0.14'
Driver info: com.kms.katalon.selenium.driver.CChromeDriver
Command: [269f272fd861c253f9977d66e7be4b38, findElements {using=xpath, value=//table[@id='departmentsGrid']/tbody/tr/td[6]}]
Capabilities {acceptInsecureCerts: false, browserName: chrome, browserVersion: 138.0.7204.101, chrome: {chromedriverVersion: 137.0.7151.55 (254bc711794d..., userDataDir: C:\Users\AI-PC-~1\AppData\L...}, fedcm:accounts: true, goog:chromeOptions: {debuggerAddress: localhost:63918}, networkConnectionEnabled: false, pageLoadStrategy: normal, platformName: windows, proxy: Proxy(), se:cdp: ws://localhost:63918/devtoo..., se:cdpVersion: 138.0.7204.101, setWindowRect: true, strictFileInteractability: false, timeouts: {implicit: 0, pageLoad: 300000, script: 30000}, unhandledPromptBehavior: ignore, webSocketUrl: ws://localhost:23213/sessio..., webauthn:extension:credBlob: true, webauthn:extension:largeBlob: true, webauthn:extension:minPinLength: true, webauthn:extension:prf: true, webauthn:virtualAuthenticators: true}
Session ID: 269f272fd861c253f9977d66e7be4b38

21-07-2025T20:05:14 - [MESSAGE][WARNING] - [SELF-HEALING] unexpected alert open: {Alert text : You have unsaved changes.  Click Ok to discard your changes and continue.  Otherwise, click cancel.}
  (Session info: chrome=138.0.7204.101): You have unsaved changes.  Click Ok to discard your changes and continue.  Otherwise, click cancel.
Build info: version: '4.28.1', revision: '73f5ad48a2'
System info: os.name: 'Windows 11', os.arch: 'amd64', os.version: '10.0', java.version: '17.0.14'
Driver info: com.kms.katalon.selenium.driver.CChromeDriver
Command: [269f272fd861c253f9977d66e7be4b38, findElements {using=xpath, value=//*[(text() = '
                       value _
                    ' or . = '
                       value _
                    ')]}]
Capabilities {acceptInsecureCerts: false, browserName: chrome, browserVersion: 138.0.7204.101, chrome: {chromedriverVersion: 137.0.7151.55 (254bc711794d..., userDataDir: C:\Users\AI-PC-~1\AppData\L...}, fedcm:accounts: true, goog:chromeOptions: {debuggerAddress: localhost:63918}, networkConnectionEnabled: false, pageLoadStrategy: normal, platformName: windows, proxy: Proxy(), se:cdp: ws://localhost:63918/devtoo..., se:cdpVersion: 138.0.7204.101, setWindowRect: true, strictFileInteractability: false, timeouts: {implicit: 0, pageLoad: 300000, script: 30000}, unhandledPromptBehavior: ignore, webSocketUrl: ws://localhost:23213/sessio..., webauthn:extension:credBlob: true, webauthn:extension:largeBlob: true, webauthn:extension:minPinLength: true, webauthn:extension:prf: true, webauthn:virtualAuthenticators: true}
Session ID: 269f272fd861c253f9977d66e7be4b38

21-07-2025T20:05:14 - [MESSAGE][WARNING] - [SELF-HEALING] unexpected alert open: {Alert text : You have unsaved changes.  Click Ok to discard your changes and continue.  Otherwise, click cancel.}
  (Session info: chrome=138.0.7204.101): You have unsaved changes.  Click Ok to discard your changes and continue.  Otherwise, click cancel.
Build info: version: '4.28.1', revision: '73f5ad48a2'
System info: os.name: 'Windows 11', os.arch: 'amd64', os.version: '10.0', java.version: '17.0.14'
Driver info: com.kms.katalon.selenium.driver.CChromeDriver
Command: [269f272fd861c253f9977d66e7be4b38, findElements {using=css selector, value=td:nth-of-type(6)}]
Capabilities {acceptInsecureCerts: false, browserName: chrome, browserVersion: 138.0.7204.101, chrome: {chromedriverVersion: 137.0.7151.55 (254bc711794d..., userDataDir: C:\Users\AI-PC-~1\AppData\L...}, fedcm:accounts: true, goog:chromeOptions: {debuggerAddress: localhost:63918}, networkConnectionEnabled: false, pageLoadStrategy: normal, platformName: windows, proxy: Proxy(), se:cdp: ws://localhost:63918/devtoo..., se:cdpVersion: 138.0.7204.101, setWindowRect: true, strictFileInteractability: false, timeouts: {implicit: 0, pageLoad: 300000, script: 30000}, unhandledPromptBehavior: ignore, webSocketUrl: ws://localhost:23213/sessio..., webauthn:extension:credBlob: true, webauthn:extension:largeBlob: true, webauthn:extension:minPinLength: true, webauthn:extension:prf: true, webauthn:virtualAuthenticators: true}
Session ID: 269f272fd861c253f9977d66e7be4b38

21-07-2025T20:05:14 - [MESSAGE][WARNING] - Cannot take screenshot

21-07-2025T20:05:14 - [MESSAGE][FAILED] - Verify element text of test object 'Object Repository/Shared/SH_VerifyFieldSortingAndFiltering/Page_IBEX Payroll - Organization Payroll De_204c37/td_value _' FAILED. (Root cause: com.kms.katalon.core.exception.StepFailedException: Verify element text of test object 'Object Repository/Shared/SH_VerifyFieldSortingAndFiltering/Page_IBEX Payroll - Organization Payroll De_204c37/td_value _' FAILED.
	at com.kms.katalon.core.webui.keyword.internal.WebUIKeywordMain.stepFailed(WebUIKeywordMain.groovy:118)
	at com.kms.katalon.core.webui.keyword.internal.WebUIKeywordMain.runKeyword(WebUIKeywordMain.groovy:43)
	at com.kms.katalon.core.webui.keyword.builtin.VerifyElementTextKeyword.verifyElementText(VerifyElementTextKeyword.groovy:72)
	at com.kms.katalon.core.webui.keyword.builtin.VerifyElementTextKeyword.execute(VerifyElementTextKeyword.groovy:40)
	at com.kms.katalon.core.keyword.internal.KeywordExecutor.executeKeywordForPlatform(KeywordExecutor.groovy:64)
	at com.kms.katalon.core.webui.keyword.WebUiBuiltInKeywords.verifyElementText(WebUiBuiltInKeywords.groovy:4994)
	at TC13_VerifyTableFieldValues.run(TC13_VerifyTableFieldValues:20)
	at com.kms.katalon.core.main.ScriptEngine.run(ScriptEngine.java:194)
	at com.kms.katalon.core.main.ScriptEngine.runScriptAsRawText(ScriptEngine.java:119)
	at com.kms.katalon.core.main.TestCaseExecutor.runScript(TestCaseExecutor.java:485)
	at com.kms.katalon.core.main.TestCaseExecutor.doExecute(TestCaseExecutor.java:476)
	at com.kms.katalon.core.main.TestCaseExecutor.processExecutionPhase(TestCaseExecutor.java:455)
	at com.kms.katalon.core.main.TestCaseExecutor.accessMainPhase(TestCaseExecutor.java:447)
	at com.kms.katalon.core.main.TestCaseExecutor.execute(TestCaseExecutor.java:321)
	at com.kms.katalon.core.main.TestCaseExecutor.execute(TestCaseExecutor.java:405)
	at com.kms.katalon.core.main.TestCaseExecutor.execute(TestCaseExecutor.java:405)
	at com.kms.katalon.core.main.TestCaseExecutor.execute(TestCaseExecutor.java:405)
	at com.kms.katalon.core.common.CommonExecutor.accessTestCaseMainPhase(CommonExecutor.java:71)
	at com.kms.katalon.core.main.TestSuiteExecutor.accessTestSuiteMainPhase(TestSuiteExecutor.java:160)
	at com.kms.katalon.core.main.TestSuiteExecutor.execute(TestSuiteExecutor.java:107)
	at com.kms.katalon.core.main.TestCaseMain.startTestSuite(TestCaseMain.java:195)
	at TempTestSuite1753108432410.run(TempTestSuite1753108432410.groovy:35)
	at java.base/jdk.internal.reflect.NativeMethodAccessorImpl.invoke0(Native Method)
	at java.base/jdk.internal.reflect.NativeMethodAccessorImpl.invoke(NativeMethodAccessorImpl.java:77)
	at java.base/jdk.internal.reflect.DelegatingMethodAccessorImpl.invoke(DelegatingMethodAccessorImpl.java:43)
Caused by: org.openqa.selenium.UnhandledAlertException: unexpected alert open: {Alert text : You have unsaved changes.  Click Ok to discard your changes and continue.  Otherwise, click cancel.}
  (Session info: chrome=138.0.7204.101): You have unsaved changes.  Click Ok to discard your changes and continue.  Otherwise, click cancel.
Build info: version: '4.28.1', revision: '73f5ad48a2'
System info: os.name: 'Windows 11', os.arch: 'amd64', os.version: '10.0', java.version: '17.0.14'
Driver info: com.kms.katalon.selenium.driver.CChromeDriver
Command: [269f272fd861c253f9977d66e7be4b38, findElements {using=xpath, value=//table[@id='departmentsGrid']/tbody/tr/td[6]}]
Capabilities {acceptInsecureCerts: false, browserName: chrome, browserVersion: 138.0.7204.101, chrome: {chromedriverVersion: 137.0.7151.55 (254bc711794d..., userDataDir: C:\Users\AI-PC-~1\AppData\L...}, fedcm:accounts: true, goog:chromeOptions: {debuggerAddress: localhost:63918}, networkConnectionEnabled: false, pageLoadStrategy: normal, platformName: windows, proxy: Proxy(), se:cdp: ws://localhost:63918/devtoo..., se:cdpVersion: 138.0.7204.101, setWindowRect: true, strictFileInteractability: false, timeouts: {implicit: 0, pageLoad: 300000, script: 30000}, unhandledPromptBehavior: ignore, webSocketUrl: ws://localhost:23213/sessio..., webauthn:extension:credBlob: true, webauthn:extension:largeBlob: true, webauthn:extension:minPinLength: true, webauthn:extension:prf: true, webauthn:virtualAuthenticators: true}
Session ID: 269f272fd861c253f9977d66e7be4b38
	at org.openqa.selenium.remote.codec.w3c.W3CHttpResponseCodec.decode(W3CHttpResponseCodec.java:136)
	at org.openqa.selenium.remote.codec.w3c.W3CHttpResponseCodec.decode(W3CHttpResponseCodec.java:50)
	at org.openqa.selenium.remote.HttpCommandExecutor.execute(HttpCommandExecutor.java:215)
	at org.openqa.selenium.remote.service.DriverCommandExecutor.invokeExecute(DriverCommandExecutor.java:216)
	at org.openqa.selenium.remote.service.DriverCommandExecutor.execute(DriverCommandExecutor.java:174)
	at org.openqa.selenium.remote.RemoteWebDriver.execute(RemoteWebDriver.java:545)
	at org.openqa.selenium.remote.ElementLocation$ElementFinder$2.findElements(ElementLocation.java:182)
	at org.openqa.selenium.remote.ElementLocation.findElements(ElementLocation.java:103)
	at org.openqa.selenium.remote.RemoteWebDriver.findElements(RemoteWebDriver.java:381)
	at org.openqa.selenium.remote.RemoteWebDriver.findElements(RemoteWebDriver.java:375)
	at jdk.internal.reflect.GeneratedMethodAccessor14.invoke(Unknown Source)
	at java.base/jdk.internal.reflect.DelegatingMethodAccessorImpl.invoke(DelegatingMethodAccessorImpl.java:43)
	at org.openqa.selenium.support.decorators.WebDriverDecorator.call(WebDriverDecorator.java:315)
	at org.openqa.selenium.support.decorators.DefaultDecorated.call(DefaultDecorated.java:48)
	at org.openqa.selenium.support.decorators.WebDriverDecorator.lambda$createProxyFactory$3(WebDriverDecorator.java:405)
	at org.openqa.selenium.remote.RemoteWebDriver$ByteBuddy$mfjxB8la.findElements(Unknown Source)
	at com.kms.katalon.core.webui.common.WebUiCommonHelper.findElementByNormalMethods(WebUiCommonHelper.java:1064)
	at com.kms.katalon.core.webui.common.WebUiCommonHelper.findElementsBySelectedMethod(WebUiCommonHelper.java:955)
	at com.kms.katalon.core.webui.common.WebUiCommonHelper.findElementsBySelectedMethod(WebUiCommonHelper.java:937)
	at com.kms.katalon.core.webui.common.WebUiCommonHelper.findElementsBySelectedMethod(WebUiCommonHelper.java:932)
	at com.kms.katalon.core.webui.common.WebUiCommonHelper.findElementsByDefault(WebUiCommonHelper.java:928)
	at com.kms.katalon.core.webui.common.WebUiCommonHelper.findElementsWithSelfHealing(WebUiCommonHelper.java:774)
	at com.kms.katalon.core.webui.common.WebUiCommonHelper.findWebElements(WebUiCommonHelper.java:758)
	at com.kms.katalon.core.webui.common.WebUiCommonHelper.findWebElement(WebUiCommonHelper.java:1448)
	at com.kms.katalon.core.webui.keyword.internal.WebUIAbstractKeyword.findWebElement(WebUIAbstractKeyword.groovy:27)
	at com.kms.katalon.core.webui.keyword.builtin.VerifyElementTextKeyword$_verifyElementText_closure1.doCall(VerifyElementTextKeyword.groovy:52)
	at com.kms.katalon.core.webui.keyword.builtin.VerifyElementTextKeyword$_verifyElementText_closure1.call(VerifyElementTextKeyword.groovy)
	at com.kms.katalon.core.webui.keyword.internal.WebUIKeywordMain.runKeyword(WebUIKeywordMain.groovy:35)
	at com.kms.katalon.core.webui.keyword.builtin.VerifyElementTextKeyword.verifyElementText(VerifyElementTextKeyword.groovy:72)
	at com.kms.katalon.core.webui.keyword.builtin.VerifyElementTextKeyword.execute(VerifyElementTextKeyword.groovy:40)
	at com.kms.katalon.core.keyword.internal.KeywordExecutor.executeKeywordForPlatform(KeywordExecutor.groovy:64)
	at com.kms.katalon.core.webui.keyword.WebUiBuiltInKeywords.verifyElementText(WebUiBuiltInKeywords.groovy:4994)
	at Script1753099438761.run(Script1753099438761.groovy:20)
	... 18 more
)]]></system-out>
         <system-err><![CDATA[21-07-2025T20:05:13 - [TEST_CASE][FAILED] - Test Cases/Departments/TC13_VerifyTableFieldValues: Test Cases/Departments/TC13_VerifyTableFieldValues FAILED.
Reason:
com.kms.katalon.core.exception.StepFailedException: Verify element text of test object 'Object Repository/Shared/SH_VerifyFieldSortingAndFiltering/Page_IBEX Payroll - Organization Payroll De_204c37/td_value _' FAILED.
	at com.kms.katalon.core.webui.keyword.internal.WebUIKeywordMain.stepFailed(WebUIKeywordMain.groovy:118)
	at com.kms.katalon.core.webui.keyword.internal.WebUIKeywordMain.runKeyword(WebUIKeywordMain.groovy:43)
	at com.kms.katalon.core.webui.keyword.builtin.VerifyElementTextKeyword.verifyElementText(VerifyElementTextKeyword.groovy:72)
	at com.kms.katalon.core.webui.keyword.builtin.VerifyElementTextKeyword.execute(VerifyElementTextKeyword.groovy:40)
	at com.kms.katalon.core.keyword.internal.KeywordExecutor.executeKeywordForPlatform(KeywordExecutor.groovy:64)
	at com.kms.katalon.core.webui.keyword.WebUiBuiltInKeywords.verifyElementText(WebUiBuiltInKeywords.groovy:4994)
	at TC13_VerifyTableFieldValues.run(TC13_VerifyTableFieldValues:20)
	at com.kms.katalon.core.main.ScriptEngine.run(ScriptEngine.java:194)
	at com.kms.katalon.core.main.ScriptEngine.runScriptAsRawText(ScriptEngine.java:119)
	at com.kms.katalon.core.main.TestCaseExecutor.runScript(TestCaseExecutor.java:485)
	at com.kms.katalon.core.main.TestCaseExecutor.doExecute(TestCaseExecutor.java:476)
	at com.kms.katalon.core.main.TestCaseExecutor.processExecutionPhase(TestCaseExecutor.java:455)
	at com.kms.katalon.core.main.TestCaseExecutor.accessMainPhase(TestCaseExecutor.java:447)
	at com.kms.katalon.core.main.TestCaseExecutor.execute(TestCaseExecutor.java:321)
	at com.kms.katalon.core.main.TestCaseExecutor.execute(TestCaseExecutor.java:405)
	at com.kms.katalon.core.main.TestCaseExecutor.execute(TestCaseExecutor.java:405)
	at com.kms.katalon.core.main.TestCaseExecutor.execute(TestCaseExecutor.java:405)
	at com.kms.katalon.core.common.CommonExecutor.accessTestCaseMainPhase(CommonExecutor.java:71)
	at com.kms.katalon.core.main.TestSuiteExecutor.accessTestSuiteMainPhase(TestSuiteExecutor.java:160)
	at com.kms.katalon.core.main.TestSuiteExecutor.execute(TestSuiteExecutor.java:107)
	at com.kms.katalon.core.main.TestCaseMain.startTestSuite(TestCaseMain.java:195)
	at TempTestSuite1753108432410.run(TempTestSuite1753108432410.groovy:35)
	at java.base/jdk.internal.reflect.NativeMethodAccessorImpl.invoke0(Native Method)
	at java.base/jdk.internal.reflect.NativeMethodAccessorImpl.invoke(NativeMethodAccessorImpl.java:77)
	at java.base/jdk.internal.reflect.DelegatingMethodAccessorImpl.invoke(DelegatingMethodAccessorImpl.java:43)
Caused by: org.openqa.selenium.UnhandledAlertException: unexpected alert open: {Alert text : You have unsaved changes.  Click Ok to discard your changes and continue.  Otherwise, click cancel.}
  (Session info: chrome=138.0.7204.101): You have unsaved changes.  Click Ok to discard your changes and continue.  Otherwise, click cancel.
Build info: version: '4.28.1', revision: '73f5ad48a2'
System info: os.name: 'Windows 11', os.arch: 'amd64', os.version: '10.0', java.version: '17.0.14'
Driver info: com.kms.katalon.selenium.driver.CChromeDriver
Command: [269f272fd861c253f9977d66e7be4b38, findElements {using=xpath, value=//table[@id='departmentsGrid']/tbody/tr/td[6]}]
Capabilities {acceptInsecureCerts: false, browserName: chrome, browserVersion: 138.0.7204.101, chrome: {chromedriverVersion: 137.0.7151.55 (254bc711794d..., userDataDir: C:\Users\AI-PC-~1\AppData\L...}, fedcm:accounts: true, goog:chromeOptions: {debuggerAddress: localhost:63918}, networkConnectionEnabled: false, pageLoadStrategy: normal, platformName: windows, proxy: Proxy(), se:cdp: ws://localhost:63918/devtoo..., se:cdpVersion: 138.0.7204.101, setWindowRect: true, strictFileInteractability: false, timeouts: {implicit: 0, pageLoad: 300000, script: 30000}, unhandledPromptBehavior: ignore, webSocketUrl: ws://localhost:23213/sessio..., webauthn:extension:credBlob: true, webauthn:extension:largeBlob: true, webauthn:extension:minPinLength: true, webauthn:extension:prf: true, webauthn:virtualAuthenticators: true}
Session ID: 269f272fd861c253f9977d66e7be4b38
	at org.openqa.selenium.remote.codec.w3c.W3CHttpResponseCodec.decode(W3CHttpResponseCodec.java:136)
	at org.openqa.selenium.remote.codec.w3c.W3CHttpResponseCodec.decode(W3CHttpResponseCodec.java:50)
	at org.openqa.selenium.remote.HttpCommandExecutor.execute(HttpCommandExecutor.java:215)
	at org.openqa.selenium.remote.service.DriverCommandExecutor.invokeExecute(DriverCommandExecutor.java:216)
	at org.openqa.selenium.remote.service.DriverCommandExecutor.execute(DriverCommandExecutor.java:174)
	at org.openqa.selenium.remote.RemoteWebDriver.execute(RemoteWebDriver.java:545)
	at org.openqa.selenium.remote.ElementLocation$ElementFinder$2.findElements(ElementLocation.java:182)
	at org.openqa.selenium.remote.ElementLocation.findElements(ElementLocation.java:103)
	at org.openqa.selenium.remote.RemoteWebDriver.findElements(RemoteWebDriver.java:381)
	at org.openqa.selenium.remote.RemoteWebDriver.findElements(RemoteWebDriver.java:375)
	at jdk.internal.reflect.GeneratedMethodAccessor14.invoke(Unknown Source)
	at java.base/jdk.internal.reflect.DelegatingMethodAccessorImpl.invoke(DelegatingMethodAccessorImpl.java:43)
	at org.openqa.selenium.support.decorators.WebDriverDecorator.call(WebDriverDecorator.java:315)
	at org.openqa.selenium.support.decorators.DefaultDecorated.call(DefaultDecorated.java:48)
	at org.openqa.selenium.support.decorators.WebDriverDecorator.lambda$createProxyFactory$3(WebDriverDecorator.java:405)
	at org.openqa.selenium.remote.RemoteWebDriver$ByteBuddy$mfjxB8la.findElements(Unknown Source)
	at com.kms.katalon.core.webui.common.WebUiCommonHelper.findElementByNormalMethods(WebUiCommonHelper.java:1064)
	at com.kms.katalon.core.webui.common.WebUiCommonHelper.findElementsBySelectedMethod(WebUiCommonHelper.java:955)
	at com.kms.katalon.core.webui.common.WebUiCommonHelper.findElementsBySelectedMethod(WebUiCommonHelper.java:937)
	at com.kms.katalon.core.webui.common.WebUiCommonHelper.findElementsBySelectedMethod(WebUiCommonHelper.java:932)
	at com.kms.katalon.core.webui.common.WebUiCommonHelper.findElementsByDefault(WebUiCommonHelper.java:928)
	at com.kms.katalon.core.webui.common.WebUiCommonHelper.findElementsWithSelfHealing(WebUiCommonHelper.java:774)
	at com.kms.katalon.core.webui.common.WebUiCommonHelper.findWebElements(WebUiCommonHelper.java:758)
	at com.kms.katalon.core.webui.common.WebUiCommonHelper.findWebElement(WebUiCommonHelper.java:1448)
	at com.kms.katalon.core.webui.keyword.internal.WebUIAbstractKeyword.findWebElement(WebUIAbstractKeyword.groovy:27)
	at com.kms.katalon.core.webui.keyword.builtin.VerifyElementTextKeyword$_verifyElementText_closure1.doCall(VerifyElementTextKeyword.groovy:52)
	at com.kms.katalon.core.webui.keyword.builtin.VerifyElementTextKeyword$_verifyElementText_closure1.call(VerifyElementTextKeyword.groovy)
	at com.kms.katalon.core.webui.keyword.internal.WebUIKeywordMain.runKeyword(WebUIKeywordMain.groovy:35)
	... 23 more]]></system-err>
      </testcase>
      <system-out><![CDATA[21-07-2025T20:03:54 - [TEST_SUITE][FAILED] - TS_Departments_CustomFieldSettings: null]]></system-out>
      <system-err><![CDATA[21-07-2025T20:03:54 - [TEST_SUITE][FAILED] - TS_Departments_CustomFieldSettings: null]]></system-err>
   </testsuite>
</testsuites>
