Warning: NLS unused message: QTEST in: com.kms.katalon.constants.globalMessages
Warning: NLS missing message: QTEST_NAME in: com.kms.katalon.constants.globalMessages
2025-07-21 20:00:32.887 INFO  c.k.katalon.core.main.TestSuiteExecutor  - START Test Suites/Departments/TS_Departments_CustomFieldSettings
2025-07-21 20:00:32.965 INFO  c.k.katalon.core.main.TestSuiteExecutor  - userFullName = Ayushi Kalia
2025-07-21 20:00:32.966 INFO  c.k.katalon.core.main.TestSuiteExecutor  - projectName = Testing
2025-07-21 20:00:32.966 INFO  c.k.katalon.core.main.TestSuiteExecutor  - hostName = AI-PC-001 - AI-PC-001.lan
2025-07-21 20:00:32.966 INFO  c.k.katalon.core.main.TestSuiteExecutor  - os = Windows 11 64bit
2025-07-21 20:00:32.967 INFO  c.k.katalon.core.main.TestSuiteExecutor  - hostAddress = 192.168.31.113
2025-07-21 20:00:32.968 INFO  c.k.katalon.core.main.TestSuiteExecutor  - katalonVersion = 10.2.3.0
2025-07-21 20:00:33.448 INFO  c.k.katalon.core.main.TestCaseExecutor   - --------------------
2025-07-21 20:00:33.448 INFO  c.k.katalon.core.main.TestCaseExecutor   - START Test Cases/Departments/TC01_SH_LoginAndNavigate
2025-07-21 20:00:33.762 DEBUG testcase.TC01_SH_LoginAndNavigate        - 1: callTestCase(findTestCase("Shared/SH_Login"), [:], STOP_ON_FAILURE)
2025-07-21 20:00:33.902 INFO  c.k.katalon.core.main.TestCaseExecutor   - --------------------
2025-07-21 20:00:33.902 INFO  c.k.katalon.core.main.TestCaseExecutor   - CALL Test Cases/Shared/SH_Login
2025-07-21 20:00:33.961 DEBUG testcase.SH_Login                        - 1: openBrowser("")
2025-07-21 20:00:34.083 INFO  c.k.k.core.webui.driver.DriverFactory    - Starting 'Chrome' driver
2025-07-21 20:00:34.149 INFO  c.k.k.core.webui.driver.DriverFactory    - Action delay is set to 0 milliseconds
Jul 21, 2025 8:00:35 PM org.openqa.selenium.devtools.CdpVersionFinder findNearestMatch
WARNING: Unable to find an exact match for CDP version 138, returning the closest version; found: 135; Please update to a Selenium version that supports CDP version 138
2025-07-21 20:00:35.774 INFO  c.k.k.core.webui.driver.DriverFactory    - sessionId = a3db7b4fe13b64eb7b63e8f05b965f69
2025-07-21 20:00:35.775 INFO  c.k.k.core.webui.driver.DriverFactory    - browser = Chrome 138.0.7204.101
2025-07-21 20:00:35.776 INFO  c.k.k.core.webui.driver.DriverFactory    - platform = Windows 11
2025-07-21 20:00:35.776 INFO  c.k.k.core.webui.driver.DriverFactory    - seleniumVersion = 4.28.1
2025-07-21 20:00:35.783 INFO  c.k.k.core.webui.driver.DriverFactory    - proxyInformation = ProxyInformation { proxyOption=NO_PROXY, proxyServerType=HTTP, username=, password=********, proxyServerAddress=, proxyServerPort=0, executionList="", isApplyToDesiredCapabilities=true }
2025-07-21 20:00:35.829 DEBUG testcase.SH_Login                        - 2: maximizeWindow()
2025-07-21 20:00:35.909 DEBUG testcase.SH_Login                        - 3: navigateToUrl(G_SiteURL)
2025-07-21 20:00:40.549 DEBUG testcase.SH_Login                        - 4: maximizeWindow()
2025-07-21 20:00:40.560 DEBUG testcase.SH_Login                        - 5: setText(findTestObject("Object Repository/Shared/SH_Login/Page_IBEX Payroll - Login/input_Username_Input.Username"), "uat.dstewart")
2025-07-21 20:00:41.222 DEBUG testcase.SH_Login                        - 6: setEncryptedText(findTestObject("Shared/SH_Login/Page_IBEX Payroll - Login/input_Show Password_Input.Password"), "p4y+y39Ir5Oy1MY8jPt0uQ==")
2025-07-21 20:00:41.542 DEBUG testcase.SH_Login                        - 7: click(findTestObject("Object Repository/Shared/SH_Login/Page_IBEX Payroll - Login/input_Remember me_Input.Button"))
2025-07-21 20:00:46.880 INFO  c.k.katalon.core.main.TestCaseExecutor   - END CALL Test Cases/Shared/SH_Login
2025-07-21 20:00:46.880 INFO  c.k.katalon.core.main.TestCaseExecutor   - --------------------
2025-07-21 20:00:46.891 DEBUG testcase.TC01_SH_LoginAndNavigate        - 2: callTestCase(findTestCase("Shared/SH_Navigate(Switch Org)"), [:], STOP_ON_FAILURE)
2025-07-21 20:00:46.963 INFO  c.k.katalon.core.main.TestCaseExecutor   - --------------------
2025-07-21 20:00:46.964 INFO  c.k.katalon.core.main.TestCaseExecutor   - CALL Test Cases/Shared/SH_Navigate(Switch Org)
2025-07-21 20:00:47.029 DEBUG testcase.SH_Login                        - 1: click(findTestObject("Object Repository/Shared/SH_Navigate(Switch Org)/Page_IBEX Payroll - Home/a_swap_horiz Switch SetupSimpleDialog(orgCo_55ee7d"))
2025-07-21 20:00:47.348 DEBUG testcase.SH_Login                        - 2: delay(15)
2025-07-21 20:01:02.380 INFO  c.k.katalon.core.main.TestCaseExecutor   - END CALL Test Cases/Shared/SH_Navigate(Switch Org)
2025-07-21 20:01:02.381 INFO  c.k.katalon.core.main.TestCaseExecutor   - --------------------
2025-07-21 20:01:02.384 INFO  c.k.katalon.core.main.TestCaseExecutor   - END Test Cases/Departments/TC01_SH_LoginAndNavigate
2025-07-21 20:01:02.391 INFO  c.k.katalon.core.main.TestCaseExecutor   - --------------------
2025-07-21 20:01:02.391 INFO  c.k.katalon.core.main.TestCaseExecutor   - START Test Cases/Departments/TC02_VerifyManageDepartmentFields
2025-07-21 20:01:02.441 DEBUG t.TC02_VerifyManageDepartmentFields      - 1: click(findTestObject("Object Repository/Departments/TC02_VerifyManageDepartmentFields/Page_IBEX Payroll - Home/div_Darryl Stewart                         _d15389"))
2025-07-21 20:01:02.735 DEBUG t.TC02_VerifyManageDepartmentFields      - 2: click(findTestObject("Object Repository/Departments/TC02_VerifyManageDepartmentFields/Page_IBEX Payroll - Home/a_business Organization Details"))
2025-07-21 20:01:03.885 DEBUG t.TC02_VerifyManageDepartmentFields      - 3: click(findTestObject("Object Repository/Departments/TC02_VerifyManageDepartmentFields/Page_IBEX Payroll - Organization Detail/a_Payroll Departments"))
2025-07-21 20:01:05.740 DEBUG t.TC02_VerifyManageDepartmentFields      - 4: click(findTestObject("Object Repository/Departments/TC02_VerifyManageDepartmentFields/Page_IBEX Payroll - Organization Payroll De_204c37/a_Manage Department Fields"))
2025-07-21 20:01:09.007 INFO  c.k.katalon.core.main.TestCaseExecutor   - END Test Cases/Departments/TC02_VerifyManageDepartmentFields
2025-07-21 20:01:09.012 INFO  c.k.katalon.core.main.TestCaseExecutor   - --------------------
2025-07-21 20:01:09.012 INFO  c.k.katalon.core.main.TestCaseExecutor   - START Test Cases/Departments/TC03_VerifyCustomFieldOptions
2025-07-21 20:01:09.071 DEBUG testcase.TC03_VerifyCustomFieldOptions   - 1: findWebElement(findTestObject("Object Repository/Departments/TC03_VerifyCustomFieldOotions/Page_IBEX Payroll - Manage Department Field/label_Custom Department Field 1"))
2025-07-21 20:01:12.250 DEBUG testcase.TC03_VerifyCustomFieldOptions   - 2: findWebElement(findTestObject("Object Repository/Departments/TC03_VerifyCustomFieldOotions/Page_IBEX Payroll - Manage Department Field/label_Custom Department Field 2"))
2025-07-21 20:01:15.314 INFO  c.k.katalon.core.main.TestCaseExecutor   - END Test Cases/Departments/TC03_VerifyCustomFieldOptions
2025-07-21 20:01:15.317 INFO  c.k.katalon.core.main.TestCaseExecutor   - --------------------
2025-07-21 20:01:15.317 INFO  c.k.katalon.core.main.TestCaseExecutor   - START Test Cases/Departments/TC08_Validation_Fields_ValidInput
2025-07-21 20:01:15.385 DEBUG t.TC08_Validation_Fields_ValidInput      - 1: setText(findTestObject("Object Repository/Departments/TC08_Validation_Field1_ValidInput/Page_IBEX Payroll - Manage Department Field/input_Custom Department Field 1_field01Value"), G_Custom_Label01)
2025-07-21 20:01:16.039 DEBUG t.TC08_Validation_Fields_ValidInput      - 2: setText(findTestObject("Object Repository/Departments/TC08_Validation_Field1_ValidInput/Page_IBEX Payroll - Manage Department Field/input_Custom Department Field 2_field02Value"), G_Custom_label02)
2025-07-21 20:01:16.637 DEBUG t.TC08_Validation_Fields_ValidInput      - 3: click(findTestObject("Object Repository/Departments/TC08_Validation_Field1_ValidInput/Page_IBEX Payroll - Manage Department Field/button_Save"))
2025-07-21 20:01:16.938 INFO  c.k.katalon.core.main.TestCaseExecutor   - END Test Cases/Departments/TC08_Validation_Fields_ValidInput
2025-07-21 20:01:16.940 INFO  c.k.katalon.core.main.TestCaseExecutor   - --------------------
2025-07-21 20:01:16.940 INFO  c.k.katalon.core.main.TestCaseExecutor   - START Test Cases/Departments/TC10_VerifyColumnsAfterField1Enabled
2025-07-21 20:01:16.998 DEBUG t.TC10_VerifyColumnsAfterField1Enabled   - 1: setText(findTestObject("Object Repository/Departments/TC10_VerifyColumnsAfterField1Enabled/Page_IBEX Payroll - Manage Department Field/input_Custom Department Field 1_field01Value"), G_Custom_Label01)
2025-07-21 20:01:18.099 DEBUG t.TC10_VerifyColumnsAfterField1Enabled   - 2: click(findTestObject("Object Repository/Departments/TC10_VerifyColumnsAfterField1Enabled/Page_IBEX Payroll - Manage Department Field/input_Custom Department Field 1_field02Enabled"))
2025-07-21 20:01:18.401 DEBUG t.TC10_VerifyColumnsAfterField1Enabled   - 3: click(findTestObject("Object Repository/Departments/TC10_VerifyColumnsAfterField1Enabled/Page_IBEX Payroll - Manage Department Field/button_Save"))
2025-07-21 20:01:18.700 DEBUG t.TC10_VerifyColumnsAfterField1Enabled   - 4: click(findTestObject("Object Repository/Departments/TC10_VerifyColumnsAfterField1Enabled/Page_IBEX Payroll - Manage Department Field/a_Back to PAYROLL DEPARTMENTS"))
2025-07-21 20:01:20.873 DEBUG t.TC10_VerifyColumnsAfterField1Enabled   - 5: verifyElementText(findTestObject("Object Repository/Departments/TC10_VerifyColumnsAfterField1Enabled/Page_IBEX Payroll - Organization Payroll De_204c37/custom header 1"), G_Custom_Label01)
2025-07-21 20:01:21.684 INFO  c.k.katalon.core.main.TestCaseExecutor   - END Test Cases/Departments/TC10_VerifyColumnsAfterField1Enabled
2025-07-21 20:01:21.686 INFO  c.k.katalon.core.main.TestCaseExecutor   - --------------------
2025-07-21 20:01:21.686 INFO  c.k.katalon.core.main.TestCaseExecutor   - START Test Cases/Departments/TC10a_VerifyColumnsAfterBothFieldsEnabled
2025-07-21 20:01:21.749 DEBUG C10a_VerifyColumnsAfterBothFieldsEnabled - 1: click(findTestObject("Object Repository/Departments/TC10a_VerifyColumnsAfterBothFieldsEnabled/Page_IBEX Payroll - Organization Payroll De_204c37/a_Manage Department Fields (1)"))
2025-07-21 20:01:22.567 DEBUG C10a_VerifyColumnsAfterBothFieldsEnabled - 2: click(findTestObject("Object Repository/Departments/TC10a_VerifyColumnsAfterBothFieldsEnabled/Page_IBEX Payroll - Manage Department Field/input_Custom Department Field 1_field02Enabled"))
2025-07-21 20:01:25.844 DEBUG C10a_VerifyColumnsAfterBothFieldsEnabled - 3: click(findTestObject("Object Repository/Departments/TC10a_VerifyColumnsAfterBothFieldsEnabled/Page_IBEX Payroll - Manage Department Field/button_Save"))
2025-07-21 20:01:26.156 DEBUG C10a_VerifyColumnsAfterBothFieldsEnabled - 4: click(findTestObject("Object Repository/Departments/TC10a_VerifyColumnsAfterBothFieldsEnabled/Page_IBEX Payroll - Manage Department Field/a_Back to PAYROLL DEPARTMENTS_1"))
2025-07-21 20:01:28.311 DEBUG C10a_VerifyColumnsAfterBothFieldsEnabled - 5: callTestCase(findTestCase("Shared/SH_VerifyCustomField_Header_In_Table"), [:], STOP_ON_FAILURE)
2025-07-21 20:01:28.379 INFO  c.k.katalon.core.main.TestCaseExecutor   - --------------------
2025-07-21 20:01:28.380 INFO  c.k.katalon.core.main.TestCaseExecutor   - CALL Test Cases/Shared/SH_VerifyCustomField_Header_In_Table
2025-07-21 20:01:28.451 DEBUG t.SH_VerifyCustomField_Header_In_Table   - 1: verifyElementText(findTestObject("Object Repository/Shared/SH_VerifyCustomField_Header_In_Table/Page_IBEX Payroll - Organization Payroll De_204c37/th_Valid Input Value 1"), G_Custom_Label01)
2025-07-21 20:01:29.145 DEBUG t.SH_VerifyCustomField_Header_In_Table   - 2: verifyElementText(findTestObject("Object Repository/Shared/SH_VerifyCustomField_Header_In_Table/Page_IBEX Payroll - Organization Payroll De_204c37/th_Valid Text value 2"), G_Custom_label02)
2025-07-21 20:01:29.427 INFO  c.k.katalon.core.main.TestCaseExecutor   - END CALL Test Cases/Shared/SH_VerifyCustomField_Header_In_Table
2025-07-21 20:01:29.427 INFO  c.k.katalon.core.main.TestCaseExecutor   - --------------------
2025-07-21 20:01:29.430 INFO  c.k.katalon.core.main.TestCaseExecutor   - END Test Cases/Departments/TC10a_VerifyColumnsAfterBothFieldsEnabled
2025-07-21 20:01:29.432 INFO  c.k.katalon.core.main.TestCaseExecutor   - --------------------
2025-07-21 20:01:29.432 INFO  c.k.katalon.core.main.TestCaseExecutor   - START Test Cases/Departments/TC11_VerifyFieldsInEditScreen
2025-07-21 20:01:29.493 DEBUG testcase.TC11_VerifyFieldsInEditScreen   - 1: click(findTestObject("Object Repository/Departments/TC11_VerifyFieldsInEditScreen/Page_IBEX Payroll - Organization Payroll De_204c37/a_Edit"))
2025-07-21 20:01:31.530 DEBUG testcase.TC11_VerifyFieldsInEditScreen   - 2: verifyElementText(findTestObject("Object Repository/Departments/TC11_VerifyFieldsInEditScreen/Page_IBEX Payroll - Department Details/label_Valid Input Value 1"), G_Custom_Label01)
2025-07-21 20:01:32.458 ERROR c.k.k.core.keyword.internal.KeywordMain  - ❌ Actual text 'Field Header 1:' and expected text 'Field Header 1' of test object 'Object Repository/Departments/TC11_VerifyFieldsInEditScreen/Page_IBEX Payroll - Department Details/label_Valid Input Value 1' are NOT matched. (Root cause: com.kms.katalon.core.exception.StepFailedException: Actual text 'Field Header 1:' and expected text 'Field Header 1' of test object 'Object Repository/Departments/TC11_VerifyFieldsInEditScreen/Page_IBEX Payroll - Department Details/label_Valid Input Value 1' are NOT matched.
	at com.kms.katalon.core.webui.keyword.internal.WebUIKeywordMain.stepFailed(WebUIKeywordMain.groovy:118)
	at com.kms.katalon.core.webui.keyword.builtin.VerifyElementTextKeyword$_verifyElementText_closure1.doCall(VerifyElementTextKeyword.groovy:57)
	at com.kms.katalon.core.webui.keyword.builtin.VerifyElementTextKeyword$_verifyElementText_closure1.call(VerifyElementTextKeyword.groovy)
	at com.kms.katalon.core.webui.keyword.internal.WebUIKeywordMain.runKeyword(WebUIKeywordMain.groovy:35)
	at com.kms.katalon.core.webui.keyword.builtin.VerifyElementTextKeyword.verifyElementText(VerifyElementTextKeyword.groovy:72)
	at com.kms.katalon.core.webui.keyword.builtin.VerifyElementTextKeyword.execute(VerifyElementTextKeyword.groovy:40)
	at com.kms.katalon.core.keyword.internal.KeywordExecutor.executeKeywordForPlatform(KeywordExecutor.groovy:64)
	at com.kms.katalon.core.webui.keyword.WebUiBuiltInKeywords.verifyElementText(WebUiBuiltInKeywords.groovy:4994)
	at TC11_VerifyFieldsInEditScreen.run(TC11_VerifyFieldsInEditScreen:22)
	at com.kms.katalon.core.main.ScriptEngine.run(ScriptEngine.java:194)
	at com.kms.katalon.core.main.ScriptEngine.runScriptAsRawText(ScriptEngine.java:119)
	at com.kms.katalon.core.main.TestCaseExecutor.runScript(TestCaseExecutor.java:485)
	at com.kms.katalon.core.main.TestCaseExecutor.doExecute(TestCaseExecutor.java:476)
	at com.kms.katalon.core.main.TestCaseExecutor.processExecutionPhase(TestCaseExecutor.java:455)
	at com.kms.katalon.core.main.TestCaseExecutor.accessMainPhase(TestCaseExecutor.java:447)
	at com.kms.katalon.core.main.TestCaseExecutor.execute(TestCaseExecutor.java:321)
	at com.kms.katalon.core.common.CommonExecutor.accessTestCaseMainPhase(CommonExecutor.java:71)
	at com.kms.katalon.core.main.TestSuiteExecutor.accessTestSuiteMainPhase(TestSuiteExecutor.java:160)
	at com.kms.katalon.core.main.TestSuiteExecutor.execute(TestSuiteExecutor.java:107)
	at com.kms.katalon.core.main.TestCaseMain.startTestSuite(TestCaseMain.java:195)
	at TempTestSuite1753108230452.run(TempTestSuite1753108230452.groovy:35)
	at java.base/jdk.internal.reflect.NativeMethodAccessorImpl.invoke0(Native Method)
	at java.base/jdk.internal.reflect.NativeMethodAccessorImpl.invoke(NativeMethodAccessorImpl.java:77)
	at java.base/jdk.internal.reflect.DelegatingMethodAccessorImpl.invoke(DelegatingMethodAccessorImpl.java:43)
)
2025-07-21 20:01:32.560 ERROR c.k.k.core.keyword.internal.KeywordMain  - ❌ Verify element text of test object 'Object Repository/Departments/TC11_VerifyFieldsInEditScreen/Page_IBEX Payroll - Department Details/label_Valid Input Value 1' FAILED. (Root cause: com.kms.katalon.core.exception.StepFailedException: Verify element text of test object 'Object Repository/Departments/TC11_VerifyFieldsInEditScreen/Page_IBEX Payroll - Department Details/label_Valid Input Value 1' FAILED.
	at com.kms.katalon.core.webui.keyword.internal.WebUIKeywordMain.stepFailed(WebUIKeywordMain.groovy:118)
	at com.kms.katalon.core.webui.keyword.internal.WebUIKeywordMain.runKeyword(WebUIKeywordMain.groovy:43)
	at com.kms.katalon.core.webui.keyword.builtin.VerifyElementTextKeyword.verifyElementText(VerifyElementTextKeyword.groovy:72)
	at com.kms.katalon.core.webui.keyword.builtin.VerifyElementTextKeyword.execute(VerifyElementTextKeyword.groovy:40)
	at com.kms.katalon.core.keyword.internal.KeywordExecutor.executeKeywordForPlatform(KeywordExecutor.groovy:64)
	at com.kms.katalon.core.webui.keyword.WebUiBuiltInKeywords.verifyElementText(WebUiBuiltInKeywords.groovy:4994)
	at TC11_VerifyFieldsInEditScreen.run(TC11_VerifyFieldsInEditScreen:22)
	at com.kms.katalon.core.main.ScriptEngine.run(ScriptEngine.java:194)
	at com.kms.katalon.core.main.ScriptEngine.runScriptAsRawText(ScriptEngine.java:119)
	at com.kms.katalon.core.main.TestCaseExecutor.runScript(TestCaseExecutor.java:485)
	at com.kms.katalon.core.main.TestCaseExecutor.doExecute(TestCaseExecutor.java:476)
	at com.kms.katalon.core.main.TestCaseExecutor.processExecutionPhase(TestCaseExecutor.java:455)
	at com.kms.katalon.core.main.TestCaseExecutor.accessMainPhase(TestCaseExecutor.java:447)
	at com.kms.katalon.core.main.TestCaseExecutor.execute(TestCaseExecutor.java:321)
	at com.kms.katalon.core.common.CommonExecutor.accessTestCaseMainPhase(CommonExecutor.java:71)
	at com.kms.katalon.core.main.TestSuiteExecutor.accessTestSuiteMainPhase(TestSuiteExecutor.java:160)
	at com.kms.katalon.core.main.TestSuiteExecutor.execute(TestSuiteExecutor.java:107)
	at com.kms.katalon.core.main.TestCaseMain.startTestSuite(TestCaseMain.java:195)
	at TempTestSuite1753108230452.run(TempTestSuite1753108230452.groovy:35)
	at java.base/jdk.internal.reflect.NativeMethodAccessorImpl.invoke0(Native Method)
	at java.base/jdk.internal.reflect.NativeMethodAccessorImpl.invoke(NativeMethodAccessorImpl.java:77)
	at java.base/jdk.internal.reflect.DelegatingMethodAccessorImpl.invoke(DelegatingMethodAccessorImpl.java:43)
Caused by: com.kms.katalon.core.exception.StepFailedException: Actual text 'Field Header 1:' and expected text 'Field Header 1' of test object 'Object Repository/Departments/TC11_VerifyFieldsInEditScreen/Page_IBEX Payroll - Department Details/label_Valid Input Value 1' are NOT matched.
	at com.kms.katalon.core.webui.keyword.internal.WebUIKeywordMain.stepFailed(WebUIKeywordMain.groovy:118)
	at com.kms.katalon.core.webui.keyword.builtin.VerifyElementTextKeyword$_verifyElementText_closure1.doCall(VerifyElementTextKeyword.groovy:57)
	at com.kms.katalon.core.webui.keyword.builtin.VerifyElementTextKeyword$_verifyElementText_closure1.call(VerifyElementTextKeyword.groovy)
	at com.kms.katalon.core.webui.keyword.internal.WebUIKeywordMain.runKeyword(WebUIKeywordMain.groovy:35)
	... 20 more
)
2025-07-21 20:01:32.562 ERROR c.k.katalon.core.main.TestCaseExecutor   - ❌ Test Cases/Departments/TC11_VerifyFieldsInEditScreen FAILED.
Reason:
com.kms.katalon.core.exception.StepFailedException: Verify element text of test object 'Object Repository/Departments/TC11_VerifyFieldsInEditScreen/Page_IBEX Payroll - Department Details/label_Valid Input Value 1' FAILED.
	at com.kms.katalon.core.webui.keyword.internal.WebUIKeywordMain.stepFailed(WebUIKeywordMain.groovy:118)
	at com.kms.katalon.core.webui.keyword.internal.WebUIKeywordMain.runKeyword(WebUIKeywordMain.groovy:43)
	at com.kms.katalon.core.webui.keyword.builtin.VerifyElementTextKeyword.verifyElementText(VerifyElementTextKeyword.groovy:72)
	at com.kms.katalon.core.webui.keyword.builtin.VerifyElementTextKeyword.execute(VerifyElementTextKeyword.groovy:40)
	at com.kms.katalon.core.keyword.internal.KeywordExecutor.executeKeywordForPlatform(KeywordExecutor.groovy:64)
	at com.kms.katalon.core.webui.keyword.WebUiBuiltInKeywords.verifyElementText(WebUiBuiltInKeywords.groovy:4994)
	at TC11_VerifyFieldsInEditScreen.run(TC11_VerifyFieldsInEditScreen:22)
	at com.kms.katalon.core.main.ScriptEngine.run(ScriptEngine.java:194)
	at com.kms.katalon.core.main.ScriptEngine.runScriptAsRawText(ScriptEngine.java:119)
	at com.kms.katalon.core.main.TestCaseExecutor.runScript(TestCaseExecutor.java:485)
	at com.kms.katalon.core.main.TestCaseExecutor.doExecute(TestCaseExecutor.java:476)
	at com.kms.katalon.core.main.TestCaseExecutor.processExecutionPhase(TestCaseExecutor.java:455)
	at com.kms.katalon.core.main.TestCaseExecutor.accessMainPhase(TestCaseExecutor.java:447)
	at com.kms.katalon.core.main.TestCaseExecutor.execute(TestCaseExecutor.java:321)
	at com.kms.katalon.core.common.CommonExecutor.accessTestCaseMainPhase(CommonExecutor.java:71)
	at com.kms.katalon.core.main.TestSuiteExecutor.accessTestSuiteMainPhase(TestSuiteExecutor.java:160)
	at com.kms.katalon.core.main.TestSuiteExecutor.execute(TestSuiteExecutor.java:107)
	at com.kms.katalon.core.main.TestCaseMain.startTestSuite(TestCaseMain.java:195)
	at TempTestSuite1753108230452.run(TempTestSuite1753108230452.groovy:35)
	at java.base/jdk.internal.reflect.NativeMethodAccessorImpl.invoke0(Native Method)
	at java.base/jdk.internal.reflect.NativeMethodAccessorImpl.invoke(NativeMethodAccessorImpl.java:77)
	at java.base/jdk.internal.reflect.DelegatingMethodAccessorImpl.invoke(DelegatingMethodAccessorImpl.java:43)
Caused by: com.kms.katalon.core.exception.StepFailedException: Actual text 'Field Header 1:' and expected text 'Field Header 1' of test object 'Object Repository/Departments/TC11_VerifyFieldsInEditScreen/Page_IBEX Payroll - Department Details/label_Valid Input Value 1' are NOT matched.
	at com.kms.katalon.core.webui.keyword.internal.WebUIKeywordMain.stepFailed(WebUIKeywordMain.groovy:118)
	at com.kms.katalon.core.webui.keyword.builtin.VerifyElementTextKeyword$_verifyElementText_closure1.doCall(VerifyElementTextKeyword.groovy:57)
	at com.kms.katalon.core.webui.keyword.builtin.VerifyElementTextKeyword$_verifyElementText_closure1.call(VerifyElementTextKeyword.groovy)
	at com.kms.katalon.core.webui.keyword.internal.WebUIKeywordMain.runKeyword(WebUIKeywordMain.groovy:35)
	... 20 more

2025-07-21 20:01:32.564 INFO  c.k.katalon.core.main.TestCaseExecutor   - END Test Cases/Departments/TC11_VerifyFieldsInEditScreen
2025-07-21 20:01:32.567 INFO  c.k.katalon.core.main.TestCaseExecutor   - --------------------
2025-07-21 20:01:32.567 INFO  c.k.katalon.core.main.TestCaseExecutor   - START Test Cases/Departments/TC11_VerifyFieldsInEditScreen
2025-07-21 20:01:32.578 DEBUG testcase.TC11_VerifyFieldsInEditScreen   - 1: click(findTestObject("Object Repository/Departments/TC11_VerifyFieldsInEditScreen/Page_IBEX Payroll - Organization Payroll De_204c37/a_Edit"))
