Warning: NLS unused message: QTEST in: com.kms.katalon.constants.globalMessages
Warning: NLS missing message: QTEST_NAME in: com.kms.katalon.constants.globalMessages
2025-07-21 19:40:08.887 INFO  c.k.katalon.core.main.TestSuiteExecutor  - START Test Suites/Departments/TS_Departments_CustomFieldSettings
2025-07-21 19:40:08.971 INFO  c.k.katalon.core.main.TestSuiteExecutor  - userFullName = Ayushi Kalia
2025-07-21 19:40:08.972 INFO  c.k.katalon.core.main.TestSuiteExecutor  - projectName = Testing
2025-07-21 19:40:08.972 INFO  c.k.katalon.core.main.TestSuiteExecutor  - hostName = AI-PC-001 - AI-PC-001.lan
2025-07-21 19:40:08.973 INFO  c.k.katalon.core.main.TestSuiteExecutor  - os = Windows 11 64bit
2025-07-21 19:40:08.973 INFO  c.k.katalon.core.main.TestSuiteExecutor  - hostAddress = 192.168.31.113
2025-07-21 19:40:08.974 INFO  c.k.katalon.core.main.TestSuiteExecutor  - katalonVersion = 10.2.3.0
2025-07-21 19:40:09.419 INFO  c.k.katalon.core.main.TestCaseExecutor   - --------------------
2025-07-21 19:40:09.419 INFO  c.k.katalon.core.main.TestCaseExecutor   - START Test Cases/Departments/TC01_SH_LoginAndNavigate
2025-07-21 19:40:09.715 DEBUG testcase.TC01_SH_LoginAndNavigate        - 1: callTestCase(findTestCase("Shared/SH_Login"), [:], STOP_ON_FAILURE)
2025-07-21 19:40:09.889 INFO  c.k.katalon.core.main.TestCaseExecutor   - --------------------
2025-07-21 19:40:09.889 INFO  c.k.katalon.core.main.TestCaseExecutor   - CALL Test Cases/Shared/SH_Login
2025-07-21 19:40:09.950 DEBUG testcase.SH_Login                        - 1: openBrowser("")
2025-07-21 19:40:10.207 INFO  c.k.k.core.webui.driver.DriverFactory    - Starting 'Chrome' driver
2025-07-21 19:40:10.261 INFO  c.k.k.core.webui.driver.DriverFactory    - Action delay is set to 0 milliseconds
Jul 21, 2025 7:40:11 PM org.openqa.selenium.devtools.CdpVersionFinder findNearestMatch
WARNING: Unable to find an exact match for CDP version 138, returning the closest version; found: 135; Please update to a Selenium version that supports CDP version 138
2025-07-21 19:40:11.878 INFO  c.k.k.core.webui.driver.DriverFactory    - sessionId = cb6db28a291eb7a1f32995c189ad82dd
2025-07-21 19:40:11.879 INFO  c.k.k.core.webui.driver.DriverFactory    - browser = Chrome 138.0.7204.101
2025-07-21 19:40:11.879 INFO  c.k.k.core.webui.driver.DriverFactory    - platform = Windows 11
2025-07-21 19:40:11.880 INFO  c.k.k.core.webui.driver.DriverFactory    - seleniumVersion = 4.28.1
2025-07-21 19:40:11.888 INFO  c.k.k.core.webui.driver.DriverFactory    - proxyInformation = ProxyInformation { proxyOption=NO_PROXY, proxyServerType=HTTP, username=, password=********, proxyServerAddress=, proxyServerPort=0, executionList="", isApplyToDesiredCapabilities=true }
2025-07-21 19:40:11.931 DEBUG testcase.SH_Login                        - 2: maximizeWindow()
2025-07-21 19:40:11.990 DEBUG testcase.SH_Login                        - 3: navigateToUrl(G_SiteURL)
2025-07-21 19:40:17.467 DEBUG testcase.SH_Login                        - 4: maximizeWindow()
2025-07-21 19:40:17.480 DEBUG testcase.SH_Login                        - 5: setText(findTestObject("Object Repository/Shared/SH_Login/Page_IBEX Payroll - Login/input_Username_Input.Username"), "uat.dstewart")
2025-07-21 19:40:18.120 DEBUG testcase.SH_Login                        - 6: setEncryptedText(findTestObject("Shared/SH_Login/Page_IBEX Payroll - Login/input_Show Password_Input.Password"), "p4y+y39Ir5Oy1MY8jPt0uQ==")
2025-07-21 19:40:18.445 DEBUG testcase.SH_Login                        - 7: click(findTestObject("Object Repository/Shared/SH_Login/Page_IBEX Payroll - Login/input_Remember me_Input.Button"))
2025-07-21 19:40:30.919 INFO  c.k.katalon.core.main.TestCaseExecutor   - END CALL Test Cases/Shared/SH_Login
2025-07-21 19:40:30.919 INFO  c.k.katalon.core.main.TestCaseExecutor   - --------------------
2025-07-21 19:40:30.927 DEBUG testcase.TC01_SH_LoginAndNavigate        - 2: callTestCase(findTestCase("Shared/SH_Navigate(Switch Org)"), [:], STOP_ON_FAILURE)
2025-07-21 19:40:30.987 INFO  c.k.katalon.core.main.TestCaseExecutor   - --------------------
2025-07-21 19:40:30.987 INFO  c.k.katalon.core.main.TestCaseExecutor   - CALL Test Cases/Shared/SH_Navigate(Switch Org)
2025-07-21 19:40:31.039 DEBUG testcase.SH_Login                        - 1: click(findTestObject("Object Repository/Shared/SH_Navigate(Switch Org)/Page_IBEX Payroll - Home/a_swap_horiz Switch SetupSimpleDialog(orgCo_55ee7d"))
2025-07-21 19:40:31.336 DEBUG testcase.SH_Login                        - 2: delay(15)
2025-07-21 19:40:46.355 INFO  c.k.katalon.core.main.TestCaseExecutor   - END CALL Test Cases/Shared/SH_Navigate(Switch Org)
2025-07-21 19:40:46.355 INFO  c.k.katalon.core.main.TestCaseExecutor   - --------------------
2025-07-21 19:40:46.357 INFO  c.k.katalon.core.main.TestCaseExecutor   - END Test Cases/Departments/TC01_SH_LoginAndNavigate
2025-07-21 19:40:46.361 INFO  c.k.katalon.core.main.TestCaseExecutor   - --------------------
2025-07-21 19:40:46.361 INFO  c.k.katalon.core.main.TestCaseExecutor   - START Test Cases/Departments/TC02_VerifyManageDepartmentFields
2025-07-21 19:40:46.398 DEBUG t.TC02_VerifyManageDepartmentFields      - 1: click(findTestObject("Object Repository/Departments/TC02_VerifyManageDepartmentFields/Page_IBEX Payroll - Home/div_Darryl Stewart                         _d15389"))
2025-07-21 19:40:46.705 DEBUG t.TC02_VerifyManageDepartmentFields      - 2: click(findTestObject("Object Repository/Departments/TC02_VerifyManageDepartmentFields/Page_IBEX Payroll - Home/a_business Organization Details"))
2025-07-21 19:40:48.548 DEBUG t.TC02_VerifyManageDepartmentFields      - 3: click(findTestObject("Object Repository/Departments/TC02_VerifyManageDepartmentFields/Page_IBEX Payroll - Organization Detail/a_Payroll Departments"))
2025-07-21 19:40:50.637 DEBUG t.TC02_VerifyManageDepartmentFields      - 4: click(findTestObject("Object Repository/Departments/TC02_VerifyManageDepartmentFields/Page_IBEX Payroll - Organization Payroll De_204c37/a_Manage Department Fields"))
2025-07-21 19:41:02.704 INFO  c.k.katalon.core.main.TestCaseExecutor   - END Test Cases/Departments/TC02_VerifyManageDepartmentFields
2025-07-21 19:41:02.707 INFO  c.k.katalon.core.main.TestCaseExecutor   - --------------------
2025-07-21 19:41:02.707 INFO  c.k.katalon.core.main.TestCaseExecutor   - START Test Cases/Departments/TC03_VerifyCustomFieldOptions
2025-07-21 19:41:02.741 DEBUG testcase.TC03_VerifyCustomFieldOptions   - 1: findWebElement(findTestObject("Object Repository/Departments/TC03_VerifyCustomFieldOotions/Page_IBEX Payroll - Manage Department Field/label_Custom Department Field 1"))
2025-07-21 19:41:06.784 DEBUG testcase.TC03_VerifyCustomFieldOptions   - 2: findWebElement(findTestObject("Object Repository/Departments/TC03_VerifyCustomFieldOotions/Page_IBEX Payroll - Manage Department Field/label_Custom Department Field 2"))
2025-07-21 19:41:17.222 INFO  c.k.katalon.core.main.TestCaseExecutor   - END Test Cases/Departments/TC03_VerifyCustomFieldOptions
2025-07-21 19:41:17.225 INFO  c.k.katalon.core.main.TestCaseExecutor   - --------------------
2025-07-21 19:41:17.225 INFO  c.k.katalon.core.main.TestCaseExecutor   - START Test Cases/Departments/TC08_Validation_Fields_ValidInput
2025-07-21 19:41:17.280 DEBUG t.TC08_Validation_Fields_ValidInput      - 1: setText(findTestObject("Object Repository/Departments/TC08_Validation_Field1_ValidInput/Page_IBEX Payroll - Manage Department Field/input_Custom Department Field 1_field01Value"), G_Custom_Label01)
2025-07-21 19:41:17.867 DEBUG t.TC08_Validation_Fields_ValidInput      - 2: setText(findTestObject("Object Repository/Departments/TC08_Validation_Field1_ValidInput/Page_IBEX Payroll - Manage Department Field/input_Custom Department Field 2_field02Value"), G_Custom_label02)
2025-07-21 19:41:18.507 DEBUG t.TC08_Validation_Fields_ValidInput      - 3: click(findTestObject("Object Repository/Departments/TC08_Validation_Field1_ValidInput/Page_IBEX Payroll - Manage Department Field/button_Save"))
2025-07-21 19:41:18.813 INFO  c.k.katalon.core.main.TestCaseExecutor   - END Test Cases/Departments/TC08_Validation_Fields_ValidInput
2025-07-21 19:41:18.816 INFO  c.k.katalon.core.main.TestCaseExecutor   - --------------------
2025-07-21 19:41:18.817 INFO  c.k.katalon.core.main.TestCaseExecutor   - START Test Cases/Departments/TC09_Validation_Fields_CannotBeCleared
2025-07-21 19:41:18.866 DEBUG t.TC09_Validation_Fields_CannotBeCleared - 1: setText(findTestObject("Object Repository/Departments/TC09_Validation_Fields_CannotBeCleared/Page_IBEX Payroll - Manage Department Field/input_Custom Department Field 1_field01Value"), "")
2025-07-21 19:41:20.086 DEBUG t.TC09_Validation_Fields_CannotBeCleared - 2: setText(findTestObject("Object Repository/Departments/TC09_Validation_Fields_CannotBeCleared/Page_IBEX Payroll - Manage Department Field/input_Custom Department Field 2_field02Value"), "")
2025-07-21 19:41:20.663 DEBUG t.TC09_Validation_Fields_CannotBeCleared - 3: click(findTestObject("Object Repository/Departments/TC09_Validation_Fields_CannotBeCleared/Page_IBEX Payroll - Manage Department Field/button_Save"))
2025-07-21 19:41:51.859 INFO  c.k.k.c.webui.common.WebUiCommonHelper   - Unable to find the element located by 'By.xpath: /html/body/spa-app/fw-framework-body/fw-content/main/spa-custom-field-setting-page/div/div/form/div[4]/button'. Please recheck the objects properties to make sure the desired element is located. 
2025-07-21 19:41:51.860 WARN  c.k.k.c.webui.common.WebUiCommonHelper   - [SELF-HEALING] Failed to find element with id 'Object Repository/Departments/TC09_Validation_Fields_CannotBeCleared/Page_IBEX Payroll - Manage Department Field/button_Save'. Try using Self-healing.
2025-07-21 19:41:52.105 INFO  c.k.k.c.webui.common.WebUiCommonHelper   - [SELF-HEALING] Working Locator: '(//button[@type='submit'])[2]'.
2025-07-21 19:41:52.343 INFO  c.k.k.c.webui.common.WebUiCommonHelper   - [SELF-HEALING] Screenshot: C:/Katalon_Testing/Testing/Reports/Self-healing/Object Repository/Departments/TC09_Validation_Fields_CannotBeCleared/Page_IBEX Payroll - Manage Department Field/button_Save_attributes.png
2025-07-21 19:41:52.354 WARN  c.k.k.c.webui.common.WebUiCommonHelper   - [SELF-HEALING] The current locator of test object 'Object Repository/Departments/TC09_Validation_Fields_CannotBeCleared/Page_IBEX Payroll - Manage Department Field/button_Save' was broken. Propose an alternative one: '(//button[@type='submit'])[2]'.
2025-07-21 19:41:52.403 DEBUG t.TC09_Validation_Fields_CannotBeCleared - 4: verifyTextPresent(G_Validation_Field1_CannotBeCleared, false)
2025-07-21 19:41:53.217 ERROR c.k.k.core.keyword.internal.KeywordMain  - ❌ Text 'Custom Department Field #1 once set is a required input and cannot be emptied' is not present on page  (Root cause: com.kms.katalon.core.exception.StepFailedException: Text 'Custom Department Field #1 once set is a required input and cannot be emptied' is not present on page 
	at com.kms.katalon.core.webui.keyword.internal.WebUIKeywordMain.stepFailed(WebUIKeywordMain.groovy:118)
	at com.kms.katalon.core.webui.keyword.builtin.VerifyTextPresentKeyword$_verifyTextPresent_closure1.doCall(VerifyTextPresentKeyword.groovy:79)
	at com.kms.katalon.core.webui.keyword.builtin.VerifyTextPresentKeyword$_verifyTextPresent_closure1.call(VerifyTextPresentKeyword.groovy)
	at com.kms.katalon.core.webui.keyword.internal.WebUIKeywordMain.runKeyword(WebUIKeywordMain.groovy:35)
	at com.kms.katalon.core.webui.keyword.builtin.VerifyTextPresentKeyword.verifyTextPresent(VerifyTextPresentKeyword.groovy:83)
	at com.kms.katalon.core.webui.keyword.builtin.VerifyTextPresentKeyword.execute(VerifyTextPresentKeyword.groovy:68)
	at com.kms.katalon.core.keyword.internal.KeywordExecutor.executeKeywordForPlatform(KeywordExecutor.groovy:64)
	at com.kms.katalon.core.webui.keyword.WebUiBuiltInKeywords.verifyTextPresent(WebUiBuiltInKeywords.groovy:1799)
	at TC09_Validation_Fields_CannotBeCleared.run(TC09_Validation_Fields_CannotBeCleared:28)
	at com.kms.katalon.core.main.ScriptEngine.run(ScriptEngine.java:194)
	at com.kms.katalon.core.main.ScriptEngine.runScriptAsRawText(ScriptEngine.java:119)
	at com.kms.katalon.core.main.TestCaseExecutor.runScript(TestCaseExecutor.java:485)
	at com.kms.katalon.core.main.TestCaseExecutor.doExecute(TestCaseExecutor.java:476)
	at com.kms.katalon.core.main.TestCaseExecutor.processExecutionPhase(TestCaseExecutor.java:455)
	at com.kms.katalon.core.main.TestCaseExecutor.accessMainPhase(TestCaseExecutor.java:447)
	at com.kms.katalon.core.main.TestCaseExecutor.execute(TestCaseExecutor.java:321)
	at com.kms.katalon.core.common.CommonExecutor.accessTestCaseMainPhase(CommonExecutor.java:71)
	at com.kms.katalon.core.main.TestSuiteExecutor.accessTestSuiteMainPhase(TestSuiteExecutor.java:160)
	at com.kms.katalon.core.main.TestSuiteExecutor.execute(TestSuiteExecutor.java:107)
	at com.kms.katalon.core.main.TestCaseMain.startTestSuite(TestCaseMain.java:195)
	at TempTestSuite1753107006343.run(TempTestSuite1753107006343.groovy:35)
	at java.base/jdk.internal.reflect.NativeMethodAccessorImpl.invoke0(Native Method)
	at java.base/jdk.internal.reflect.NativeMethodAccessorImpl.invoke(NativeMethodAccessorImpl.java:77)
	at java.base/jdk.internal.reflect.DelegatingMethodAccessorImpl.invoke(DelegatingMethodAccessorImpl.java:43)
)
2025-07-21 19:41:53.512 ERROR c.k.k.core.keyword.internal.KeywordMain  - ❌ Unable to verify text 'Custom Department Field #1 once set is a required input and cannot be emptied' is present  (Root cause: com.kms.katalon.core.exception.StepFailedException: Unable to verify text 'Custom Department Field #1 once set is a required input and cannot be emptied' is present 
	at com.kms.katalon.core.webui.keyword.internal.WebUIKeywordMain.stepFailed(WebUIKeywordMain.groovy:118)
	at com.kms.katalon.core.webui.keyword.internal.WebUIKeywordMain.runKeyword(WebUIKeywordMain.groovy:43)
	at com.kms.katalon.core.webui.keyword.builtin.VerifyTextPresentKeyword.verifyTextPresent(VerifyTextPresentKeyword.groovy:83)
	at com.kms.katalon.core.webui.keyword.builtin.VerifyTextPresentKeyword.execute(VerifyTextPresentKeyword.groovy:68)
	at com.kms.katalon.core.keyword.internal.KeywordExecutor.executeKeywordForPlatform(KeywordExecutor.groovy:64)
	at com.kms.katalon.core.webui.keyword.WebUiBuiltInKeywords.verifyTextPresent(WebUiBuiltInKeywords.groovy:1799)
	at TC09_Validation_Fields_CannotBeCleared.run(TC09_Validation_Fields_CannotBeCleared:28)
	at com.kms.katalon.core.main.ScriptEngine.run(ScriptEngine.java:194)
	at com.kms.katalon.core.main.ScriptEngine.runScriptAsRawText(ScriptEngine.java:119)
	at com.kms.katalon.core.main.TestCaseExecutor.runScript(TestCaseExecutor.java:485)
	at com.kms.katalon.core.main.TestCaseExecutor.doExecute(TestCaseExecutor.java:476)
	at com.kms.katalon.core.main.TestCaseExecutor.processExecutionPhase(TestCaseExecutor.java:455)
	at com.kms.katalon.core.main.TestCaseExecutor.accessMainPhase(TestCaseExecutor.java:447)
	at com.kms.katalon.core.main.TestCaseExecutor.execute(TestCaseExecutor.java:321)
	at com.kms.katalon.core.common.CommonExecutor.accessTestCaseMainPhase(CommonExecutor.java:71)
	at com.kms.katalon.core.main.TestSuiteExecutor.accessTestSuiteMainPhase(TestSuiteExecutor.java:160)
	at com.kms.katalon.core.main.TestSuiteExecutor.execute(TestSuiteExecutor.java:107)
	at com.kms.katalon.core.main.TestCaseMain.startTestSuite(TestCaseMain.java:195)
	at TempTestSuite1753107006343.run(TempTestSuite1753107006343.groovy:35)
	at java.base/jdk.internal.reflect.NativeMethodAccessorImpl.invoke0(Native Method)
	at java.base/jdk.internal.reflect.NativeMethodAccessorImpl.invoke(NativeMethodAccessorImpl.java:77)
	at java.base/jdk.internal.reflect.DelegatingMethodAccessorImpl.invoke(DelegatingMethodAccessorImpl.java:43)
Caused by: com.kms.katalon.core.exception.StepFailedException: Text 'Custom Department Field #1 once set is a required input and cannot be emptied' is not present on page 
	at com.kms.katalon.core.webui.keyword.internal.WebUIKeywordMain.stepFailed(WebUIKeywordMain.groovy:118)
	at com.kms.katalon.core.webui.keyword.builtin.VerifyTextPresentKeyword$_verifyTextPresent_closure1.doCall(VerifyTextPresentKeyword.groovy:79)
	at com.kms.katalon.core.webui.keyword.builtin.VerifyTextPresentKeyword$_verifyTextPresent_closure1.call(VerifyTextPresentKeyword.groovy)
	at com.kms.katalon.core.webui.keyword.internal.WebUIKeywordMain.runKeyword(WebUIKeywordMain.groovy:35)
	... 20 more
)
2025-07-21 19:41:53.514 ERROR c.k.katalon.core.main.TestCaseExecutor   - ❌ Test Cases/Departments/TC09_Validation_Fields_CannotBeCleared FAILED.
Reason:
com.kms.katalon.core.exception.StepFailedException: Unable to verify text 'Custom Department Field #1 once set is a required input and cannot be emptied' is present 
	at com.kms.katalon.core.webui.keyword.internal.WebUIKeywordMain.stepFailed(WebUIKeywordMain.groovy:118)
	at com.kms.katalon.core.webui.keyword.internal.WebUIKeywordMain.runKeyword(WebUIKeywordMain.groovy:43)
	at com.kms.katalon.core.webui.keyword.builtin.VerifyTextPresentKeyword.verifyTextPresent(VerifyTextPresentKeyword.groovy:83)
	at com.kms.katalon.core.webui.keyword.builtin.VerifyTextPresentKeyword.execute(VerifyTextPresentKeyword.groovy:68)
	at com.kms.katalon.core.keyword.internal.KeywordExecutor.executeKeywordForPlatform(KeywordExecutor.groovy:64)
	at com.kms.katalon.core.webui.keyword.WebUiBuiltInKeywords.verifyTextPresent(WebUiBuiltInKeywords.groovy:1799)
	at TC09_Validation_Fields_CannotBeCleared.run(TC09_Validation_Fields_CannotBeCleared:28)
	at com.kms.katalon.core.main.ScriptEngine.run(ScriptEngine.java:194)
	at com.kms.katalon.core.main.ScriptEngine.runScriptAsRawText(ScriptEngine.java:119)
	at com.kms.katalon.core.main.TestCaseExecutor.runScript(TestCaseExecutor.java:485)
	at com.kms.katalon.core.main.TestCaseExecutor.doExecute(TestCaseExecutor.java:476)
	at com.kms.katalon.core.main.TestCaseExecutor.processExecutionPhase(TestCaseExecutor.java:455)
	at com.kms.katalon.core.main.TestCaseExecutor.accessMainPhase(TestCaseExecutor.java:447)
	at com.kms.katalon.core.main.TestCaseExecutor.execute(TestCaseExecutor.java:321)
	at com.kms.katalon.core.common.CommonExecutor.accessTestCaseMainPhase(CommonExecutor.java:71)
	at com.kms.katalon.core.main.TestSuiteExecutor.accessTestSuiteMainPhase(TestSuiteExecutor.java:160)
	at com.kms.katalon.core.main.TestSuiteExecutor.execute(TestSuiteExecutor.java:107)
	at com.kms.katalon.core.main.TestCaseMain.startTestSuite(TestCaseMain.java:195)
	at TempTestSuite1753107006343.run(TempTestSuite1753107006343.groovy:35)
	at java.base/jdk.internal.reflect.NativeMethodAccessorImpl.invoke0(Native Method)
	at java.base/jdk.internal.reflect.NativeMethodAccessorImpl.invoke(NativeMethodAccessorImpl.java:77)
	at java.base/jdk.internal.reflect.DelegatingMethodAccessorImpl.invoke(DelegatingMethodAccessorImpl.java:43)
Caused by: com.kms.katalon.core.exception.StepFailedException: Text 'Custom Department Field #1 once set is a required input and cannot be emptied' is not present on page 
	at com.kms.katalon.core.webui.keyword.internal.WebUIKeywordMain.stepFailed(WebUIKeywordMain.groovy:118)
	at com.kms.katalon.core.webui.keyword.builtin.VerifyTextPresentKeyword$_verifyTextPresent_closure1.doCall(VerifyTextPresentKeyword.groovy:79)
	at com.kms.katalon.core.webui.keyword.builtin.VerifyTextPresentKeyword$_verifyTextPresent_closure1.call(VerifyTextPresentKeyword.groovy)
	at com.kms.katalon.core.webui.keyword.internal.WebUIKeywordMain.runKeyword(WebUIKeywordMain.groovy:35)
	... 20 more

2025-07-21 19:41:53.516 INFO  c.k.katalon.core.main.TestCaseExecutor   - END Test Cases/Departments/TC09_Validation_Fields_CannotBeCleared
2025-07-21 19:41:53.516 INFO  c.k.katalon.core.main.TestCaseExecutor   - 
2025-07-21 19:41:53.516 INFO  c.k.katalon.core.main.TestCaseExecutor   - ===================== Self-healing Report ====================
2025-07-21 19:41:53.516 INFO  c.k.katalon.core.main.TestCaseExecutor   - One of the failed test object locators has been recovered by Self-healing. Please refer to the Self-healing Insights tab for more details.
2025-07-21 19:41:53.517 INFO  c.k.katalon.core.main.TestCaseExecutor   - To learn more about Self-healing, please read https://docs.katalon.com/katalon-studio/maintain-tests/self-healing-tests-in-katalon-studio
2025-07-21 19:41:53.517 INFO  c.k.katalon.core.main.TestCaseExecutor   - ==============================================================
2025-07-21 19:41:53.519 INFO  c.k.katalon.core.main.TestCaseExecutor   - --------------------
2025-07-21 19:41:53.519 INFO  c.k.katalon.core.main.TestCaseExecutor   - START Test Cases/Departments/TC09_Validation_Fields_CannotBeCleared
2025-07-21 19:41:53.527 DEBUG t.TC09_Validation_Fields_CannotBeCleared - 1: setText(findTestObject("Object Repository/Departments/TC09_Validation_Fields_CannotBeCleared/Page_IBEX Payroll - Manage Department Field/input_Custom Department Field 1_field01Value"), "")
2025-07-21 19:41:54.056 DEBUG t.TC09_Validation_Fields_CannotBeCleared - 2: setText(findTestObject("Object Repository/Departments/TC09_Validation_Fields_CannotBeCleared/Page_IBEX Payroll - Manage Department Field/input_Custom Department Field 2_field02Value"), "")
2025-07-21 19:41:54.577 DEBUG t.TC09_Validation_Fields_CannotBeCleared - 3: click(findTestObject("Object Repository/Departments/TC09_Validation_Fields_CannotBeCleared/Page_IBEX Payroll - Manage Department Field/button_Save"))
2025-07-21 19:42:25.660 INFO  c.k.k.c.webui.common.WebUiCommonHelper   - Unable to find the element located by 'By.xpath: /html/body/spa-app/fw-framework-body/fw-content/main/spa-custom-field-setting-page/div/div/form/div[4]/button'. Please recheck the objects properties to make sure the desired element is located. 
2025-07-21 19:42:25.661 WARN  c.k.k.c.webui.common.WebUiCommonHelper   - [SELF-HEALING] Failed to find element with id 'Object Repository/Departments/TC09_Validation_Fields_CannotBeCleared/Page_IBEX Payroll - Manage Department Field/button_Save'. Try using Self-healing.
2025-07-21 19:42:25.894 INFO  c.k.k.c.webui.common.WebUiCommonHelper   - [SELF-HEALING] Working Locator: '(//button[@type='submit'])[2]'.
2025-07-21 19:42:25.980 INFO  c.k.k.c.webui.common.WebUiCommonHelper   - [SELF-HEALING] Screenshot: C:/Katalon_Testing/Testing/Reports/Self-healing/Object Repository/Departments/TC09_Validation_Fields_CannotBeCleared/Page_IBEX Payroll - Manage Department Field/button_Save_attributes.png
2025-07-21 19:42:25.999 WARN  c.k.k.c.webui.common.WebUiCommonHelper   - [SELF-HEALING] The current locator of test object 'Object Repository/Departments/TC09_Validation_Fields_CannotBeCleared/Page_IBEX Payroll - Manage Department Field/button_Save' was broken. Propose an alternative one: '(//button[@type='submit'])[2]'.
2025-07-21 19:42:26.050 DEBUG t.TC09_Validation_Fields_CannotBeCleared - 4: verifyTextPresent(G_Validation_Field1_CannotBeCleared, false)
2025-07-21 19:42:26.855 ERROR c.k.k.core.keyword.internal.KeywordMain  - ❌ Text 'Custom Department Field #1 once set is a required input and cannot be emptied' is not present on page  (Root cause: com.kms.katalon.core.exception.StepFailedException: Text 'Custom Department Field #1 once set is a required input and cannot be emptied' is not present on page 
	at com.kms.katalon.core.webui.keyword.internal.WebUIKeywordMain.stepFailed(WebUIKeywordMain.groovy:118)
	at com.kms.katalon.core.webui.keyword.builtin.VerifyTextPresentKeyword$_verifyTextPresent_closure1.doCall(VerifyTextPresentKeyword.groovy:79)
	at com.kms.katalon.core.webui.keyword.builtin.VerifyTextPresentKeyword$_verifyTextPresent_closure1.call(VerifyTextPresentKeyword.groovy)
	at com.kms.katalon.core.webui.keyword.internal.WebUIKeywordMain.runKeyword(WebUIKeywordMain.groovy:35)
	at com.kms.katalon.core.webui.keyword.builtin.VerifyTextPresentKeyword.verifyTextPresent(VerifyTextPresentKeyword.groovy:83)
	at com.kms.katalon.core.webui.keyword.builtin.VerifyTextPresentKeyword.execute(VerifyTextPresentKeyword.groovy:68)
	at com.kms.katalon.core.keyword.internal.KeywordExecutor.executeKeywordForPlatform(KeywordExecutor.groovy:64)
	at com.kms.katalon.core.webui.keyword.WebUiBuiltInKeywords.verifyTextPresent(WebUiBuiltInKeywords.groovy:1799)
	at TC09_Validation_Fields_CannotBeCleared.run(TC09_Validation_Fields_CannotBeCleared:28)
	at com.kms.katalon.core.main.ScriptEngine.run(ScriptEngine.java:194)
	at com.kms.katalon.core.main.ScriptEngine.runScriptAsRawText(ScriptEngine.java:119)
	at com.kms.katalon.core.main.TestCaseExecutor.runScript(TestCaseExecutor.java:485)
	at com.kms.katalon.core.main.TestCaseExecutor.doExecute(TestCaseExecutor.java:476)
	at com.kms.katalon.core.main.TestCaseExecutor.processExecutionPhase(TestCaseExecutor.java:455)
	at com.kms.katalon.core.main.TestCaseExecutor.accessMainPhase(TestCaseExecutor.java:447)
	at com.kms.katalon.core.main.TestCaseExecutor.execute(TestCaseExecutor.java:321)
	at com.kms.katalon.core.main.TestCaseExecutor.execute(TestCaseExecutor.java:405)
	at com.kms.katalon.core.common.CommonExecutor.accessTestCaseMainPhase(CommonExecutor.java:71)
	at com.kms.katalon.core.main.TestSuiteExecutor.accessTestSuiteMainPhase(TestSuiteExecutor.java:160)
	at com.kms.katalon.core.main.TestSuiteExecutor.execute(TestSuiteExecutor.java:107)
	at com.kms.katalon.core.main.TestCaseMain.startTestSuite(TestCaseMain.java:195)
	at TempTestSuite1753107006343.run(TempTestSuite1753107006343.groovy:35)
	at java.base/jdk.internal.reflect.NativeMethodAccessorImpl.invoke0(Native Method)
	at java.base/jdk.internal.reflect.NativeMethodAccessorImpl.invoke(NativeMethodAccessorImpl.java:77)
	at java.base/jdk.internal.reflect.DelegatingMethodAccessorImpl.invoke(DelegatingMethodAccessorImpl.java:43)
)
2025-07-21 19:42:27.210 ERROR c.k.k.core.keyword.internal.KeywordMain  - ❌ Unable to verify text 'Custom Department Field #1 once set is a required input and cannot be emptied' is present  (Root cause: com.kms.katalon.core.exception.StepFailedException: Unable to verify text 'Custom Department Field #1 once set is a required input and cannot be emptied' is present 
	at com.kms.katalon.core.webui.keyword.internal.WebUIKeywordMain.stepFailed(WebUIKeywordMain.groovy:118)
	at com.kms.katalon.core.webui.keyword.internal.WebUIKeywordMain.runKeyword(WebUIKeywordMain.groovy:43)
	at com.kms.katalon.core.webui.keyword.builtin.VerifyTextPresentKeyword.verifyTextPresent(VerifyTextPresentKeyword.groovy:83)
	at com.kms.katalon.core.webui.keyword.builtin.VerifyTextPresentKeyword.execute(VerifyTextPresentKeyword.groovy:68)
	at com.kms.katalon.core.keyword.internal.KeywordExecutor.executeKeywordForPlatform(KeywordExecutor.groovy:64)
	at com.kms.katalon.core.webui.keyword.WebUiBuiltInKeywords.verifyTextPresent(WebUiBuiltInKeywords.groovy:1799)
	at TC09_Validation_Fields_CannotBeCleared.run(TC09_Validation_Fields_CannotBeCleared:28)
	at com.kms.katalon.core.main.ScriptEngine.run(ScriptEngine.java:194)
	at com.kms.katalon.core.main.ScriptEngine.runScriptAsRawText(ScriptEngine.java:119)
	at com.kms.katalon.core.main.TestCaseExecutor.runScript(TestCaseExecutor.java:485)
	at com.kms.katalon.core.main.TestCaseExecutor.doExecute(TestCaseExecutor.java:476)
	at com.kms.katalon.core.main.TestCaseExecutor.processExecutionPhase(TestCaseExecutor.java:455)
	at com.kms.katalon.core.main.TestCaseExecutor.accessMainPhase(TestCaseExecutor.java:447)
	at com.kms.katalon.core.main.TestCaseExecutor.execute(TestCaseExecutor.java:321)
	at com.kms.katalon.core.main.TestCaseExecutor.execute(TestCaseExecutor.java:405)
	at com.kms.katalon.core.common.CommonExecutor.accessTestCaseMainPhase(CommonExecutor.java:71)
	at com.kms.katalon.core.main.TestSuiteExecutor.accessTestSuiteMainPhase(TestSuiteExecutor.java:160)
	at com.kms.katalon.core.main.TestSuiteExecutor.execute(TestSuiteExecutor.java:107)
	at com.kms.katalon.core.main.TestCaseMain.startTestSuite(TestCaseMain.java:195)
	at TempTestSuite1753107006343.run(TempTestSuite1753107006343.groovy:35)
	at java.base/jdk.internal.reflect.NativeMethodAccessorImpl.invoke0(Native Method)
	at java.base/jdk.internal.reflect.NativeMethodAccessorImpl.invoke(NativeMethodAccessorImpl.java:77)
	at java.base/jdk.internal.reflect.DelegatingMethodAccessorImpl.invoke(DelegatingMethodAccessorImpl.java:43)
Caused by: com.kms.katalon.core.exception.StepFailedException: Text 'Custom Department Field #1 once set is a required input and cannot be emptied' is not present on page 
	at com.kms.katalon.core.webui.keyword.internal.WebUIKeywordMain.stepFailed(WebUIKeywordMain.groovy:118)
	at com.kms.katalon.core.webui.keyword.builtin.VerifyTextPresentKeyword$_verifyTextPresent_closure1.doCall(VerifyTextPresentKeyword.groovy:79)
	at com.kms.katalon.core.webui.keyword.builtin.VerifyTextPresentKeyword$_verifyTextPresent_closure1.call(VerifyTextPresentKeyword.groovy)
	at com.kms.katalon.core.webui.keyword.internal.WebUIKeywordMain.runKeyword(WebUIKeywordMain.groovy:35)
	... 21 more
)
2025-07-21 19:42:27.211 ERROR c.k.katalon.core.main.TestCaseExecutor   - ❌ Test Cases/Departments/TC09_Validation_Fields_CannotBeCleared FAILED.
Reason:
com.kms.katalon.core.exception.StepFailedException: Unable to verify text 'Custom Department Field #1 once set is a required input and cannot be emptied' is present 
	at com.kms.katalon.core.webui.keyword.internal.WebUIKeywordMain.stepFailed(WebUIKeywordMain.groovy:118)
	at com.kms.katalon.core.webui.keyword.internal.WebUIKeywordMain.runKeyword(WebUIKeywordMain.groovy:43)
	at com.kms.katalon.core.webui.keyword.builtin.VerifyTextPresentKeyword.verifyTextPresent(VerifyTextPresentKeyword.groovy:83)
	at com.kms.katalon.core.webui.keyword.builtin.VerifyTextPresentKeyword.execute(VerifyTextPresentKeyword.groovy:68)
	at com.kms.katalon.core.keyword.internal.KeywordExecutor.executeKeywordForPlatform(KeywordExecutor.groovy:64)
	at com.kms.katalon.core.webui.keyword.WebUiBuiltInKeywords.verifyTextPresent(WebUiBuiltInKeywords.groovy:1799)
	at TC09_Validation_Fields_CannotBeCleared.run(TC09_Validation_Fields_CannotBeCleared:28)
	at com.kms.katalon.core.main.ScriptEngine.run(ScriptEngine.java:194)
	at com.kms.katalon.core.main.ScriptEngine.runScriptAsRawText(ScriptEngine.java:119)
	at com.kms.katalon.core.main.TestCaseExecutor.runScript(TestCaseExecutor.java:485)
	at com.kms.katalon.core.main.TestCaseExecutor.doExecute(TestCaseExecutor.java:476)
	at com.kms.katalon.core.main.TestCaseExecutor.processExecutionPhase(TestCaseExecutor.java:455)
	at com.kms.katalon.core.main.TestCaseExecutor.accessMainPhase(TestCaseExecutor.java:447)
	at com.kms.katalon.core.main.TestCaseExecutor.execute(TestCaseExecutor.java:321)
	at com.kms.katalon.core.main.TestCaseExecutor.execute(TestCaseExecutor.java:405)
	at com.kms.katalon.core.common.CommonExecutor.accessTestCaseMainPhase(CommonExecutor.java:71)
	at com.kms.katalon.core.main.TestSuiteExecutor.accessTestSuiteMainPhase(TestSuiteExecutor.java:160)
	at com.kms.katalon.core.main.TestSuiteExecutor.execute(TestSuiteExecutor.java:107)
	at com.kms.katalon.core.main.TestCaseMain.startTestSuite(TestCaseMain.java:195)
	at TempTestSuite1753107006343.run(TempTestSuite1753107006343.groovy:35)
	at java.base/jdk.internal.reflect.NativeMethodAccessorImpl.invoke0(Native Method)
	at java.base/jdk.internal.reflect.NativeMethodAccessorImpl.invoke(NativeMethodAccessorImpl.java:77)
	at java.base/jdk.internal.reflect.DelegatingMethodAccessorImpl.invoke(DelegatingMethodAccessorImpl.java:43)
Caused by: com.kms.katalon.core.exception.StepFailedException: Text 'Custom Department Field #1 once set is a required input and cannot be emptied' is not present on page 
	at com.kms.katalon.core.webui.keyword.internal.WebUIKeywordMain.stepFailed(WebUIKeywordMain.groovy:118)
	at com.kms.katalon.core.webui.keyword.builtin.VerifyTextPresentKeyword$_verifyTextPresent_closure1.doCall(VerifyTextPresentKeyword.groovy:79)
	at com.kms.katalon.core.webui.keyword.builtin.VerifyTextPresentKeyword$_verifyTextPresent_closure1.call(VerifyTextPresentKeyword.groovy)
	at com.kms.katalon.core.webui.keyword.internal.WebUIKeywordMain.runKeyword(WebUIKeywordMain.groovy:35)
	... 21 more

2025-07-21 19:42:27.214 INFO  c.k.katalon.core.main.TestCaseExecutor   - END Test Cases/Departments/TC09_Validation_Fields_CannotBeCleared
2025-07-21 19:42:27.214 INFO  c.k.katalon.core.main.TestCaseExecutor   - 
2025-07-21 19:42:27.214 INFO  c.k.katalon.core.main.TestCaseExecutor   - ===================== Self-healing Report ====================
2025-07-21 19:42:27.214 INFO  c.k.katalon.core.main.TestCaseExecutor   - One of the failed test object locators has been recovered by Self-healing. Please refer to the Self-healing Insights tab for more details.
2025-07-21 19:42:27.215 INFO  c.k.katalon.core.main.TestCaseExecutor   - To learn more about Self-healing, please read https://docs.katalon.com/katalon-studio/maintain-tests/self-healing-tests-in-katalon-studio
2025-07-21 19:42:27.215 INFO  c.k.katalon.core.main.TestCaseExecutor   - ==============================================================
2025-07-21 19:42:27.217 INFO  c.k.katalon.core.main.TestCaseExecutor   - --------------------
2025-07-21 19:42:27.217 INFO  c.k.katalon.core.main.TestCaseExecutor   - START Test Cases/Departments/TC09_Validation_Fields_CannotBeCleared
2025-07-21 19:42:27.231 DEBUG t.TC09_Validation_Fields_CannotBeCleared - 1: setText(findTestObject("Object Repository/Departments/TC09_Validation_Fields_CannotBeCleared/Page_IBEX Payroll - Manage Department Field/input_Custom Department Field 1_field01Value"), "")
2025-07-21 19:42:27.766 DEBUG t.TC09_Validation_Fields_CannotBeCleared - 2: setText(findTestObject("Object Repository/Departments/TC09_Validation_Fields_CannotBeCleared/Page_IBEX Payroll - Manage Department Field/input_Custom Department Field 2_field02Value"), "")
2025-07-21 19:42:28.288 DEBUG t.TC09_Validation_Fields_CannotBeCleared - 3: click(findTestObject("Object Repository/Departments/TC09_Validation_Fields_CannotBeCleared/Page_IBEX Payroll - Manage Department Field/button_Save"))
2025-07-21 19:42:28.560 DEBUG t.TC09_Validation_Fields_CannotBeCleared - 4: verifyTextPresent(G_Validation_Field1_CannotBeCleared, false)
2025-07-21 19:42:29.472 ERROR c.k.k.core.keyword.internal.KeywordMain  - ❌ Text 'Custom Department Field #1 once set is a required input and cannot be emptied' is not present on page  (Root cause: com.kms.katalon.core.exception.StepFailedException: Text 'Custom Department Field #1 once set is a required input and cannot be emptied' is not present on page 
	at com.kms.katalon.core.webui.keyword.internal.WebUIKeywordMain.stepFailed(WebUIKeywordMain.groovy:118)
	at com.kms.katalon.core.webui.keyword.builtin.VerifyTextPresentKeyword$_verifyTextPresent_closure1.doCall(VerifyTextPresentKeyword.groovy:79)
	at com.kms.katalon.core.webui.keyword.builtin.VerifyTextPresentKeyword$_verifyTextPresent_closure1.call(VerifyTextPresentKeyword.groovy)
	at com.kms.katalon.core.webui.keyword.internal.WebUIKeywordMain.runKeyword(WebUIKeywordMain.groovy:35)
	at com.kms.katalon.core.webui.keyword.builtin.VerifyTextPresentKeyword.verifyTextPresent(VerifyTextPresentKeyword.groovy:83)
	at com.kms.katalon.core.webui.keyword.builtin.VerifyTextPresentKeyword.execute(VerifyTextPresentKeyword.groovy:68)
	at com.kms.katalon.core.keyword.internal.KeywordExecutor.executeKeywordForPlatform(KeywordExecutor.groovy:64)
	at com.kms.katalon.core.webui.keyword.WebUiBuiltInKeywords.verifyTextPresent(WebUiBuiltInKeywords.groovy:1799)
	at TC09_Validation_Fields_CannotBeCleared.run(TC09_Validation_Fields_CannotBeCleared:28)
	at com.kms.katalon.core.main.ScriptEngine.run(ScriptEngine.java:194)
	at com.kms.katalon.core.main.ScriptEngine.runScriptAsRawText(ScriptEngine.java:119)
	at com.kms.katalon.core.main.TestCaseExecutor.runScript(TestCaseExecutor.java:485)
	at com.kms.katalon.core.main.TestCaseExecutor.doExecute(TestCaseExecutor.java:476)
	at com.kms.katalon.core.main.TestCaseExecutor.processExecutionPhase(TestCaseExecutor.java:455)
	at com.kms.katalon.core.main.TestCaseExecutor.accessMainPhase(TestCaseExecutor.java:447)
	at com.kms.katalon.core.main.TestCaseExecutor.execute(TestCaseExecutor.java:321)
	at com.kms.katalon.core.main.TestCaseExecutor.execute(TestCaseExecutor.java:405)
	at com.kms.katalon.core.main.TestCaseExecutor.execute(TestCaseExecutor.java:405)
	at com.kms.katalon.core.common.CommonExecutor.accessTestCaseMainPhase(CommonExecutor.java:71)
	at com.kms.katalon.core.main.TestSuiteExecutor.accessTestSuiteMainPhase(TestSuiteExecutor.java:160)
	at com.kms.katalon.core.main.TestSuiteExecutor.execute(TestSuiteExecutor.java:107)
	at com.kms.katalon.core.main.TestCaseMain.startTestSuite(TestCaseMain.java:195)
	at TempTestSuite1753107006343.run(TempTestSuite1753107006343.groovy:35)
	at java.base/jdk.internal.reflect.NativeMethodAccessorImpl.invoke0(Native Method)
	at java.base/jdk.internal.reflect.NativeMethodAccessorImpl.invoke(NativeMethodAccessorImpl.java:77)
	at java.base/jdk.internal.reflect.DelegatingMethodAccessorImpl.invoke(DelegatingMethodAccessorImpl.java:43)
)
2025-07-21 19:42:29.791 ERROR c.k.k.core.keyword.internal.KeywordMain  - ❌ Unable to verify text 'Custom Department Field #1 once set is a required input and cannot be emptied' is present  (Root cause: com.kms.katalon.core.exception.StepFailedException: Unable to verify text 'Custom Department Field #1 once set is a required input and cannot be emptied' is present 
	at com.kms.katalon.core.webui.keyword.internal.WebUIKeywordMain.stepFailed(WebUIKeywordMain.groovy:118)
	at com.kms.katalon.core.webui.keyword.internal.WebUIKeywordMain.runKeyword(WebUIKeywordMain.groovy:43)
	at com.kms.katalon.core.webui.keyword.builtin.VerifyTextPresentKeyword.verifyTextPresent(VerifyTextPresentKeyword.groovy:83)
	at com.kms.katalon.core.webui.keyword.builtin.VerifyTextPresentKeyword.execute(VerifyTextPresentKeyword.groovy:68)
	at com.kms.katalon.core.keyword.internal.KeywordExecutor.executeKeywordForPlatform(KeywordExecutor.groovy:64)
	at com.kms.katalon.core.webui.keyword.WebUiBuiltInKeywords.verifyTextPresent(WebUiBuiltInKeywords.groovy:1799)
	at TC09_Validation_Fields_CannotBeCleared.run(TC09_Validation_Fields_CannotBeCleared:28)
	at com.kms.katalon.core.main.ScriptEngine.run(ScriptEngine.java:194)
	at com.kms.katalon.core.main.ScriptEngine.runScriptAsRawText(ScriptEngine.java:119)
	at com.kms.katalon.core.main.TestCaseExecutor.runScript(TestCaseExecutor.java:485)
	at com.kms.katalon.core.main.TestCaseExecutor.doExecute(TestCaseExecutor.java:476)
	at com.kms.katalon.core.main.TestCaseExecutor.processExecutionPhase(TestCaseExecutor.java:455)
	at com.kms.katalon.core.main.TestCaseExecutor.accessMainPhase(TestCaseExecutor.java:447)
	at com.kms.katalon.core.main.TestCaseExecutor.execute(TestCaseExecutor.java:321)
	at com.kms.katalon.core.main.TestCaseExecutor.execute(TestCaseExecutor.java:405)
	at com.kms.katalon.core.main.TestCaseExecutor.execute(TestCaseExecutor.java:405)
	at com.kms.katalon.core.common.CommonExecutor.accessTestCaseMainPhase(CommonExecutor.java:71)
	at com.kms.katalon.core.main.TestSuiteExecutor.accessTestSuiteMainPhase(TestSuiteExecutor.java:160)
	at com.kms.katalon.core.main.TestSuiteExecutor.execute(TestSuiteExecutor.java:107)
	at com.kms.katalon.core.main.TestCaseMain.startTestSuite(TestCaseMain.java:195)
	at TempTestSuite1753107006343.run(TempTestSuite1753107006343.groovy:35)
	at java.base/jdk.internal.reflect.NativeMethodAccessorImpl.invoke0(Native Method)
	at java.base/jdk.internal.reflect.NativeMethodAccessorImpl.invoke(NativeMethodAccessorImpl.java:77)
	at java.base/jdk.internal.reflect.DelegatingMethodAccessorImpl.invoke(DelegatingMethodAccessorImpl.java:43)
Caused by: com.kms.katalon.core.exception.StepFailedException: Text 'Custom Department Field #1 once set is a required input and cannot be emptied' is not present on page 
	at com.kms.katalon.core.webui.keyword.internal.WebUIKeywordMain.stepFailed(WebUIKeywordMain.groovy:118)
	at com.kms.katalon.core.webui.keyword.builtin.VerifyTextPresentKeyword$_verifyTextPresent_closure1.doCall(VerifyTextPresentKeyword.groovy:79)
	at com.kms.katalon.core.webui.keyword.builtin.VerifyTextPresentKeyword$_verifyTextPresent_closure1.call(VerifyTextPresentKeyword.groovy)
	at com.kms.katalon.core.webui.keyword.internal.WebUIKeywordMain.runKeyword(WebUIKeywordMain.groovy:35)
	... 22 more
)
2025-07-21 19:42:29.792 ERROR c.k.katalon.core.main.TestCaseExecutor   - ❌ Test Cases/Departments/TC09_Validation_Fields_CannotBeCleared FAILED.
Reason:
com.kms.katalon.core.exception.StepFailedException: Unable to verify text 'Custom Department Field #1 once set is a required input and cannot be emptied' is present 
	at com.kms.katalon.core.webui.keyword.internal.WebUIKeywordMain.stepFailed(WebUIKeywordMain.groovy:118)
	at com.kms.katalon.core.webui.keyword.internal.WebUIKeywordMain.runKeyword(WebUIKeywordMain.groovy:43)
	at com.kms.katalon.core.webui.keyword.builtin.VerifyTextPresentKeyword.verifyTextPresent(VerifyTextPresentKeyword.groovy:83)
	at com.kms.katalon.core.webui.keyword.builtin.VerifyTextPresentKeyword.execute(VerifyTextPresentKeyword.groovy:68)
	at com.kms.katalon.core.keyword.internal.KeywordExecutor.executeKeywordForPlatform(KeywordExecutor.groovy:64)
	at com.kms.katalon.core.webui.keyword.WebUiBuiltInKeywords.verifyTextPresent(WebUiBuiltInKeywords.groovy:1799)
	at TC09_Validation_Fields_CannotBeCleared.run(TC09_Validation_Fields_CannotBeCleared:28)
	at com.kms.katalon.core.main.ScriptEngine.run(ScriptEngine.java:194)
	at com.kms.katalon.core.main.ScriptEngine.runScriptAsRawText(ScriptEngine.java:119)
	at com.kms.katalon.core.main.TestCaseExecutor.runScript(TestCaseExecutor.java:485)
	at com.kms.katalon.core.main.TestCaseExecutor.doExecute(TestCaseExecutor.java:476)
	at com.kms.katalon.core.main.TestCaseExecutor.processExecutionPhase(TestCaseExecutor.java:455)
	at com.kms.katalon.core.main.TestCaseExecutor.accessMainPhase(TestCaseExecutor.java:447)
	at com.kms.katalon.core.main.TestCaseExecutor.execute(TestCaseExecutor.java:321)
	at com.kms.katalon.core.main.TestCaseExecutor.execute(TestCaseExecutor.java:405)
	at com.kms.katalon.core.main.TestCaseExecutor.execute(TestCaseExecutor.java:405)
	at com.kms.katalon.core.common.CommonExecutor.accessTestCaseMainPhase(CommonExecutor.java:71)
	at com.kms.katalon.core.main.TestSuiteExecutor.accessTestSuiteMainPhase(TestSuiteExecutor.java:160)
	at com.kms.katalon.core.main.TestSuiteExecutor.execute(TestSuiteExecutor.java:107)
	at com.kms.katalon.core.main.TestCaseMain.startTestSuite(TestCaseMain.java:195)
	at TempTestSuite1753107006343.run(TempTestSuite1753107006343.groovy:35)
	at java.base/jdk.internal.reflect.NativeMethodAccessorImpl.invoke0(Native Method)
	at java.base/jdk.internal.reflect.NativeMethodAccessorImpl.invoke(NativeMethodAccessorImpl.java:77)
	at java.base/jdk.internal.reflect.DelegatingMethodAccessorImpl.invoke(DelegatingMethodAccessorImpl.java:43)
Caused by: com.kms.katalon.core.exception.StepFailedException: Text 'Custom Department Field #1 once set is a required input and cannot be emptied' is not present on page 
	at com.kms.katalon.core.webui.keyword.internal.WebUIKeywordMain.stepFailed(WebUIKeywordMain.groovy:118)
	at com.kms.katalon.core.webui.keyword.builtin.VerifyTextPresentKeyword$_verifyTextPresent_closure1.doCall(VerifyTextPresentKeyword.groovy:79)
	at com.kms.katalon.core.webui.keyword.builtin.VerifyTextPresentKeyword$_verifyTextPresent_closure1.call(VerifyTextPresentKeyword.groovy)
	at com.kms.katalon.core.webui.keyword.internal.WebUIKeywordMain.runKeyword(WebUIKeywordMain.groovy:35)
	... 22 more

2025-07-21 19:42:29.794 INFO  c.k.katalon.core.main.TestCaseExecutor   - END Test Cases/Departments/TC09_Validation_Fields_CannotBeCleared
2025-07-21 19:42:29.795 INFO  c.k.katalon.core.main.TestCaseExecutor   - --------------------
2025-07-21 19:42:29.795 INFO  c.k.katalon.core.main.TestCaseExecutor   - START Test Cases/Departments/TC09_Validation_Fields_CannotBeCleared
2025-07-21 19:42:29.804 DEBUG t.TC09_Validation_Fields_CannotBeCleared - 1: setText(findTestObject("Object Repository/Departments/TC09_Validation_Fields_CannotBeCleared/Page_IBEX Payroll - Manage Department Field/input_Custom Department Field 1_field01Value"), "")
2025-07-21 19:42:30.359 DEBUG t.TC09_Validation_Fields_CannotBeCleared - 2: setText(findTestObject("Object Repository/Departments/TC09_Validation_Fields_CannotBeCleared/Page_IBEX Payroll - Manage Department Field/input_Custom Department Field 2_field02Value"), "")
2025-07-21 19:42:30.915 DEBUG t.TC09_Validation_Fields_CannotBeCleared - 3: click(findTestObject("Object Repository/Departments/TC09_Validation_Fields_CannotBeCleared/Page_IBEX Payroll - Manage Department Field/button_Save"))
2025-07-21 19:42:31.208 DEBUG t.TC09_Validation_Fields_CannotBeCleared - 4: verifyTextPresent(G_Validation_Field1_CannotBeCleared, false)
2025-07-21 19:42:32.130 ERROR c.k.k.core.keyword.internal.KeywordMain  - ❌ Text 'Custom Department Field #1 once set is a required input and cannot be emptied' is not present on page  (Root cause: com.kms.katalon.core.exception.StepFailedException: Text 'Custom Department Field #1 once set is a required input and cannot be emptied' is not present on page 
	at com.kms.katalon.core.webui.keyword.internal.WebUIKeywordMain.stepFailed(WebUIKeywordMain.groovy:118)
	at com.kms.katalon.core.webui.keyword.builtin.VerifyTextPresentKeyword$_verifyTextPresent_closure1.doCall(VerifyTextPresentKeyword.groovy:79)
	at com.kms.katalon.core.webui.keyword.builtin.VerifyTextPresentKeyword$_verifyTextPresent_closure1.call(VerifyTextPresentKeyword.groovy)
	at com.kms.katalon.core.webui.keyword.internal.WebUIKeywordMain.runKeyword(WebUIKeywordMain.groovy:35)
	at com.kms.katalon.core.webui.keyword.builtin.VerifyTextPresentKeyword.verifyTextPresent(VerifyTextPresentKeyword.groovy:83)
	at com.kms.katalon.core.webui.keyword.builtin.VerifyTextPresentKeyword.execute(VerifyTextPresentKeyword.groovy:68)
	at com.kms.katalon.core.keyword.internal.KeywordExecutor.executeKeywordForPlatform(KeywordExecutor.groovy:64)
	at com.kms.katalon.core.webui.keyword.WebUiBuiltInKeywords.verifyTextPresent(WebUiBuiltInKeywords.groovy:1799)
	at TC09_Validation_Fields_CannotBeCleared.run(TC09_Validation_Fields_CannotBeCleared:28)
	at com.kms.katalon.core.main.ScriptEngine.run(ScriptEngine.java:194)
	at com.kms.katalon.core.main.ScriptEngine.runScriptAsRawText(ScriptEngine.java:119)
	at com.kms.katalon.core.main.TestCaseExecutor.runScript(TestCaseExecutor.java:485)
	at com.kms.katalon.core.main.TestCaseExecutor.doExecute(TestCaseExecutor.java:476)
	at com.kms.katalon.core.main.TestCaseExecutor.processExecutionPhase(TestCaseExecutor.java:455)
	at com.kms.katalon.core.main.TestCaseExecutor.accessMainPhase(TestCaseExecutor.java:447)
	at com.kms.katalon.core.main.TestCaseExecutor.execute(TestCaseExecutor.java:321)
	at com.kms.katalon.core.main.TestCaseExecutor.execute(TestCaseExecutor.java:405)
	at com.kms.katalon.core.main.TestCaseExecutor.execute(TestCaseExecutor.java:405)
	at com.kms.katalon.core.main.TestCaseExecutor.execute(TestCaseExecutor.java:405)
	at com.kms.katalon.core.common.CommonExecutor.accessTestCaseMainPhase(CommonExecutor.java:71)
	at com.kms.katalon.core.main.TestSuiteExecutor.accessTestSuiteMainPhase(TestSuiteExecutor.java:160)
	at com.kms.katalon.core.main.TestSuiteExecutor.execute(TestSuiteExecutor.java:107)
	at com.kms.katalon.core.main.TestCaseMain.startTestSuite(TestCaseMain.java:195)
	at TempTestSuite1753107006343.run(TempTestSuite1753107006343.groovy:35)
	at java.base/jdk.internal.reflect.NativeMethodAccessorImpl.invoke0(Native Method)
	at java.base/jdk.internal.reflect.NativeMethodAccessorImpl.invoke(NativeMethodAccessorImpl.java:77)
	at java.base/jdk.internal.reflect.DelegatingMethodAccessorImpl.invoke(DelegatingMethodAccessorImpl.java:43)
)
2025-07-21 19:42:32.466 ERROR c.k.k.core.keyword.internal.KeywordMain  - ❌ Unable to verify text 'Custom Department Field #1 once set is a required input and cannot be emptied' is present  (Root cause: com.kms.katalon.core.exception.StepFailedException: Unable to verify text 'Custom Department Field #1 once set is a required input and cannot be emptied' is present 
	at com.kms.katalon.core.webui.keyword.internal.WebUIKeywordMain.stepFailed(WebUIKeywordMain.groovy:118)
	at com.kms.katalon.core.webui.keyword.internal.WebUIKeywordMain.runKeyword(WebUIKeywordMain.groovy:43)
	at com.kms.katalon.core.webui.keyword.builtin.VerifyTextPresentKeyword.verifyTextPresent(VerifyTextPresentKeyword.groovy:83)
	at com.kms.katalon.core.webui.keyword.builtin.VerifyTextPresentKeyword.execute(VerifyTextPresentKeyword.groovy:68)
	at com.kms.katalon.core.keyword.internal.KeywordExecutor.executeKeywordForPlatform(KeywordExecutor.groovy:64)
	at com.kms.katalon.core.webui.keyword.WebUiBuiltInKeywords.verifyTextPresent(WebUiBuiltInKeywords.groovy:1799)
	at TC09_Validation_Fields_CannotBeCleared.run(TC09_Validation_Fields_CannotBeCleared:28)
	at com.kms.katalon.core.main.ScriptEngine.run(ScriptEngine.java:194)
	at com.kms.katalon.core.main.ScriptEngine.runScriptAsRawText(ScriptEngine.java:119)
	at com.kms.katalon.core.main.TestCaseExecutor.runScript(TestCaseExecutor.java:485)
	at com.kms.katalon.core.main.TestCaseExecutor.doExecute(TestCaseExecutor.java:476)
	at com.kms.katalon.core.main.TestCaseExecutor.processExecutionPhase(TestCaseExecutor.java:455)
	at com.kms.katalon.core.main.TestCaseExecutor.accessMainPhase(TestCaseExecutor.java:447)
	at com.kms.katalon.core.main.TestCaseExecutor.execute(TestCaseExecutor.java:321)
	at com.kms.katalon.core.main.TestCaseExecutor.execute(TestCaseExecutor.java:405)
	at com.kms.katalon.core.main.TestCaseExecutor.execute(TestCaseExecutor.java:405)
	at com.kms.katalon.core.main.TestCaseExecutor.execute(TestCaseExecutor.java:405)
	at com.kms.katalon.core.common.CommonExecutor.accessTestCaseMainPhase(CommonExecutor.java:71)
	at com.kms.katalon.core.main.TestSuiteExecutor.accessTestSuiteMainPhase(TestSuiteExecutor.java:160)
	at com.kms.katalon.core.main.TestSuiteExecutor.execute(TestSuiteExecutor.java:107)
	at com.kms.katalon.core.main.TestCaseMain.startTestSuite(TestCaseMain.java:195)
	at TempTestSuite1753107006343.run(TempTestSuite1753107006343.groovy:35)
	at java.base/jdk.internal.reflect.NativeMethodAccessorImpl.invoke0(Native Method)
	at java.base/jdk.internal.reflect.NativeMethodAccessorImpl.invoke(NativeMethodAccessorImpl.java:77)
	at java.base/jdk.internal.reflect.DelegatingMethodAccessorImpl.invoke(DelegatingMethodAccessorImpl.java:43)
Caused by: com.kms.katalon.core.exception.StepFailedException: Text 'Custom Department Field #1 once set is a required input and cannot be emptied' is not present on page 
	at com.kms.katalon.core.webui.keyword.internal.WebUIKeywordMain.stepFailed(WebUIKeywordMain.groovy:118)
	at com.kms.katalon.core.webui.keyword.builtin.VerifyTextPresentKeyword$_verifyTextPresent_closure1.doCall(VerifyTextPresentKeyword.groovy:79)
	at com.kms.katalon.core.webui.keyword.builtin.VerifyTextPresentKeyword$_verifyTextPresent_closure1.call(VerifyTextPresentKeyword.groovy)
	at com.kms.katalon.core.webui.keyword.internal.WebUIKeywordMain.runKeyword(WebUIKeywordMain.groovy:35)
	... 23 more
)
2025-07-21 19:42:32.469 ERROR c.k.katalon.core.main.TestCaseExecutor   - ❌ Test Cases/Departments/TC09_Validation_Fields_CannotBeCleared FAILED.
Reason:
com.kms.katalon.core.exception.StepFailedException: Unable to verify text 'Custom Department Field #1 once set is a required input and cannot be emptied' is present 
	at com.kms.katalon.core.webui.keyword.internal.WebUIKeywordMain.stepFailed(WebUIKeywordMain.groovy:118)
	at com.kms.katalon.core.webui.keyword.internal.WebUIKeywordMain.runKeyword(WebUIKeywordMain.groovy:43)
	at com.kms.katalon.core.webui.keyword.builtin.VerifyTextPresentKeyword.verifyTextPresent(VerifyTextPresentKeyword.groovy:83)
	at com.kms.katalon.core.webui.keyword.builtin.VerifyTextPresentKeyword.execute(VerifyTextPresentKeyword.groovy:68)
	at com.kms.katalon.core.keyword.internal.KeywordExecutor.executeKeywordForPlatform(KeywordExecutor.groovy:64)
	at com.kms.katalon.core.webui.keyword.WebUiBuiltInKeywords.verifyTextPresent(WebUiBuiltInKeywords.groovy:1799)
	at TC09_Validation_Fields_CannotBeCleared.run(TC09_Validation_Fields_CannotBeCleared:28)
	at com.kms.katalon.core.main.ScriptEngine.run(ScriptEngine.java:194)
	at com.kms.katalon.core.main.ScriptEngine.runScriptAsRawText(ScriptEngine.java:119)
	at com.kms.katalon.core.main.TestCaseExecutor.runScript(TestCaseExecutor.java:485)
	at com.kms.katalon.core.main.TestCaseExecutor.doExecute(TestCaseExecutor.java:476)
	at com.kms.katalon.core.main.TestCaseExecutor.processExecutionPhase(TestCaseExecutor.java:455)
	at com.kms.katalon.core.main.TestCaseExecutor.accessMainPhase(TestCaseExecutor.java:447)
	at com.kms.katalon.core.main.TestCaseExecutor.execute(TestCaseExecutor.java:321)
	at com.kms.katalon.core.main.TestCaseExecutor.execute(TestCaseExecutor.java:405)
	at com.kms.katalon.core.main.TestCaseExecutor.execute(TestCaseExecutor.java:405)
	at com.kms.katalon.core.main.TestCaseExecutor.execute(TestCaseExecutor.java:405)
	at com.kms.katalon.core.common.CommonExecutor.accessTestCaseMainPhase(CommonExecutor.java:71)
	at com.kms.katalon.core.main.TestSuiteExecutor.accessTestSuiteMainPhase(TestSuiteExecutor.java:160)
	at com.kms.katalon.core.main.TestSuiteExecutor.execute(TestSuiteExecutor.java:107)
	at com.kms.katalon.core.main.TestCaseMain.startTestSuite(TestCaseMain.java:195)
	at TempTestSuite1753107006343.run(TempTestSuite1753107006343.groovy:35)
	at java.base/jdk.internal.reflect.NativeMethodAccessorImpl.invoke0(Native Method)
	at java.base/jdk.internal.reflect.NativeMethodAccessorImpl.invoke(NativeMethodAccessorImpl.java:77)
	at java.base/jdk.internal.reflect.DelegatingMethodAccessorImpl.invoke(DelegatingMethodAccessorImpl.java:43)
Caused by: com.kms.katalon.core.exception.StepFailedException: Text 'Custom Department Field #1 once set is a required input and cannot be emptied' is not present on page 
	at com.kms.katalon.core.webui.keyword.internal.WebUIKeywordMain.stepFailed(WebUIKeywordMain.groovy:118)
	at com.kms.katalon.core.webui.keyword.builtin.VerifyTextPresentKeyword$_verifyTextPresent_closure1.doCall(VerifyTextPresentKeyword.groovy:79)
	at com.kms.katalon.core.webui.keyword.builtin.VerifyTextPresentKeyword$_verifyTextPresent_closure1.call(VerifyTextPresentKeyword.groovy)
	at com.kms.katalon.core.webui.keyword.internal.WebUIKeywordMain.runKeyword(WebUIKeywordMain.groovy:35)
	... 23 more

2025-07-21 19:42:32.470 INFO  c.k.katalon.core.main.TestCaseExecutor   - END Test Cases/Departments/TC09_Validation_Fields_CannotBeCleared
2025-07-21 19:42:32.472 INFO  c.k.katalon.core.main.TestCaseExecutor   - --------------------
2025-07-21 19:42:32.472 INFO  c.k.katalon.core.main.TestCaseExecutor   - START Test Cases/Departments/TC10_VerifyColumnsAfterField1Enabled
2025-07-21 19:42:32.510 DEBUG t.TC10_VerifyColumnsAfterField1Enabled   - 1: setText(findTestObject("Object Repository/Departments/TC10_VerifyColumnsAfterField1Enabled/Page_IBEX Payroll - Manage Department Field/input_Custom Department Field 1_field01Value"), G_Custom_Label01)
2025-07-21 19:42:33.088 DEBUG t.TC10_VerifyColumnsAfterField1Enabled   - 2: click(findTestObject("Object Repository/Departments/TC10_VerifyColumnsAfterField1Enabled/Page_IBEX Payroll - Manage Department Field/input_Custom Department Field 1_field02Enabled"))
2025-07-21 19:42:33.376 DEBUG t.TC10_VerifyColumnsAfterField1Enabled   - 3: click(findTestObject("Object Repository/Departments/TC10_VerifyColumnsAfterField1Enabled/Page_IBEX Payroll - Manage Department Field/button_Save"))
