Warning: NLS unused message: QTEST in: com.kms.katalon.constants.globalMessages
Warning: NLS missing message: QTEST_NAME in: com.kms.katalon.constants.globalMessages
2025-07-21 19:28:52.743 INFO  c.k.katalon.core.main.TestSuiteExecutor  - START Test Suites/Departments/TS_Departments_CustomFieldSettings
2025-07-21 19:28:52.840 INFO  c.k.katalon.core.main.TestSuiteExecutor  - userFullName = Ayushi Kalia
2025-07-21 19:28:52.841 INFO  c.k.katalon.core.main.TestSuiteExecutor  - projectName = Testing
2025-07-21 19:28:52.841 INFO  c.k.katalon.core.main.TestSuiteExecutor  - hostName = AI-PC-001 - AI-PC-001.lan
2025-07-21 19:28:52.842 INFO  c.k.katalon.core.main.TestSuiteExecutor  - os = Windows 11 64bit
2025-07-21 19:28:52.843 INFO  c.k.katalon.core.main.TestSuiteExecutor  - hostAddress = 192.168.31.113
2025-07-21 19:28:52.843 INFO  c.k.katalon.core.main.TestSuiteExecutor  - katalonVersion = 10.2.3.0
2025-07-21 19:28:53.328 INFO  c.k.katalon.core.main.TestCaseExecutor   - --------------------
2025-07-21 19:28:53.328 INFO  c.k.katalon.core.main.TestCaseExecutor   - START Test Cases/Departments/TC01_SH_LoginAndNavigate
2025-07-21 19:28:53.629 DEBUG testcase.TC01_SH_LoginAndNavigate        - 1: callTestCase(findTestCase("Shared/SH_Login"), [:], STOP_ON_FAILURE)
2025-07-21 19:28:53.772 INFO  c.k.katalon.core.main.TestCaseExecutor   - --------------------
2025-07-21 19:28:53.772 INFO  c.k.katalon.core.main.TestCaseExecutor   - CALL Test Cases/Shared/SH_Login
2025-07-21 19:28:53.826 DEBUG testcase.SH_Login                        - 1: openBrowser("")
2025-07-21 19:28:53.952 INFO  c.k.k.core.webui.driver.DriverFactory    - Starting 'Chrome' driver
2025-07-21 19:28:54.007 INFO  c.k.k.core.webui.driver.DriverFactory    - Action delay is set to 0 milliseconds
Jul 21, 2025 7:28:55 PM org.openqa.selenium.devtools.CdpVersionFinder findNearestMatch
WARNING: Unable to find an exact match for CDP version 138, returning the closest version; found: 135; Please update to a Selenium version that supports CDP version 138
2025-07-21 19:28:55.530 INFO  c.k.k.core.webui.driver.DriverFactory    - sessionId = 1e2abee8a51cee1c39699d6beb160b44
2025-07-21 19:28:55.531 INFO  c.k.k.core.webui.driver.DriverFactory    - browser = Chrome 138.0.7204.101
2025-07-21 19:28:55.532 INFO  c.k.k.core.webui.driver.DriverFactory    - platform = Windows 11
2025-07-21 19:28:55.533 INFO  c.k.k.core.webui.driver.DriverFactory    - seleniumVersion = 4.28.1
2025-07-21 19:28:55.538 INFO  c.k.k.core.webui.driver.DriverFactory    - proxyInformation = ProxyInformation { proxyOption=NO_PROXY, proxyServerType=HTTP, username=, password=********, proxyServerAddress=, proxyServerPort=0, executionList="", isApplyToDesiredCapabilities=true }
2025-07-21 19:28:55.575 DEBUG testcase.SH_Login                        - 2: maximizeWindow()
2025-07-21 19:28:55.657 DEBUG testcase.SH_Login                        - 3: navigateToUrl(G_SiteURL)
2025-07-21 19:29:04.287 DEBUG testcase.SH_Login                        - 4: maximizeWindow()
2025-07-21 19:29:04.298 DEBUG testcase.SH_Login                        - 5: setText(findTestObject("Object Repository/Shared/SH_Login/Page_IBEX Payroll - Login/input_Username_Input.Username"), "uat.dstewart")
2025-07-21 19:29:04.939 DEBUG testcase.SH_Login                        - 6: setEncryptedText(findTestObject("Shared/SH_Login/Page_IBEX Payroll - Login/input_Show Password_Input.Password"), "p4y+y39Ir5Oy1MY8jPt0uQ==")
2025-07-21 19:29:05.257 DEBUG testcase.SH_Login                        - 7: click(findTestObject("Object Repository/Shared/SH_Login/Page_IBEX Payroll - Login/input_Remember me_Input.Button"))
2025-07-21 19:29:05.569 INFO  c.k.katalon.core.main.TestCaseExecutor   - END CALL Test Cases/Shared/SH_Login
2025-07-21 19:29:05.570 INFO  c.k.katalon.core.main.TestCaseExecutor   - --------------------
2025-07-21 19:29:05.579 DEBUG testcase.TC01_SH_LoginAndNavigate        - 2: callTestCase(findTestCase("Shared/SH_Navigate(Switch Org)"), [:], STOP_ON_FAILURE)
2025-07-21 19:29:05.645 INFO  c.k.katalon.core.main.TestCaseExecutor   - --------------------
2025-07-21 19:29:05.645 INFO  c.k.katalon.core.main.TestCaseExecutor   - CALL Test Cases/Shared/SH_Navigate(Switch Org)
2025-07-21 19:29:05.705 DEBUG testcase.SH_Login                        - 1: click(findTestObject("Object Repository/Shared/SH_Navigate(Switch Org)/Page_IBEX Payroll - Home/a_swap_horiz Switch SetupSimpleDialog(orgCo_55ee7d"))
2025-07-21 19:29:16.664 DEBUG testcase.SH_Login                        - 2: delay(15)
2025-07-21 19:29:31.684 INFO  c.k.katalon.core.main.TestCaseExecutor   - END CALL Test Cases/Shared/SH_Navigate(Switch Org)
2025-07-21 19:29:31.684 INFO  c.k.katalon.core.main.TestCaseExecutor   - --------------------
2025-07-21 19:29:31.685 INFO  c.k.katalon.core.main.TestCaseExecutor   - END Test Cases/Departments/TC01_SH_LoginAndNavigate
2025-07-21 19:29:31.689 INFO  c.k.katalon.core.main.TestCaseExecutor   - --------------------
2025-07-21 19:29:31.689 INFO  c.k.katalon.core.main.TestCaseExecutor   - START Test Cases/Departments/TC02_VerifyManageDepartmentFields
2025-07-21 19:29:31.719 DEBUG t.TC02_VerifyManageDepartmentFields      - 1: click(findTestObject("Object Repository/Departments/TC02_VerifyManageDepartmentFields/Page_IBEX Payroll - Home/div_Darryl Stewart                         _d15389"))
2025-07-21 19:29:32.052 DEBUG t.TC02_VerifyManageDepartmentFields      - 2: click(findTestObject("Object Repository/Departments/TC02_VerifyManageDepartmentFields/Page_IBEX Payroll - Home/a_business Organization Details"))
2025-07-21 19:29:33.350 DEBUG t.TC02_VerifyManageDepartmentFields      - 3: click(findTestObject("Object Repository/Departments/TC02_VerifyManageDepartmentFields/Page_IBEX Payroll - Organization Detail/a_Payroll Departments"))
2025-07-21 19:29:35.262 DEBUG t.TC02_VerifyManageDepartmentFields      - 4: click(findTestObject("Object Repository/Departments/TC02_VerifyManageDepartmentFields/Page_IBEX Payroll - Organization Payroll De_204c37/a_Manage Department Fields"))
2025-07-21 19:29:41.532 INFO  c.k.katalon.core.main.TestCaseExecutor   - END Test Cases/Departments/TC02_VerifyManageDepartmentFields
2025-07-21 19:29:41.537 INFO  c.k.katalon.core.main.TestCaseExecutor   - --------------------
2025-07-21 19:29:41.537 INFO  c.k.katalon.core.main.TestCaseExecutor   - START Test Cases/Departments/TC03_VerifyCustomFieldOptions
2025-07-21 19:29:41.599 DEBUG testcase.TC03_VerifyCustomFieldOptions   - 1: findWebElement(findTestObject("Object Repository/Departments/TC03_VerifyCustomFieldOotions/Page_IBEX Payroll - Manage Department Field/label_Custom Department Field 1"))
2025-07-21 19:29:44.854 DEBUG testcase.TC03_VerifyCustomFieldOptions   - 2: findWebElement(findTestObject("Object Repository/Departments/TC03_VerifyCustomFieldOotions/Page_IBEX Payroll - Manage Department Field/label_Custom Department Field 2"))
2025-07-21 19:29:51.721 INFO  c.k.katalon.core.main.TestCaseExecutor   - END Test Cases/Departments/TC03_VerifyCustomFieldOptions
2025-07-21 19:29:51.724 INFO  c.k.katalon.core.main.TestCaseExecutor   - --------------------
2025-07-21 19:29:51.724 INFO  c.k.katalon.core.main.TestCaseExecutor   - START Test Cases/Departments/TC04_CheckboxBehavior
2025-07-21 19:29:51.759 DEBUG testcase.TC04_CheckboxBehavior           - 1: click(findTestObject("Object Repository/Departments/TC04_CheckboxBehavior/Page_IBEX Payroll - Manage Department Field/input_Custom Department Field Settings_fiel_da0194"))
2025-07-21 19:29:52.057 DEBUG testcase.TC04_CheckboxBehavior           - 2: verifyElementChecked(findTestObject("Object Repository/Departments/TC04_CheckboxBehavior/Page_IBEX Payroll - Manage Department Field/input_Custom Department Field Settings_fiel_da0194"), 0)
2025-07-21 19:29:52.068 WARN  c.kms.katalon.core.helper.KeywordHelper  - Timeout '0' is invalid. Using default page load timeout: '30'
2025-07-21 19:29:52.310 DEBUG testcase.TC04_CheckboxBehavior           - 3: click(findTestObject("Object Repository/Departments/TC04_CheckboxBehavior/Page_IBEX Payroll - Manage Department Field/input_Custom Department Field 1_field02Enabled"))
2025-07-21 19:29:52.595 DEBUG testcase.TC04_CheckboxBehavior           - 4: verifyElementChecked(findTestObject("Object Repository/Departments/TC04_CheckboxBehavior/Page_IBEX Payroll - Manage Department Field/input_Custom Department Field 1_field02Enabled"), 0)
2025-07-21 19:29:52.600 WARN  c.kms.katalon.core.helper.KeywordHelper  - Timeout '0' is invalid. Using default page load timeout: '30'
2025-07-21 19:29:52.846 DEBUG testcase.TC04_CheckboxBehavior           - 5: verifyElementClickable(findTestObject("Object Repository/Departments/TC04_CheckboxBehavior/Page_IBEX Payroll - Manage Department Field/input_Custom Department Field 1_field01Value"))
2025-07-21 19:29:53.109 INFO  c.k.katalon.core.main.TestCaseExecutor   - END Test Cases/Departments/TC04_CheckboxBehavior
2025-07-21 19:29:53.111 INFO  c.k.katalon.core.main.TestCaseExecutor   - --------------------
2025-07-21 19:29:53.111 INFO  c.k.katalon.core.main.TestCaseExecutor   - START Test Cases/Departments/TC05_Validation_Fields_Empty
2025-07-21 19:29:53.155 DEBUG testcase.TC05_Validation_Fields_Empty    - 1: setText(findTestObject("Object Repository/Departments/TC06_Validation_Fields_ExceedsLimit/Page_IBEX Payroll - Manage Department Field/input_Custom Department Field 1_field01Value"), "")
2025-07-21 19:29:53.688 DEBUG testcase.TC05_Validation_Fields_Empty    - 2: setText(findTestObject("Object Repository/Departments/TC06_Validation_Fields_ExceedsLimit/Page_IBEX Payroll - Manage Department Field/input_Custom Department Field 2_field02Value"), "")
2025-07-21 19:29:54.225 DEBUG testcase.TC05_Validation_Fields_Empty    - 3: click(findTestObject("Object Repository/Departments/TC06_Validation_Fields_ExceedsLimit/Page_IBEX Payroll - Manage Department Field/button_Save"))
2025-07-21 19:29:54.514 DEBUG testcase.TC05_Validation_Fields_Empty    - 4: verifyTextPresent(G_validation_Field1_Empty, false)
2025-07-21 19:29:54.993 DEBUG testcase.TC05_Validation_Fields_Empty    - 5: verifyTextPresent(G_validation_Field2_Empty, false)
2025-07-21 19:29:55.243 INFO  c.k.katalon.core.main.TestCaseExecutor   - END Test Cases/Departments/TC05_Validation_Fields_Empty
2025-07-21 19:29:55.245 INFO  c.k.katalon.core.main.TestCaseExecutor   - --------------------
2025-07-21 19:29:55.245 INFO  c.k.katalon.core.main.TestCaseExecutor   - START Test Cases/Departments/TC06_Validation_Fields_ExceedsLimit
2025-07-21 19:29:55.284 DEBUG t.TC06_Validation_Fields_ExceedsLimit    - 1: setText(findTestObject("Object Repository/Departments/TC05_Validation_Fields_Empty/Page_IBEX Payroll - Manage Department Field/input_Custom Department Field 1_field01Value"), G_LongTextInput)
2025-07-21 19:29:55.941 DEBUG t.TC06_Validation_Fields_ExceedsLimit    - 2: setText(findTestObject("Object Repository/Departments/TC05_Validation_Fields_Empty/Page_IBEX Payroll - Manage Department Field/input_Custom Department Field 2_field02Value"), G_LongTextInput)
2025-07-21 19:29:56.729 DEBUG t.TC06_Validation_Fields_ExceedsLimit    - 3: click(findTestObject("Object Repository/Departments/TC05_Validation_Fields_Empty/Page_IBEX Payroll - Manage Department Field/button_Save"))
2025-07-21 19:29:57.224 DEBUG t.TC06_Validation_Fields_ExceedsLimit    - 4: verifyTextPresent(G_Validation_Field1_ExceedsLimit, false)
2025-07-21 19:29:57.487 DEBUG t.TC06_Validation_Fields_ExceedsLimit    - 5: verifyTextPresent(G_Validation_Field2_ExceedsLimit, false)
2025-07-21 19:29:57.741 INFO  c.k.katalon.core.main.TestCaseExecutor   - END Test Cases/Departments/TC06_Validation_Fields_ExceedsLimit
2025-07-21 19:29:57.743 INFO  c.k.katalon.core.main.TestCaseExecutor   - --------------------
2025-07-21 19:29:57.743 INFO  c.k.katalon.core.main.TestCaseExecutor   - START Test Cases/Departments/TC07_Validation_Fields_SpecialChars
2025-07-21 19:29:57.778 DEBUG t.TC07_Validation_Fields_SpecialChars    - 1: setText(findTestObject("Object Repository/Departments/TC07_validation_Fields_SpecialChars/Page_IBEX Payroll - Manage Department Field/input_Custom Department Field 1_field01Value"), "")
2025-07-21 19:29:58.319 DEBUG t.TC07_Validation_Fields_SpecialChars    - 2: setText(findTestObject("Object Repository/Departments/TC07_validation_Fields_SpecialChars/Page_IBEX Payroll - Manage Department Field/input_Custom Department Field 2_field02Value"), "")
2025-07-21 19:29:58.875 DEBUG t.TC07_Validation_Fields_SpecialChars    - 3: setText(findTestObject("Object Repository/Departments/TC07_validation_Fields_SpecialChars/Page_IBEX Payroll - Manage Department Field/input_Custom Department Field 1_field01Value"), "%<>{}")
2025-07-21 19:29:59.425 DEBUG t.TC07_Validation_Fields_SpecialChars    - 4: setText(findTestObject("Object Repository/Departments/TC07_validation_Fields_SpecialChars/Page_IBEX Payroll - Manage Department Field/input_Custom Department Field 2_field02Value"), "#[]~")
2025-07-21 19:29:59.958 DEBUG t.TC07_Validation_Fields_SpecialChars    - 5: click(findTestObject("Object Repository/Departments/TC07_validation_Fields_SpecialChars/Page_IBEX Payroll - Manage Department Field/button_Save"))
2025-07-21 19:30:00.247 DEBUG t.TC07_Validation_Fields_SpecialChars    - 6: verifyTextPresent(G_Validation_Field1_SpecialChars, false)
2025-07-21 19:30:00.764 DEBUG t.TC07_Validation_Fields_SpecialChars    - 7: verifyTextPresent(G_Validation_Field2_SpecialChars, false)
2025-07-21 19:30:01.035 INFO  c.k.katalon.core.main.TestCaseExecutor   - END Test Cases/Departments/TC07_Validation_Fields_SpecialChars
2025-07-21 19:30:01.401 INFO  c.k.katalon.core.main.TestSuiteExecutor  - --------------------
2025-07-21 19:30:01.401 INFO  c.k.katalon.core.main.TestSuiteExecutor  - END Test Suites/Departments/TS_Departments_CustomFieldSettings
2025-07-21 19:30:01.402 INFO  c.k.katalon.core.main.TestSuiteExecutor  - ====================
