Warning: NLS unused message: QTEST in: com.kms.katalon.constants.globalMessages
Warning: NLS missing message: QTEST_NAME in: com.kms.katalon.constants.globalMessages
2025-07-21 18:54:48.511 INFO  c.k.katalon.core.main.TestSuiteExecutor  - START Test Suites/Departments/TS_Departments_CustomFieldSettings
2025-07-21 18:54:48.597 INFO  c.k.katalon.core.main.TestSuiteExecutor  - userFullName = Ayushi Kalia
2025-07-21 18:54:48.598 INFO  c.k.katalon.core.main.TestSuiteExecutor  - projectName = Testing
2025-07-21 18:54:48.600 INFO  c.k.katalon.core.main.TestSuiteExecutor  - hostName = AI-PC-001 - AI-PC-001.lan
2025-07-21 18:54:48.601 INFO  c.k.katalon.core.main.TestSuiteExecutor  - os = Windows 11 64bit
2025-07-21 18:54:48.602 INFO  c.k.katalon.core.main.TestSuiteExecutor  - hostAddress = 192.168.31.113
2025-07-21 18:54:48.602 INFO  c.k.katalon.core.main.TestSuiteExecutor  - katalonVersion = 10.2.3.0
2025-07-21 18:54:49.337 INFO  c.k.katalon.core.main.TestCaseExecutor   - --------------------
2025-07-21 18:54:49.337 INFO  c.k.katalon.core.main.TestCaseExecutor   - START Test Cases/Departments/TC01_SH_LoginAndNavigate
2025-07-21 18:54:49.693 DEBUG testcase.TC01_SH_LoginAndNavigate        - 1: callTestCase(findTestCase("Shared/SH_Login"), [:], STOP_ON_FAILURE)
2025-07-21 18:54:49.905 INFO  c.k.katalon.core.main.TestCaseExecutor   - --------------------
2025-07-21 18:54:49.905 INFO  c.k.katalon.core.main.TestCaseExecutor   - CALL Test Cases/Shared/SH_Login
2025-07-21 18:54:49.974 DEBUG testcase.SH_Login                        - 1: openBrowser("")
2025-07-21 18:54:50.112 INFO  c.k.k.core.webui.driver.DriverFactory    - Starting 'Chrome' driver
2025-07-21 18:54:50.180 INFO  c.k.k.core.webui.driver.DriverFactory    - Action delay is set to 0 milliseconds
Jul 21, 2025 6:54:51 PM org.openqa.selenium.devtools.CdpVersionFinder findNearestMatch
WARNING: Unable to find an exact match for CDP version 138, returning the closest version; found: 135; Please update to a Selenium version that supports CDP version 138
2025-07-21 18:54:52.297 INFO  c.k.k.core.webui.driver.DriverFactory    - sessionId = 1b2fdb3c253821a416cc19be200add13
2025-07-21 18:54:52.299 INFO  c.k.k.core.webui.driver.DriverFactory    - browser = Chrome 138.0.7204.101
2025-07-21 18:54:52.299 INFO  c.k.k.core.webui.driver.DriverFactory    - platform = Windows 11
2025-07-21 18:54:52.299 INFO  c.k.k.core.webui.driver.DriverFactory    - seleniumVersion = 4.28.1
2025-07-21 18:54:52.307 INFO  c.k.k.core.webui.driver.DriverFactory    - proxyInformation = ProxyInformation { proxyOption=NO_PROXY, proxyServerType=HTTP, username=, password=********, proxyServerAddress=, proxyServerPort=0, executionList="", isApplyToDesiredCapabilities=true }
2025-07-21 18:54:52.350 DEBUG testcase.SH_Login                        - 2: maximizeWindow()
2025-07-21 18:54:52.443 DEBUG testcase.SH_Login                        - 3: navigateToUrl(G_SiteURL)
2025-07-21 18:54:59.960 DEBUG testcase.SH_Login                        - 4: maximizeWindow()
2025-07-21 18:54:59.976 DEBUG testcase.SH_Login                        - 5: setText(findTestObject("Object Repository/Shared/SH_Login/Page_IBEX Payroll - Login/input_Username_Input.Username"), "uat.dstewart")
2025-07-21 18:55:00.690 DEBUG testcase.SH_Login                        - 6: setEncryptedText(findTestObject("Shared/SH_Login/Page_IBEX Payroll - Login/input_Show Password_Input.Password"), "p4y+y39Ir5Oy1MY8jPt0uQ==")
2025-07-21 18:55:01.056 DEBUG testcase.SH_Login                        - 7: click(findTestObject("Object Repository/Shared/SH_Login/Page_IBEX Payroll - Login/input_Remember me_Input.Button"))
2025-07-21 18:55:16.222 INFO  c.k.katalon.core.main.TestCaseExecutor   - END CALL Test Cases/Shared/SH_Login
2025-07-21 18:55:16.224 INFO  c.k.katalon.core.main.TestCaseExecutor   - --------------------
2025-07-21 18:55:16.234 DEBUG testcase.TC01_SH_LoginAndNavigate        - 2: callTestCase(findTestCase("Shared/SH_Navigate(Switch Org)"), [:], STOP_ON_FAILURE)
2025-07-21 18:55:16.328 INFO  c.k.katalon.core.main.TestCaseExecutor   - --------------------
2025-07-21 18:55:16.328 INFO  c.k.katalon.core.main.TestCaseExecutor   - CALL Test Cases/Shared/SH_Navigate(Switch Org)
2025-07-21 18:55:16.395 DEBUG testcase.SH_Login                        - 1: click(findTestObject("Object Repository/Shared/SH_Navigate(Switch Org)/Page_IBEX Payroll - Home/a_swap_horiz Switch SetupSimpleDialog(orgCo_55ee7d"))
2025-07-21 18:55:16.743 DEBUG testcase.SH_Login                        - 2: delay(15)
2025-07-21 18:55:31.768 INFO  c.k.katalon.core.main.TestCaseExecutor   - END CALL Test Cases/Shared/SH_Navigate(Switch Org)
2025-07-21 18:55:31.768 INFO  c.k.katalon.core.main.TestCaseExecutor   - --------------------
2025-07-21 18:55:31.770 INFO  c.k.katalon.core.main.TestCaseExecutor   - END Test Cases/Departments/TC01_SH_LoginAndNavigate
2025-07-21 18:55:31.787 INFO  c.k.katalon.core.main.TestCaseExecutor   - --------------------
2025-07-21 18:55:31.787 INFO  c.k.katalon.core.main.TestCaseExecutor   - START Test Cases/Departments/TC02_VerifyManageDepartmentFields
2025-07-21 18:55:31.849 DEBUG t.TC02_VerifyManageDepartmentFields      - 1: click(findTestObject("Object Repository/Departments/TC02_VerifyManageDepartmentFields/Page_IBEX Payroll - Home/div_Darryl Stewart                         _d15389"))
2025-07-21 18:55:38.467 DEBUG t.TC02_VerifyManageDepartmentFields      - 2: click(findTestObject("Object Repository/Departments/TC02_VerifyManageDepartmentFields/Page_IBEX Payroll - Home/a_business Organization Details"))
2025-07-21 18:55:40.896 DEBUG t.TC02_VerifyManageDepartmentFields      - 3: click(findTestObject("Object Repository/Departments/TC02_VerifyManageDepartmentFields/Page_IBEX Payroll - Organization Detail/a_Payroll Departments"))
2025-07-21 18:55:42.978 DEBUG t.TC02_VerifyManageDepartmentFields      - 4: click(findTestObject("Object Repository/Departments/TC02_VerifyManageDepartmentFields/Page_IBEX Payroll - Organization Payroll De_204c37/a_Manage Department Fields"))
2025-07-21 18:56:08.607 INFO  c.k.katalon.core.main.TestCaseExecutor   - END Test Cases/Departments/TC02_VerifyManageDepartmentFields
2025-07-21 18:56:08.626 INFO  c.k.katalon.core.main.TestCaseExecutor   - --------------------
2025-07-21 18:56:08.628 INFO  c.k.katalon.core.main.TestCaseExecutor   - START Test Cases/Departments/TC03_VerifyCustomFieldOptions
2025-07-21 18:56:08.679 DEBUG testcase.TC03_VerifyCustomFieldOptions   - 1: findWebElement(findTestObject("Object Repository/Departments/TC03_VerifyCustomFieldOotions/Page_IBEX Payroll - Manage Department Field/label_Custom Department Field 1"))
