Warning: NLS unused message: QTEST in: com.kms.katalon.constants.globalMessages
Warning: NLS missing message: QTEST_NAME in: com.kms.katalon.constants.globalMessages
2025-07-21 19:59:01.364 INFO  c.k.katalon.core.main.TestSuiteExecutor  - START Test Suites/Departments/TS_Departments_CustomFieldSettings
2025-07-21 19:59:01.443 INFO  c.k.katalon.core.main.TestSuiteExecutor  - userFullName = Ayushi Kalia
2025-07-21 19:59:01.444 INFO  c.k.katalon.core.main.TestSuiteExecutor  - projectName = Testing
2025-07-21 19:59:01.444 INFO  c.k.katalon.core.main.TestSuiteExecutor  - hostName = AI-PC-001 - AI-PC-001.lan
2025-07-21 19:59:01.446 INFO  c.k.katalon.core.main.TestSuiteExecutor  - os = Windows 11 64bit
2025-07-21 19:59:01.446 INFO  c.k.katalon.core.main.TestSuiteExecutor  - hostAddress = 192.168.31.113
2025-07-21 19:59:01.447 INFO  c.k.katalon.core.main.TestSuiteExecutor  - katalonVersion = 10.2.3.0
2025-07-21 19:59:01.905 INFO  c.k.katalon.core.main.TestCaseExecutor   - --------------------
2025-07-21 19:59:01.906 INFO  c.k.katalon.core.main.TestCaseExecutor   - START Test Cases/Departments/TC01_SH_LoginAndNavigate
2025-07-21 19:59:02.189 DEBUG testcase.TC01_SH_LoginAndNavigate        - 1: callTestCase(findTestCase("Shared/SH_Login"), [:], STOP_ON_FAILURE)
2025-07-21 19:59:02.327 INFO  c.k.katalon.core.main.TestCaseExecutor   - --------------------
2025-07-21 19:59:02.327 INFO  c.k.katalon.core.main.TestCaseExecutor   - CALL Test Cases/Shared/SH_Login
2025-07-21 19:59:02.388 DEBUG testcase.SH_Login                        - 1: openBrowser("")
2025-07-21 19:59:02.512 INFO  c.k.k.core.webui.driver.DriverFactory    - Starting 'Chrome' driver
2025-07-21 19:59:02.568 INFO  c.k.k.core.webui.driver.DriverFactory    - Action delay is set to 0 milliseconds
Jul 21, 2025 7:59:03 PM org.openqa.selenium.devtools.CdpVersionFinder findNearestMatch
WARNING: Unable to find an exact match for CDP version 138, returning the closest version; found: 135; Please update to a Selenium version that supports CDP version 138
2025-07-21 19:59:04.071 INFO  c.k.k.core.webui.driver.DriverFactory    - sessionId = 26ebc44b976a7b59e43f6670ae40c70c
2025-07-21 19:59:04.073 INFO  c.k.k.core.webui.driver.DriverFactory    - browser = Chrome 138.0.7204.101
2025-07-21 19:59:04.073 INFO  c.k.k.core.webui.driver.DriverFactory    - platform = Windows 11
2025-07-21 19:59:04.073 INFO  c.k.k.core.webui.driver.DriverFactory    - seleniumVersion = 4.28.1
2025-07-21 19:59:04.080 INFO  c.k.k.core.webui.driver.DriverFactory    - proxyInformation = ProxyInformation { proxyOption=NO_PROXY, proxyServerType=HTTP, username=, password=********, proxyServerAddress=, proxyServerPort=0, executionList="", isApplyToDesiredCapabilities=true }
2025-07-21 19:59:04.113 DEBUG testcase.SH_Login                        - 2: maximizeWindow()
2025-07-21 19:59:04.176 DEBUG testcase.SH_Login                        - 3: navigateToUrl(G_SiteURL)
2025-07-21 19:59:08.844 DEBUG testcase.SH_Login                        - 4: maximizeWindow()
2025-07-21 19:59:08.856 DEBUG testcase.SH_Login                        - 5: setText(findTestObject("Object Repository/Shared/SH_Login/Page_IBEX Payroll - Login/input_Username_Input.Username"), "uat.dstewart")
2025-07-21 19:59:09.522 DEBUG testcase.SH_Login                        - 6: setEncryptedText(findTestObject("Shared/SH_Login/Page_IBEX Payroll - Login/input_Show Password_Input.Password"), "p4y+y39Ir5Oy1MY8jPt0uQ==")
2025-07-21 19:59:09.828 DEBUG testcase.SH_Login                        - 7: click(findTestObject("Object Repository/Shared/SH_Login/Page_IBEX Payroll - Login/input_Remember me_Input.Button"))
2025-07-21 19:59:15.269 INFO  c.k.katalon.core.main.TestCaseExecutor   - END CALL Test Cases/Shared/SH_Login
2025-07-21 19:59:15.269 INFO  c.k.katalon.core.main.TestCaseExecutor   - --------------------
2025-07-21 19:59:15.281 DEBUG testcase.TC01_SH_LoginAndNavigate        - 2: callTestCase(findTestCase("Shared/SH_Navigate(Switch Org)"), [:], STOP_ON_FAILURE)
2025-07-21 19:59:15.357 INFO  c.k.katalon.core.main.TestCaseExecutor   - --------------------
2025-07-21 19:59:15.357 INFO  c.k.katalon.core.main.TestCaseExecutor   - CALL Test Cases/Shared/SH_Navigate(Switch Org)
2025-07-21 19:59:15.435 DEBUG testcase.SH_Login                        - 1: click(findTestObject("Object Repository/Shared/SH_Navigate(Switch Org)/Page_IBEX Payroll - Home/a_swap_horiz Switch SetupSimpleDialog(orgCo_55ee7d"))
2025-07-21 19:59:15.740 DEBUG testcase.SH_Login                        - 2: delay(15)
2025-07-21 19:59:30.766 INFO  c.k.katalon.core.main.TestCaseExecutor   - END CALL Test Cases/Shared/SH_Navigate(Switch Org)
2025-07-21 19:59:30.766 INFO  c.k.katalon.core.main.TestCaseExecutor   - --------------------
2025-07-21 19:59:30.768 INFO  c.k.katalon.core.main.TestCaseExecutor   - END Test Cases/Departments/TC01_SH_LoginAndNavigate
2025-07-21 19:59:30.777 INFO  c.k.katalon.core.main.TestCaseExecutor   - --------------------
2025-07-21 19:59:30.778 INFO  c.k.katalon.core.main.TestCaseExecutor   - START Test Cases/Departments/TC02_VerifyManageDepartmentFields
2025-07-21 19:59:30.824 DEBUG t.TC02_VerifyManageDepartmentFields      - 1: click(findTestObject("Object Repository/Departments/TC02_VerifyManageDepartmentFields/Page_IBEX Payroll - Home/div_Darryl Stewart                         _d15389"))
2025-07-21 19:59:31.124 DEBUG t.TC02_VerifyManageDepartmentFields      - 2: click(findTestObject("Object Repository/Departments/TC02_VerifyManageDepartmentFields/Page_IBEX Payroll - Home/a_business Organization Details"))
2025-07-21 19:59:32.285 DEBUG t.TC02_VerifyManageDepartmentFields      - 3: click(findTestObject("Object Repository/Departments/TC02_VerifyManageDepartmentFields/Page_IBEX Payroll - Organization Detail/a_Payroll Departments"))
2025-07-21 19:59:34.128 DEBUG t.TC02_VerifyManageDepartmentFields      - 4: click(findTestObject("Object Repository/Departments/TC02_VerifyManageDepartmentFields/Page_IBEX Payroll - Organization Payroll De_204c37/a_Manage Department Fields"))
2025-07-21 19:59:37.483 INFO  c.k.katalon.core.main.TestCaseExecutor   - END Test Cases/Departments/TC02_VerifyManageDepartmentFields
2025-07-21 19:59:37.487 INFO  c.k.katalon.core.main.TestCaseExecutor   - --------------------
2025-07-21 19:59:37.487 INFO  c.k.katalon.core.main.TestCaseExecutor   - START Test Cases/Departments/TC03_VerifyCustomFieldOptions
2025-07-21 19:59:37.547 DEBUG testcase.TC03_VerifyCustomFieldOptions   - 1: findWebElement(findTestObject("Object Repository/Departments/TC03_VerifyCustomFieldOotions/Page_IBEX Payroll - Manage Department Field/label_Custom Department Field 1"))
2025-07-21 19:59:40.875 DEBUG testcase.TC03_VerifyCustomFieldOptions   - 2: findWebElement(findTestObject("Object Repository/Departments/TC03_VerifyCustomFieldOotions/Page_IBEX Payroll - Manage Department Field/label_Custom Department Field 2"))
2025-07-21 19:59:47.750 INFO  c.k.katalon.core.main.TestCaseExecutor   - END Test Cases/Departments/TC03_VerifyCustomFieldOptions
2025-07-21 19:59:47.754 INFO  c.k.katalon.core.main.TestCaseExecutor   - --------------------
2025-07-21 19:59:47.754 INFO  c.k.katalon.core.main.TestCaseExecutor   - START Test Cases/Departments/TC08_Validation_Fields_ValidInput
2025-07-21 19:59:47.829 DEBUG t.TC08_Validation_Fields_ValidInput      - 1: setText(findTestObject("Object Repository/Departments/TC08_Validation_Field1_ValidInput/Page_IBEX Payroll - Manage Department Field/input_Custom Department Field 1_field01Value"), G_Custom_Label01)
2025-07-21 19:59:48.396 DEBUG t.TC08_Validation_Fields_ValidInput      - 2: setText(findTestObject("Object Repository/Departments/TC08_Validation_Field1_ValidInput/Page_IBEX Payroll - Manage Department Field/input_Custom Department Field 2_field02Value"), G_Custom_label02)
2025-07-21 19:59:48.962 DEBUG t.TC08_Validation_Fields_ValidInput      - 3: click(findTestObject("Object Repository/Departments/TC08_Validation_Field1_ValidInput/Page_IBEX Payroll - Manage Department Field/button_Save"))
2025-07-21 19:59:49.256 INFO  c.k.katalon.core.main.TestCaseExecutor   - END Test Cases/Departments/TC08_Validation_Fields_ValidInput
2025-07-21 19:59:49.259 INFO  c.k.katalon.core.main.TestCaseExecutor   - --------------------
2025-07-21 19:59:49.259 INFO  c.k.katalon.core.main.TestCaseExecutor   - START Test Cases/Departments/TC09_Validation_Fields_CannotBeCleared
2025-07-21 19:59:49.325 DEBUG t.TC09_Validation_Fields_CannotBeCleared - 1: callTestCase(findTestCase("Departments/TC01_SH_LoginAndNavigate"), [:], STOP_ON_FAILURE)
2025-07-21 19:59:49.399 INFO  c.k.katalon.core.main.TestCaseExecutor   - --------------------
2025-07-21 19:59:49.400 INFO  c.k.katalon.core.main.TestCaseExecutor   - CALL Test Cases/Departments/TC01_SH_LoginAndNavigate
2025-07-21 19:59:49.413 DEBUG testcase.TC01_SH_LoginAndNavigate        - 1: callTestCase(findTestCase("Shared/SH_Login"), [:], STOP_ON_FAILURE)
2025-07-21 19:59:49.479 INFO  c.k.katalon.core.main.TestCaseExecutor   - --------------------
2025-07-21 19:59:49.480 INFO  c.k.katalon.core.main.TestCaseExecutor   - CALL Test Cases/Shared/SH_Login
2025-07-21 19:59:49.502 DEBUG testcase.SH_Login                        - 1: openBrowser("")
2025-07-21 19:59:49.506 WARN  c.k.k.core.webui.driver.DriverFactory    - A browser is already opened. Closing browser and opening a new one
2025-07-21 19:59:49.822 INFO  c.k.k.core.webui.driver.DriverFactory    - Starting 'Chrome' driver
2025-07-21 19:59:49.824 INFO  c.k.k.core.webui.driver.DriverFactory    - Action delay is set to 0 milliseconds
Jul 21, 2025 7:59:50 PM org.openqa.selenium.devtools.CdpVersionFinder findNearestMatch
WARNING: Unable to find an exact match for CDP version 138, returning the closest version; found: 135; Please update to a Selenium version that supports CDP version 138
2025-07-21 19:59:50.610 INFO  c.k.k.core.webui.driver.DriverFactory    - sessionId = 5cf64e0c69b26279452aa059b5c0dba7
2025-07-21 19:59:50.610 INFO  c.k.k.core.webui.driver.DriverFactory    - browser = Chrome 138.0.7204.101
2025-07-21 19:59:50.611 INFO  c.k.k.core.webui.driver.DriverFactory    - platform = Windows 11
2025-07-21 19:59:50.611 INFO  c.k.k.core.webui.driver.DriverFactory    - seleniumVersion = 4.28.1
2025-07-21 19:59:50.612 INFO  c.k.k.core.webui.driver.DriverFactory    - proxyInformation = ProxyInformation { proxyOption=NO_PROXY, proxyServerType=HTTP, username=, password=********, proxyServerAddress=, proxyServerPort=0, executionList="", isApplyToDesiredCapabilities=true }
2025-07-21 19:59:50.633 DEBUG testcase.SH_Login                        - 2: maximizeWindow()
2025-07-21 19:59:50.715 DEBUG testcase.SH_Login                        - 3: navigateToUrl(G_SiteURL)
2025-07-21 19:59:54.648 DEBUG testcase.SH_Login                        - 4: maximizeWindow()
2025-07-21 19:59:54.657 DEBUG testcase.SH_Login                        - 5: setText(findTestObject("Object Repository/Shared/SH_Login/Page_IBEX Payroll - Login/input_Username_Input.Username"), "uat.dstewart")
2025-07-21 19:59:55.205 DEBUG testcase.SH_Login                        - 6: setEncryptedText(findTestObject("Shared/SH_Login/Page_IBEX Payroll - Login/input_Show Password_Input.Password"), "p4y+y39Ir5Oy1MY8jPt0uQ==")
2025-07-21 19:59:55.511 DEBUG testcase.SH_Login                        - 7: click(findTestObject("Object Repository/Shared/SH_Login/Page_IBEX Payroll - Login/input_Remember me_Input.Button"))
2025-07-21 20:00:00.485 INFO  c.k.katalon.core.main.TestCaseExecutor   - END CALL Test Cases/Shared/SH_Login
2025-07-21 20:00:00.485 INFO  c.k.katalon.core.main.TestCaseExecutor   - --------------------
2025-07-21 20:00:00.487 DEBUG testcase.TC01_SH_LoginAndNavigate        - 2: callTestCase(findTestCase("Shared/SH_Navigate(Switch Org)"), [:], STOP_ON_FAILURE)
2025-07-21 20:00:00.564 INFO  c.k.katalon.core.main.TestCaseExecutor   - --------------------
2025-07-21 20:00:00.566 INFO  c.k.katalon.core.main.TestCaseExecutor   - CALL Test Cases/Shared/SH_Navigate(Switch Org)
2025-07-21 20:00:00.582 DEBUG testcase.SH_Login                        - 1: click(findTestObject("Object Repository/Shared/SH_Navigate(Switch Org)/Page_IBEX Payroll - Home/a_swap_horiz Switch SetupSimpleDialog(orgCo_55ee7d"))
2025-07-21 20:00:00.986 DEBUG testcase.SH_Login                        - 2: delay(15)
2025-07-21 20:00:15.994 INFO  c.k.katalon.core.main.TestCaseExecutor   - END CALL Test Cases/Shared/SH_Navigate(Switch Org)
2025-07-21 20:00:15.994 INFO  c.k.katalon.core.main.TestCaseExecutor   - --------------------
2025-07-21 20:00:15.996 INFO  c.k.katalon.core.main.TestCaseExecutor   - END CALL Test Cases/Departments/TC01_SH_LoginAndNavigate
2025-07-21 20:00:15.996 INFO  c.k.katalon.core.main.TestCaseExecutor   - --------------------
2025-07-21 20:00:15.997 DEBUG t.TC09_Validation_Fields_CannotBeCleared - 2: callTestCase(findTestCase("Departments/TC02_VerifyManageDepartmentFields"), [:], STOP_ON_FAILURE)
2025-07-21 20:00:16.057 INFO  c.k.katalon.core.main.TestCaseExecutor   - --------------------
2025-07-21 20:00:16.057 INFO  c.k.katalon.core.main.TestCaseExecutor   - CALL Test Cases/Departments/TC02_VerifyManageDepartmentFields
2025-07-21 20:00:16.064 DEBUG t.TC02_VerifyManageDepartmentFields      - 1: click(findTestObject("Object Repository/Departments/TC02_VerifyManageDepartmentFields/Page_IBEX Payroll - Home/div_Darryl Stewart                         _d15389"))
2025-07-21 20:00:16.346 DEBUG t.TC02_VerifyManageDepartmentFields      - 2: click(findTestObject("Object Repository/Departments/TC02_VerifyManageDepartmentFields/Page_IBEX Payroll - Home/a_business Organization Details"))
2025-07-21 20:00:17.523 DEBUG t.TC02_VerifyManageDepartmentFields      - 3: click(findTestObject("Object Repository/Departments/TC02_VerifyManageDepartmentFields/Page_IBEX Payroll - Organization Detail/a_Payroll Departments"))
2025-07-21 20:00:19.397 DEBUG t.TC02_VerifyManageDepartmentFields      - 4: click(findTestObject("Object Repository/Departments/TC02_VerifyManageDepartmentFields/Page_IBEX Payroll - Organization Payroll De_204c37/a_Manage Department Fields"))
2025-07-21 20:00:22.852 INFO  c.k.katalon.core.main.TestCaseExecutor   - END CALL Test Cases/Departments/TC02_VerifyManageDepartmentFields
2025-07-21 20:00:22.853 INFO  c.k.katalon.core.main.TestCaseExecutor   - --------------------
2025-07-21 20:00:22.855 DEBUG t.TC09_Validation_Fields_CannotBeCleared - 3: callTestCase(findTestCase("Departments/TC08_Validation_Fields_ValidInput"), [:], STOP_ON_FAILURE)
2025-07-21 20:00:22.921 INFO  c.k.katalon.core.main.TestCaseExecutor   - --------------------
2025-07-21 20:00:22.921 INFO  c.k.katalon.core.main.TestCaseExecutor   - CALL Test Cases/Departments/TC08_Validation_Fields_ValidInput
2025-07-21 20:00:22.928 DEBUG t.TC08_Validation_Fields_ValidInput      - 1: setText(findTestObject("Object Repository/Departments/TC08_Validation_Field1_ValidInput/Page_IBEX Payroll - Manage Department Field/input_Custom Department Field 1_field01Value"), G_Custom_Label01)
