2025-07-14 15:04:44.882 INFO  c.k.katalon.core.main.TestSuiteExecutor  - START Test Suites/Login and Switch Org
2025-07-14 15:04:45.008 INFO  c.k.katalon.core.main.TestSuiteExecutor  - userFullName = Ann Poole
2025-07-14 15:04:45.010 INFO  c.k.katalon.core.main.TestSuiteExecutor  - projectName = Testing
2025-07-14 15:04:45.012 INFO  c.k.katalon.core.main.TestSuiteExecutor  - hostName = Ann - NOTEBOOKPC-44.office.local
2025-07-14 15:04:45.014 INFO  c.k.katalon.core.main.TestSuiteExecutor  - os = Windows 11 64bit
2025-07-14 15:04:45.016 INFO  c.k.katalon.core.main.TestSuiteExecutor  - hostAddress = 192.168.1.167
2025-07-14 15:04:45.017 INFO  c.k.katalon.core.main.TestSuiteExecutor  - katalonVersion = 10.2.1.0
2025-07-14 15:04:45.673 INFO  c.k.katalon.core.main.TestCaseExecutor   - --------------------
2025-07-14 15:04:45.674 INFO  c.k.katalon.core.main.TestCaseExecutor   - START Test Cases/Login
2025-07-14 15:04:46.059 DEBUG testcase.Login                           - 1: openBrowser("")
2025-07-14 15:04:46.355 INFO  c.k.k.core.webui.driver.DriverFactory    - Starting 'Chrome' driver
2025-07-14 15:04:46.412 INFO  c.k.k.c.w.d.chrome.ChromeDriverBuilder   - Use managed Chrome browser & driver
2025-07-14 15:04:46.414 INFO  c.k.k.c.w.d.chrome.ChromeDriverUtil      - Checking and download if needed Chrome browser and driver for Chrome for Testing version latest (This may take a while in case of downloading needed)
2025-07-14 15:04:47.666 INFO  c.k.k.c.w.d.chrome.ChromeDriverUtil      - Checking Chrome browser and driver completed in 1252 ms
2025-07-14 15:04:47.666 INFO  c.k.k.c.w.d.chrome.ChromeDriverBuilder   - Chrome driver path: C:\Users\ann.OFFICE\.cache\selenium\chromedriver\win64\138.0.7204.94\chromedriver.exe
2025-07-14 15:04:47.666 INFO  c.k.k.c.w.d.chrome.ChromeDriverBuilder   - Chrome browser path: C:\Users\ann.OFFICE\.cache\selenium\chrome\win64\138.0.7204.94\chrome.exe
2025-07-14 15:04:47.686 INFO  c.k.k.core.webui.driver.DriverFactory    - Action delay is set to 0 milliseconds
Jul. 14, 2025 3:04:49 P.M. org.openqa.selenium.devtools.CdpVersionFinder findNearestMatch
WARNING: Unable to find CDP implementation matching 138
Jul. 14, 2025 3:04:49 P.M. org.openqa.selenium.chromium.ChromiumDriver lambda$new$4
WARNING: Unable to find version of CDP to use for 138.0.7204.94. You may need to include a dependency on a specific version of the CDP using something similar to `org.seleniumhq.selenium:selenium-devtools-v86:4.28.1` where the version ("v86") matches the version of the chromium-based browser you're using and the version number of the artifact is the same as Selenium's.
2025-07-14 15:04:50.678 INFO  c.k.k.core.webui.driver.DriverFactory    - sessionId = f773ca87026cfdec8e8efca528cd5981
2025-07-14 15:04:50.682 INFO  c.k.k.core.webui.driver.DriverFactory    - browser = Chrome 138.0.7204.94
2025-07-14 15:04:50.683 INFO  c.k.k.core.webui.driver.DriverFactory    - platform = Windows 11
2025-07-14 15:04:50.684 INFO  c.k.k.core.webui.driver.DriverFactory    - seleniumVersion = 4.28.1
2025-07-14 15:04:50.697 INFO  c.k.k.core.webui.driver.DriverFactory    - proxyInformation = ProxyInformation { proxyOption=NO_PROXY, proxyServerType=HTTP, username=, password=********, proxyServerAddress=, proxyServerPort=0, executionList="", isApplyToDesiredCapabilities=true }
2025-07-14 15:04:50.750 DEBUG testcase.Login                           - 2: navigateToUrl(G_SiteURL)
2025-07-14 15:04:51.756 DEBUG testcase.Login                           - 3: maximizeWindow()
2025-07-14 15:04:51.858 DEBUG testcase.Login                           - 4: setText(findTestObject("Object Repository/Page_IBEX Payroll - Login/input_Username_Input.Username"), "uat.dstewart")
2025-07-14 15:04:52.727 DEBUG testcase.Login                           - 5: setEncryptedText(findTestObject("Object Repository/Page_IBEX Payroll - Login/input_Show Password_Input.Password"), "p4y+y39Ir5Oy1MY8jPt0uQ==")
2025-07-14 15:04:53.111 DEBUG testcase.Login                           - 6: click(findTestObject("Object Repository/Page_IBEX Payroll - Login/input_Remember me_Input.Button"))
2025-07-14 15:04:53.858 INFO  c.k.katalon.core.main.TestCaseExecutor   - END Test Cases/Login
2025-07-14 15:04:53.866 INFO  c.k.katalon.core.main.TestCaseExecutor   - --------------------
2025-07-14 15:04:53.866 INFO  c.k.katalon.core.main.TestCaseExecutor   - START Test Cases/Switch Org
2025-07-14 15:04:53.961 DEBUG testcase.Login                           - 1: navigateToUrl(G_PayrollPage)
2025-07-14 15:04:55.792 DEBUG testcase.Login                           - 2: click(findTestObject("Object Repository/Switch_Org/Page_IBEX Payroll - Home/a_swap_horiz Switch SetupSimpleDialog(orgCo_55ee7d"))
2025-07-14 15:04:56.319 DEBUG testcase.Login                           - 3: click(findTestObject("Object Repository/Switch_Org/Page_IBEX Payroll - Home/a_Anns Test Org"))
2025-07-14 15:04:57.395 INFO  c.k.katalon.core.main.TestCaseExecutor   - END Test Cases/Switch Org
2025-07-14 15:04:57.399 INFO  c.k.katalon.core.main.TestCaseExecutor   - --------------------
2025-07-14 15:04:57.399 INFO  c.k.katalon.core.main.TestCaseExecutor   - START Test Cases/Logout and Close Browser
2025-07-14 15:04:57.484 DEBUG testcase.Login                           - 1: navigateToUrl("https://sit.ibexpayroll.com:8443/main/identityserver/connect/authorize/callback?client_id=everesthybrid&redirect_uri=https%3A%2F%2Fsit.ibexpayroll.com%3A8443%2Fmain%2Feverest%2FLogin%2FAuthenticate.mr&response_mode=form_post&response_type=code%20id_token%20token&scope=everest%20openid%20user_name&state=OpenIdConnect.AuthenticationProperties%3DdRZzhaafC0ccOymOSmtirm_eB0Dx3k0zrvqs3wUduYvn0tCSAYBS86hPRQsI6M770yZcMtFTLkAy7wLMb9_KHxKopurFyduk7jXz8Ohk28ttDDQ7lEUywjODvBm58rA24jNKBaQEi95WcVU-UvNVCdQGAzbqPwcXAot7JZs4YYMCIDigFmmD0pNTLPcKwMOjm_wv5fGsiEMyIdJrJK8KOhKmGZCjyO9-fWu3hB7EITTISDag35yojr1UCLyXK72dRYZ_XGzZiUxmst9qMkm3wSsFcnAJ3wdKbgkymueISKaisk5manVTBYFQZPIKdK4K&nonce=638881202009239736.M2FkNzQ1ZmYtYmM0NS00MmFiLWJlMjQtZGQxMjQzZjBmMTg4NTI1ODliMDYtNjE2MC00ODJmLTkzYWEtYzEzYzI4NzBiYTY3")
2025-07-14 15:04:58.533 DEBUG testcase.Login                           - 2: click(findTestObject("Object Repository/Page_IBEX Payroll - Home/div_Darryl Stewart                         _2173f8"))
2025-07-14 15:05:29.671 INFO  c.k.k.c.webui.common.WebUiCommonHelper   - Unable to find the element located by 'By.xpath: //div[@id='js-user-menu']/div'. Please recheck the objects properties to make sure the desired element is located. 
2025-07-14 15:05:29.672 WARN  c.k.k.c.webui.common.WebUiCommonHelper   - [SELF-HEALING] Failed to find element with id 'Object Repository/Page_IBEX Payroll - Home/div_Darryl Stewart                         _2173f8'. Try using Self-healing.
2025-07-14 15:05:29.917 INFO  c.k.k.c.webui.common.WebUiCommonHelper   - [SELF-HEALING] Failed Locator: '//div[@id='js-user-menu']/div'.
2025-07-14 15:05:30.153 INFO  c.k.k.c.webui.common.WebUiCommonHelper   - [SELF-HEALING] Failed Locator: '(.//*[normalize-space(text()) and normalize-space(.)='close'])[1]/following::div[4]'.
2025-07-14 15:05:30.403 INFO  c.k.k.c.webui.common.WebUiCommonHelper   - [SELF-HEALING] Failed Locator: '(.//*[normalize-space(text()) and normalize-space(.)='Advanced Search'])[1]/following::div[4]'.
2025-07-14 15:05:30.636 INFO  c.k.k.c.webui.common.WebUiCommonHelper   - [SELF-HEALING] Failed Locator: '//div[2]/div/div/div'.
2025-07-14 15:05:30.876 INFO  c.k.k.c.webui.common.WebUiCommonHelper   - [SELF-HEALING] Failed Locator: '//div[(text() = '
                                    
                                        
                                            Darryl Stewart                                        
                                        
                                            Client 100
                                        
                                    
                                    
                                        expand_more
                                    
                                ' or . = '
                                    
                                        
                                            Darryl Stewart                                        
                                        
                                            Client 100
                                        
                                    
                                    
                                        expand_more
                                    
                                ')]'.
2025-07-14 15:05:33.068 INFO  c.k.k.c.webui.common.WebUiCommonHelper   - Unable to find the element located by 'By.xpath: //*[(text() = '
                                    
                                        
                                            Darryl Stewart                                        
                                        
                                            Client 100
                                        
                                    
                                    
                                        expand_more
                                    
                                ' or . = '
                                    
                                        
                                            Darryl Stewart                                        
                                        
                                            Client 100
                                        
                                    
                                    
                                        expand_more
                                    
                                ')]'. Please recheck the objects properties to make sure the desired element is located. 
2025-07-14 15:05:34.267 INFO  c.k.k.c.webui.common.WebUiCommonHelper   - Unable to find the element located by 'By.cssSelector: div.header-menu__button'. Please recheck the objects properties to make sure the desired element is located. 
2025-07-14 15:05:34.581 ERROR c.k.k.core.keyword.internal.KeywordMain  - ❌ Unable to click on object 'Object Repository/Page_IBEX Payroll - Home/div_Darryl Stewart                         _2173f8' (Root cause: com.kms.katalon.core.exception.StepFailedException: Unable to click on object 'Object Repository/Page_IBEX Payroll - Home/div_Darryl Stewart                         _2173f8'
	at com.kms.katalon.core.webui.keyword.internal.WebUIKeywordMain.stepFailed(WebUIKeywordMain.groovy:117)
	at com.kms.katalon.core.webui.keyword.internal.WebUIKeywordMain.runKeyword(WebUIKeywordMain.groovy:43)
	at com.kms.katalon.core.webui.keyword.builtin.ClickKeyword.click(ClickKeyword.groovy:75)
	at com.kms.katalon.core.webui.keyword.builtin.ClickKeyword.execute(ClickKeyword.groovy:40)
	at com.kms.katalon.core.keyword.internal.KeywordExecutor.executeKeywordForPlatform(KeywordExecutor.groovy:74)
	at com.kms.katalon.core.webui.keyword.WebUiBuiltInKeywords.click(WebUiBuiltInKeywords.groovy:696)
	at Logout and Close Browser.run(Logout and Close Browser:22)
	at com.kms.katalon.core.main.ScriptEngine.run(ScriptEngine.java:194)
	at com.kms.katalon.core.main.ScriptEngine.runScriptAsRawText(ScriptEngine.java:119)
	at com.kms.katalon.core.main.TestCaseExecutor.runScript(TestCaseExecutor.java:486)
	at com.kms.katalon.core.main.TestCaseExecutor.doExecute(TestCaseExecutor.java:477)
	at com.kms.katalon.core.main.TestCaseExecutor.processExecutionPhase(TestCaseExecutor.java:456)
	at com.kms.katalon.core.main.TestCaseExecutor.accessMainPhase(TestCaseExecutor.java:448)
	at com.kms.katalon.core.main.TestCaseExecutor.execute(TestCaseExecutor.java:322)
	at com.kms.katalon.core.common.CommonExecutor.accessTestCaseMainPhase(CommonExecutor.java:71)
	at com.kms.katalon.core.main.TestSuiteExecutor.accessTestSuiteMainPhase(TestSuiteExecutor.java:160)
	at com.kms.katalon.core.main.TestSuiteExecutor.execute(TestSuiteExecutor.java:107)
	at com.kms.katalon.core.main.TestCaseMain.startTestSuite(TestCaseMain.java:186)
	at TempTestSuite1752523475365.run(TempTestSuite1752523475365.groovy:35)
	at java.base/jdk.internal.reflect.NativeMethodAccessorImpl.invoke0(Native Method)
	at java.base/jdk.internal.reflect.NativeMethodAccessorImpl.invoke(NativeMethodAccessorImpl.java:77)
	at java.base/jdk.internal.reflect.DelegatingMethodAccessorImpl.invoke(DelegatingMethodAccessorImpl.java:43)
Caused by: com.kms.katalon.core.webui.exception.WebElementNotFoundException: Web element with id: 'Object Repository/Page_IBEX Payroll - Home/div_Darryl Stewart                         _2173f8' located by '//div[@id='js-user-menu']/div' not found
	at com.kms.katalon.core.webui.common.WebUiCommonHelper.findWebElement(WebUiCommonHelper.java:1457)
	at com.kms.katalon.core.webui.keyword.internal.WebUIAbstractKeyword.findWebElement(WebUIAbstractKeyword.groovy:27)
	at com.kms.katalon.core.webui.keyword.builtin.ClickKeyword$_click_closure1.doCall(ClickKeyword.groovy:66)
	at com.kms.katalon.core.webui.keyword.builtin.ClickKeyword$_click_closure1.call(ClickKeyword.groovy)
	at com.kms.katalon.core.webui.keyword.internal.WebUIKeywordMain.runKeyword(WebUIKeywordMain.groovy:35)
	at com.kms.katalon.core.webui.keyword.builtin.ClickKeyword.click(ClickKeyword.groovy:75)
	at com.kms.katalon.core.webui.keyword.builtin.ClickKeyword.execute(ClickKeyword.groovy:40)
	at com.kms.katalon.core.keyword.internal.KeywordExecutor.executeKeywordForPlatform(KeywordExecutor.groovy:74)
	at com.kms.katalon.core.webui.keyword.WebUiBuiltInKeywords.click(WebUiBuiltInKeywords.groovy:696)
	at Script1752500496249.run(Script1752500496249.groovy:22)
	... 15 more
)
2025-07-14 15:05:34.586 ERROR c.k.katalon.core.main.TestCaseExecutor   - ❌ Test Cases/Logout and Close Browser FAILED.
Reason:
com.kms.katalon.core.exception.StepFailedException: Unable to click on object 'Object Repository/Page_IBEX Payroll - Home/div_Darryl Stewart                         _2173f8'
	at com.kms.katalon.core.webui.keyword.internal.WebUIKeywordMain.stepFailed(WebUIKeywordMain.groovy:117)
	at com.kms.katalon.core.webui.keyword.internal.WebUIKeywordMain.runKeyword(WebUIKeywordMain.groovy:43)
	at com.kms.katalon.core.webui.keyword.builtin.ClickKeyword.click(ClickKeyword.groovy:75)
	at com.kms.katalon.core.webui.keyword.builtin.ClickKeyword.execute(ClickKeyword.groovy:40)
	at com.kms.katalon.core.keyword.internal.KeywordExecutor.executeKeywordForPlatform(KeywordExecutor.groovy:74)
	at com.kms.katalon.core.webui.keyword.WebUiBuiltInKeywords.click(WebUiBuiltInKeywords.groovy:696)
	at Logout and Close Browser.run(Logout and Close Browser:22)
	at com.kms.katalon.core.main.ScriptEngine.run(ScriptEngine.java:194)
	at com.kms.katalon.core.main.ScriptEngine.runScriptAsRawText(ScriptEngine.java:119)
	at com.kms.katalon.core.main.TestCaseExecutor.runScript(TestCaseExecutor.java:486)
	at com.kms.katalon.core.main.TestCaseExecutor.doExecute(TestCaseExecutor.java:477)
	at com.kms.katalon.core.main.TestCaseExecutor.processExecutionPhase(TestCaseExecutor.java:456)
	at com.kms.katalon.core.main.TestCaseExecutor.accessMainPhase(TestCaseExecutor.java:448)
	at com.kms.katalon.core.main.TestCaseExecutor.execute(TestCaseExecutor.java:322)
	at com.kms.katalon.core.common.CommonExecutor.accessTestCaseMainPhase(CommonExecutor.java:71)
	at com.kms.katalon.core.main.TestSuiteExecutor.accessTestSuiteMainPhase(TestSuiteExecutor.java:160)
	at com.kms.katalon.core.main.TestSuiteExecutor.execute(TestSuiteExecutor.java:107)
	at com.kms.katalon.core.main.TestCaseMain.startTestSuite(TestCaseMain.java:186)
	at TempTestSuite1752523475365.run(TempTestSuite1752523475365.groovy:35)
	at java.base/jdk.internal.reflect.NativeMethodAccessorImpl.invoke0(Native Method)
	at java.base/jdk.internal.reflect.NativeMethodAccessorImpl.invoke(NativeMethodAccessorImpl.java:77)
	at java.base/jdk.internal.reflect.DelegatingMethodAccessorImpl.invoke(DelegatingMethodAccessorImpl.java:43)
Caused by: com.kms.katalon.core.webui.exception.WebElementNotFoundException: Web element with id: 'Object Repository/Page_IBEX Payroll - Home/div_Darryl Stewart                         _2173f8' located by '//div[@id='js-user-menu']/div' not found
	at com.kms.katalon.core.webui.common.WebUiCommonHelper.findWebElement(WebUiCommonHelper.java:1457)
	at com.kms.katalon.core.webui.keyword.internal.WebUIAbstractKeyword.findWebElement(WebUIAbstractKeyword.groovy:27)
	at com.kms.katalon.core.webui.keyword.builtin.ClickKeyword$_click_closure1.doCall(ClickKeyword.groovy:66)
	at com.kms.katalon.core.webui.keyword.builtin.ClickKeyword$_click_closure1.call(ClickKeyword.groovy)
	at com.kms.katalon.core.webui.keyword.internal.WebUIKeywordMain.runKeyword(WebUIKeywordMain.groovy:35)
	... 20 more

2025-07-14 15:05:34.590 INFO  c.k.katalon.core.main.TestCaseExecutor   - END Test Cases/Logout and Close Browser
2025-07-14 15:05:34.593 INFO  c.k.katalon.core.main.TestCaseExecutor   - --------------------
2025-07-14 15:05:34.594 INFO  c.k.katalon.core.main.TestCaseExecutor   - START Test Cases/Logout and Close Browser
2025-07-14 15:05:34.604 DEBUG testcase.Login                           - 1: navigateToUrl("https://sit.ibexpayroll.com:8443/main/identityserver/connect/authorize/callback?client_id=everesthybrid&redirect_uri=https%3A%2F%2Fsit.ibexpayroll.com%3A8443%2Fmain%2Feverest%2FLogin%2FAuthenticate.mr&response_mode=form_post&response_type=code%20id_token%20token&scope=everest%20openid%20user_name&state=OpenIdConnect.AuthenticationProperties%3DdRZzhaafC0ccOymOSmtirm_eB0Dx3k0zrvqs3wUduYvn0tCSAYBS86hPRQsI6M770yZcMtFTLkAy7wLMb9_KHxKopurFyduk7jXz8Ohk28ttDDQ7lEUywjODvBm58rA24jNKBaQEi95WcVU-UvNVCdQGAzbqPwcXAot7JZs4YYMCIDigFmmD0pNTLPcKwMOjm_wv5fGsiEMyIdJrJK8KOhKmGZCjyO9-fWu3hB7EITTISDag35yojr1UCLyXK72dRYZ_XGzZiUxmst9qMkm3wSsFcnAJ3wdKbgkymueISKaisk5manVTBYFQZPIKdK4K&nonce=638881202009239736.M2FkNzQ1ZmYtYmM0NS00MmFiLWJlMjQtZGQxMjQzZjBmMTg4NTI1ODliMDYtNjE2MC00ODJmLTkzYWEtYzEzYzI4NzBiYTY3")
2025-07-14 15:05:34.943 DEBUG testcase.Login                           - 2: click(findTestObject("Object Repository/Page_IBEX Payroll - Home/div_Darryl Stewart                         _2173f8"))
2025-07-14 15:06:06.101 INFO  c.k.k.c.webui.common.WebUiCommonHelper   - Unable to find the element located by 'By.xpath: //div[@id='js-user-menu']/div'. Please recheck the objects properties to make sure the desired element is located. 
2025-07-14 15:06:06.101 INFO  c.k.k.c.webui.common.WebUiCommonHelper   - Unable to find the element located by 'By.xpath: //div[@id='js-user-menu']/div'. Please recheck the objects properties to make sure the desired element is located. 
2025-07-14 15:06:07.112 WARN  c.k.k.c.webui.common.WebUiCommonHelper   - [SELF-HEALING] Failed to find element with id 'Object Repository/Page_IBEX Payroll - Home/div_Darryl Stewart                         _2173f8'. Try using Self-healing.
2025-07-14 15:06:07.443 INFO  c.k.k.c.webui.common.WebUiCommonHelper   - [SELF-HEALING] Failed Locator: '//div[@id='js-user-menu']/div'.
2025-07-14 15:06:07.681 INFO  c.k.k.c.webui.common.WebUiCommonHelper   - [SELF-HEALING] Failed Locator: '(.//*[normalize-space(text()) and normalize-space(.)='close'])[1]/following::div[4]'.
2025-07-14 15:06:07.918 INFO  c.k.k.c.webui.common.WebUiCommonHelper   - [SELF-HEALING] Failed Locator: '(.//*[normalize-space(text()) and normalize-space(.)='Advanced Search'])[1]/following::div[4]'.
2025-07-14 15:06:08.154 INFO  c.k.k.c.webui.common.WebUiCommonHelper   - [SELF-HEALING] Failed Locator: '//div[2]/div/div/div'.
2025-07-14 15:06:08.389 INFO  c.k.k.c.webui.common.WebUiCommonHelper   - [SELF-HEALING] Failed Locator: '//div[(text() = '
                                    
                                        
                                            Darryl Stewart                                        
                                        
                                            Client 100
                                        
                                    
                                    
                                        expand_more
                                    
                                ' or . = '
                                    
                                        
                                            Darryl Stewart                                        
                                        
                                            Client 100
                                        
                                    
                                    
                                        expand_more
                                    
                                ')]'.
2025-07-14 15:06:10.584 INFO  c.k.k.c.webui.common.WebUiCommonHelper   - Unable to find the element located by 'By.xpath: //*[(text() = '
                                    
                                        
                                            Darryl Stewart                                        
                                        
                                            Client 100
                                        
                                    
                                    
                                        expand_more
                                    
                                ' or . = '
                                    
                                        
                                            Darryl Stewart                                        
                                        
                                            Client 100
                                        
                                    
                                    
                                        expand_more
                                    
                                ')]'. Please recheck the objects properties to make sure the desired element is located. 
2025-07-14 15:06:11.757 INFO  c.k.k.c.webui.common.WebUiCommonHelper   - Unable to find the element located by 'By.cssSelector: div.header-menu__button'. Please recheck the objects properties to make sure the desired element is located. 
2025-07-14 15:06:11.994 ERROR c.k.k.core.keyword.internal.KeywordMain  - ❌ Unable to click on object 'Object Repository/Page_IBEX Payroll - Home/div_Darryl Stewart                         _2173f8' (Root cause: com.kms.katalon.core.exception.StepFailedException: Unable to click on object 'Object Repository/Page_IBEX Payroll - Home/div_Darryl Stewart                         _2173f8'
	at com.kms.katalon.core.webui.keyword.internal.WebUIKeywordMain.stepFailed(WebUIKeywordMain.groovy:117)
	at com.kms.katalon.core.webui.keyword.internal.WebUIKeywordMain.runKeyword(WebUIKeywordMain.groovy:43)
	at com.kms.katalon.core.webui.keyword.builtin.ClickKeyword.click(ClickKeyword.groovy:75)
	at com.kms.katalon.core.webui.keyword.builtin.ClickKeyword.execute(ClickKeyword.groovy:40)
	at com.kms.katalon.core.keyword.internal.KeywordExecutor.executeKeywordForPlatform(KeywordExecutor.groovy:74)
	at com.kms.katalon.core.webui.keyword.WebUiBuiltInKeywords.click(WebUiBuiltInKeywords.groovy:696)
	at Logout and Close Browser.run(Logout and Close Browser:22)
	at com.kms.katalon.core.main.ScriptEngine.run(ScriptEngine.java:194)
	at com.kms.katalon.core.main.ScriptEngine.runScriptAsRawText(ScriptEngine.java:119)
	at com.kms.katalon.core.main.TestCaseExecutor.runScript(TestCaseExecutor.java:486)
	at com.kms.katalon.core.main.TestCaseExecutor.doExecute(TestCaseExecutor.java:477)
	at com.kms.katalon.core.main.TestCaseExecutor.processExecutionPhase(TestCaseExecutor.java:456)
	at com.kms.katalon.core.main.TestCaseExecutor.accessMainPhase(TestCaseExecutor.java:448)
	at com.kms.katalon.core.main.TestCaseExecutor.execute(TestCaseExecutor.java:322)
	at com.kms.katalon.core.main.TestCaseExecutor.execute(TestCaseExecutor.java:406)
	at com.kms.katalon.core.common.CommonExecutor.accessTestCaseMainPhase(CommonExecutor.java:71)
	at com.kms.katalon.core.main.TestSuiteExecutor.accessTestSuiteMainPhase(TestSuiteExecutor.java:160)
	at com.kms.katalon.core.main.TestSuiteExecutor.execute(TestSuiteExecutor.java:107)
	at com.kms.katalon.core.main.TestCaseMain.startTestSuite(TestCaseMain.java:186)
	at TempTestSuite1752523475365.run(TempTestSuite1752523475365.groovy:35)
	at java.base/jdk.internal.reflect.NativeMethodAccessorImpl.invoke0(Native Method)
	at java.base/jdk.internal.reflect.NativeMethodAccessorImpl.invoke(NativeMethodAccessorImpl.java:77)
	at java.base/jdk.internal.reflect.DelegatingMethodAccessorImpl.invoke(DelegatingMethodAccessorImpl.java:43)
Caused by: com.kms.katalon.core.webui.exception.WebElementNotFoundException: Web element with id: 'Object Repository/Page_IBEX Payroll - Home/div_Darryl Stewart                         _2173f8' located by '//div[@id='js-user-menu']/div' not found
	at com.kms.katalon.core.webui.common.WebUiCommonHelper.findWebElement(WebUiCommonHelper.java:1457)
	at com.kms.katalon.core.webui.keyword.internal.WebUIAbstractKeyword.findWebElement(WebUIAbstractKeyword.groovy:27)
	at com.kms.katalon.core.webui.keyword.builtin.ClickKeyword$_click_closure1.doCall(ClickKeyword.groovy:66)
	at com.kms.katalon.core.webui.keyword.builtin.ClickKeyword$_click_closure1.call(ClickKeyword.groovy)
	at com.kms.katalon.core.webui.keyword.internal.WebUIKeywordMain.runKeyword(WebUIKeywordMain.groovy:35)
	at com.kms.katalon.core.webui.keyword.builtin.ClickKeyword.click(ClickKeyword.groovy:75)
	at com.kms.katalon.core.webui.keyword.builtin.ClickKeyword.execute(ClickKeyword.groovy:40)
	at com.kms.katalon.core.keyword.internal.KeywordExecutor.executeKeywordForPlatform(KeywordExecutor.groovy:74)
	at com.kms.katalon.core.webui.keyword.WebUiBuiltInKeywords.click(WebUiBuiltInKeywords.groovy:696)
	at Script1752500496249.run(Script1752500496249.groovy:22)
	... 16 more
)
2025-07-14 15:06:11.997 ERROR c.k.katalon.core.main.TestCaseExecutor   - ❌ Test Cases/Logout and Close Browser FAILED.
Reason:
com.kms.katalon.core.exception.StepFailedException: Unable to click on object 'Object Repository/Page_IBEX Payroll - Home/div_Darryl Stewart                         _2173f8'
	at com.kms.katalon.core.webui.keyword.internal.WebUIKeywordMain.stepFailed(WebUIKeywordMain.groovy:117)
	at com.kms.katalon.core.webui.keyword.internal.WebUIKeywordMain.runKeyword(WebUIKeywordMain.groovy:43)
	at com.kms.katalon.core.webui.keyword.builtin.ClickKeyword.click(ClickKeyword.groovy:75)
	at com.kms.katalon.core.webui.keyword.builtin.ClickKeyword.execute(ClickKeyword.groovy:40)
	at com.kms.katalon.core.keyword.internal.KeywordExecutor.executeKeywordForPlatform(KeywordExecutor.groovy:74)
	at com.kms.katalon.core.webui.keyword.WebUiBuiltInKeywords.click(WebUiBuiltInKeywords.groovy:696)
	at Logout and Close Browser.run(Logout and Close Browser:22)
	at com.kms.katalon.core.main.ScriptEngine.run(ScriptEngine.java:194)
	at com.kms.katalon.core.main.ScriptEngine.runScriptAsRawText(ScriptEngine.java:119)
	at com.kms.katalon.core.main.TestCaseExecutor.runScript(TestCaseExecutor.java:486)
	at com.kms.katalon.core.main.TestCaseExecutor.doExecute(TestCaseExecutor.java:477)
	at com.kms.katalon.core.main.TestCaseExecutor.processExecutionPhase(TestCaseExecutor.java:456)
	at com.kms.katalon.core.main.TestCaseExecutor.accessMainPhase(TestCaseExecutor.java:448)
	at com.kms.katalon.core.main.TestCaseExecutor.execute(TestCaseExecutor.java:322)
	at com.kms.katalon.core.main.TestCaseExecutor.execute(TestCaseExecutor.java:406)
	at com.kms.katalon.core.common.CommonExecutor.accessTestCaseMainPhase(CommonExecutor.java:71)
	at com.kms.katalon.core.main.TestSuiteExecutor.accessTestSuiteMainPhase(TestSuiteExecutor.java:160)
	at com.kms.katalon.core.main.TestSuiteExecutor.execute(TestSuiteExecutor.java:107)
	at com.kms.katalon.core.main.TestCaseMain.startTestSuite(TestCaseMain.java:186)
	at TempTestSuite1752523475365.run(TempTestSuite1752523475365.groovy:35)
	at java.base/jdk.internal.reflect.NativeMethodAccessorImpl.invoke0(Native Method)
	at java.base/jdk.internal.reflect.NativeMethodAccessorImpl.invoke(NativeMethodAccessorImpl.java:77)
	at java.base/jdk.internal.reflect.DelegatingMethodAccessorImpl.invoke(DelegatingMethodAccessorImpl.java:43)
Caused by: com.kms.katalon.core.webui.exception.WebElementNotFoundException: Web element with id: 'Object Repository/Page_IBEX Payroll - Home/div_Darryl Stewart                         _2173f8' located by '//div[@id='js-user-menu']/div' not found
	at com.kms.katalon.core.webui.common.WebUiCommonHelper.findWebElement(WebUiCommonHelper.java:1457)
	at com.kms.katalon.core.webui.keyword.internal.WebUIAbstractKeyword.findWebElement(WebUIAbstractKeyword.groovy:27)
	at com.kms.katalon.core.webui.keyword.builtin.ClickKeyword$_click_closure1.doCall(ClickKeyword.groovy:66)
	at com.kms.katalon.core.webui.keyword.builtin.ClickKeyword$_click_closure1.call(ClickKeyword.groovy)
	at com.kms.katalon.core.webui.keyword.internal.WebUIKeywordMain.runKeyword(WebUIKeywordMain.groovy:35)
	... 21 more

2025-07-14 15:06:12.000 INFO  c.k.katalon.core.main.TestCaseExecutor   - END Test Cases/Logout and Close Browser
2025-07-14 15:06:12.002 INFO  c.k.katalon.core.main.TestCaseExecutor   - --------------------
2025-07-14 15:06:12.002 INFO  c.k.katalon.core.main.TestCaseExecutor   - START Test Cases/Logout and Close Browser
2025-07-14 15:06:12.014 DEBUG testcase.Login                           - 1: navigateToUrl("https://sit.ibexpayroll.com:8443/main/identityserver/connect/authorize/callback?client_id=everesthybrid&redirect_uri=https%3A%2F%2Fsit.ibexpayroll.com%3A8443%2Fmain%2Feverest%2FLogin%2FAuthenticate.mr&response_mode=form_post&response_type=code%20id_token%20token&scope=everest%20openid%20user_name&state=OpenIdConnect.AuthenticationProperties%3DdRZzhaafC0ccOymOSmtirm_eB0Dx3k0zrvqs3wUduYvn0tCSAYBS86hPRQsI6M770yZcMtFTLkAy7wLMb9_KHxKopurFyduk7jXz8Ohk28ttDDQ7lEUywjODvBm58rA24jNKBaQEi95WcVU-UvNVCdQGAzbqPwcXAot7JZs4YYMCIDigFmmD0pNTLPcKwMOjm_wv5fGsiEMyIdJrJK8KOhKmGZCjyO9-fWu3hB7EITTISDag35yojr1UCLyXK72dRYZ_XGzZiUxmst9qMkm3wSsFcnAJ3wdKbgkymueISKaisk5manVTBYFQZPIKdK4K&nonce=638881202009239736.M2FkNzQ1ZmYtYmM0NS00MmFiLWJlMjQtZGQxMjQzZjBmMTg4NTI1ODliMDYtNjE2MC00ODJmLTkzYWEtYzEzYzI4NzBiYTY3")
2025-07-14 15:06:12.333 DEBUG testcase.Login                           - 2: click(findTestObject("Object Repository/Page_IBEX Payroll - Home/div_Darryl Stewart                         _2173f8"))
